[2026-05-04T21:15:34.394Z] 
========== BẮT ĐẦU CÀO DANH MỤC: https://hita.com.vn/thuong-hieu-thiet-bi-ve-sinh-toto.html ==========
[2026-05-04T21:15:34.395Z] 
--- ĐANG QUÉT TRANG 1 ---
[2026-05-04T21:15:38.124Z] Tìm thấy 353 sản phẩm trên trang 1. Bắt đầu bóc tách...
[2026-05-04T21:15:40.530Z]    [!] Bỏ qua (Thiếu Name hoặc SKU): https://hita.com.vn/dich-vu-lap-dat.html
[2026-05-04T21:15:43.520Z]    [!] Bỏ qua (Thiếu Name hoặc SKU): https://hita.com.vn/thuong-hieu-thiet-bi-ve-sinh-toto.html#
[2026-05-04T21:15:45.502Z]    [!] Bỏ qua (Thiếu Name hoặc SKU): https://hita.com.vn/checkout.html
[2026-05-04T21:15:47.611Z]    [!] Bỏ qua (Thiếu Name hoặc SKU): https://hita.com.vn/kinh-nghiem-hay.html
[2026-05-04T21:15:50.602Z]    [!] Bỏ qua (Thiếu Name hoặc SKU): https://hita.com.vn/thuong-hieu-thiet-bi-ve-sinh-toto.html
[2026-05-04T21:15:53.518Z]    [!] Bỏ qua (Thiếu Name hoặc SKU): https://hita.com.vn/thiet-bi-ve-sinh-inax-97.html
[2026-05-04T21:15:55.805Z]    [!] Bỏ qua (Thiếu Name hoặc SKU): https://hita.com.vn/luxta-204.html
[2026-05-04T21:15:58.008Z]    [!] Bỏ qua (Thiếu Name hoặc SKU): https://hita.com.vn/hita-229.html
[2026-05-04T21:16:00.048Z]    [!] Bỏ qua (Thiếu Name hoặc SKU): https://hita.com.vn/guong-tan-an-vinh-341.html
[2026-05-04T21:16:02.932Z]    [!] Bỏ qua (Thiếu Name hoặc SKU): https://hita.com.vn/thiet-bi-ve-sinh-caesar-383.html
[2026-05-04T21:16:05.109Z]    [!] Bỏ qua (Thiếu Name hoặc SKU): https://hita.com.vn/mitsubishi-cleansui-424.html
[2026-05-04T21:16:07.275Z]    [!] Bỏ qua (Thiếu Name hoặc SKU): https://hita.com.vn/phu-kien-nha-tam-tovashu-441.html
[2026-05-04T21:16:09.224Z]    [!] Bỏ qua (Thiếu Name hoặc SKU): https://hita.com.vn/thiet-bi-ve-sinh-landsign-460.html
[2026-05-04T21:16:11.238Z]    [!] Bỏ qua (Thiếu Name hoặc SKU): https://hita.com.vn/magiclean-586.html
[2026-05-04T21:16:13.513Z]    [!] Bỏ qua (Thiếu Name hoặc SKU): https://hita.com.vn/thiet-bi-dien-panasonic.html
[2026-05-04T21:16:15.563Z]    [!] Bỏ qua (Thiếu Name hoặc SKU): https://hita.com.vn/may-loc-nuoc-unilever-pureit-595.html
[2026-05-04T21:16:17.553Z]    [!] Bỏ qua (Thiếu Name hoặc SKU): https://hita.com.vn/sharp-596.html
[2026-05-04T21:16:19.876Z]    [!] Bỏ qua (Thiếu Name hoặc SKU): https://hita.com.vn/viglacera-597.html
[2026-05-04T21:16:22.169Z]    [!] Bỏ qua (Thiếu Name hoặc SKU): https://hita.com.vn/thiet-bi-dien-nanoco.html
[2026-05-04T21:16:24.314Z]    [!] Bỏ qua (Thiếu Name hoặc SKU): https://hita.com.vn/philips.html
[2026-05-04T21:16:26.749Z]    [!] Bỏ qua (Thiếu Name hoặc SKU): https://hita.com.vn/kanly.html
[2026-05-04T21:16:28.908Z]    [!] Bỏ qua (Thiếu Name hoặc SKU): https://hita.com.vn/foxaaron.html
[2026-05-04T21:16:31.028Z]    [!] Bỏ qua (Thiếu Name hoặc SKU): https://hita.com.vn/schneider.html
[2026-05-04T21:16:33.033Z]    [!] Bỏ qua (Thiếu Name hoặc SKU): https://hita.com.vn/cadivi.html
[2026-05-04T21:16:35.804Z]    [!] Bỏ qua (Thiếu Name hoặc SKU): https://hita.com.vn/american-standard.html
[2026-05-04T21:16:37.936Z]    [!] Bỏ qua (Thiếu Name hoặc SKU): https://hita.com.vn/anfaco.html
[2026-05-04T21:16:40.022Z]    [!] Bỏ qua (Thiếu Name hoặc SKU): https://hita.com.vn/dai-thanh.html
[2026-05-04T21:16:41.996Z]    [!] Bỏ qua (Thiếu Name hoặc SKU): https://hita.com.vn/rheem.html
[2026-05-04T21:16:44.510Z]    [!] Bỏ qua (Thiếu Name hoặc SKU): https://hita.com.vn/karofi.html
[2026-05-04T21:16:46.640Z]    [!] Bỏ qua (Thiếu Name hoặc SKU): https://hita.com.vn/coway.html
[2026-05-04T21:16:48.788Z]    [!] Bỏ qua (Thiếu Name hoặc SKU): https://hita.com.vn/ariston.html
[2026-05-04T21:16:50.945Z]    [!] Bỏ qua (Thiếu Name hoặc SKU): https://hita.com.vn/ferroli.html
[2026-05-04T21:16:52.921Z]    [!] Bỏ qua (Thiếu Name hoặc SKU): https://hita.com.vn/daikin.html
[2026-05-04T21:16:55.108Z]    [!] Bỏ qua (Thiếu Name hoặc SKU): https://hita.com.vn/mowoen.html
[2026-05-04T21:16:57.956Z]    [!] Bỏ qua (Thiếu Name hoặc SKU): https://hita.com.vn/grohe.html
[2026-05-04T21:17:00.125Z]    [!] Bỏ qua (Thiếu Name hoặc SKU): https://hita.com.vn/gls.html
[2026-05-04T21:17:02.589Z]    [!] Bỏ qua (Thiếu Name hoặc SKU): https://hita.com.vn/atmor.html
[2026-05-04T21:17:05.028Z]    [!] Bỏ qua (Thiếu Name hoặc SKU): https://hita.com.vn/moen.html
[2026-05-04T21:17:07.414Z]    [!] Bỏ qua (Thiếu Name hoặc SKU): https://hita.com.vn/cotto.html
[2026-05-04T21:17:09.803Z]    [!] Bỏ qua (Thiếu Name hoặc SKU): https://hita.com.vn/kluger.html
[2026-05-04T21:17:11.876Z]    [!] Bỏ qua (Thiếu Name hoặc SKU): https://hita.com.vn/elica.html
[2026-05-04T21:17:14.036Z]    [!] Bỏ qua (Thiếu Name hoặc SKU): https://hita.com.vn/manhattan.html
[2026-05-04T21:17:16.122Z]    [!] Bỏ qua (Thiếu Name hoặc SKU): https://hita.com.vn/pyramis.html
[2026-05-04T21:17:18.409Z]    [!] Bỏ qua (Thiếu Name hoặc SKU): https://hita.com.vn/esslinger.html
[2026-05-04T21:17:20.880Z]    [!] Bỏ qua (Thiếu Name hoặc SKU): https://hita.com.vn/kaff.html
[2026-05-04T21:17:22.918Z]    [!] Bỏ qua (Thiếu Name hoặc SKU): https://hita.com.vn/samsung.html
[2026-05-04T21:17:25.145Z]    [!] Bỏ qua (Thiếu Name hoặc SKU): https://hita.com.vn/platinum.html
[2026-05-04T21:17:27.394Z]    [!] Bỏ qua (Thiếu Name hoặc SKU): https://hita.com.vn/hansgrohe.html
[2026-05-04T21:17:29.467Z]    [!] Bỏ qua (Thiếu Name hoặc SKU): https://hita.com.vn/duravit.html
[2026-05-04T21:17:32.028Z]    [!] Bỏ qua (Thiếu Name hoặc SKU): https://hita.com.vn/jomoo.html
[2026-05-04T21:17:34.018Z]    [!] Bỏ qua (Thiếu Name hoặc SKU): https://hita.com.vn/plados.html
[2026-05-04T21:17:36.214Z]    [!] Bỏ qua (Thiếu Name hoặc SKU): https://hita.com.vn/thien-thanh.html
[2026-05-04T21:17:38.265Z]    [!] Bỏ qua (Thiếu Name hoặc SKU): https://hita.com.vn/toshiba.html
[2026-05-04T21:17:40.841Z]    [!] Bỏ qua (Thiếu Name hoặc SKU): https://hita.com.vn/bon-cau-253.html
[2026-05-04T21:17:43.295Z]    [!] Bỏ qua (Thiếu Name hoặc SKU): https://hita.com.vn/nap-bon-cau-357.html
[2026-05-04T21:17:45.858Z]    [!] Bỏ qua (Thiếu Name hoặc SKU): https://hita.com.vn/bon-cau-1-khoi-260.html
[2026-05-04T21:17:48.333Z]    [!] Bỏ qua (Thiếu Name hoặc SKU): https://hita.com.vn/bon-cau-2-khoi-261.html
[2026-05-04T21:17:50.695Z]    [!] Bỏ qua (Thiếu Name hoặc SKU): https://hita.com.vn/bon-cau-treo-tuong-262.html
[2026-05-04T21:17:52.776Z]    [!] Bỏ qua (Thiếu Name hoặc SKU): https://hita.com.vn/bon-cau-dat-san.html
[2026-05-04T21:17:54.685Z]    [!] Bỏ qua (Thiếu Name hoặc SKU): https://hita.com.vn/bon-cau-xom.html
[2026-05-04T21:17:57.337Z]    [!] Bỏ qua (Thiếu Name hoặc SKU): https://hita.com.vn/bon-cau-thong-minh-365.html
[2026-05-04T21:17:59.261Z]    [!] Bỏ qua (Thiếu Name hoặc SKU): https://hita.com.vn/bon-cau-2-khoi-landsign-448.html
[2026-05-04T21:18:01.557Z]    [!] Bỏ qua (Thiếu Name hoặc SKU): https://hita.com.vn/phu-kien-bon-cau.html
[2026-05-04T21:18:04.208Z]    [!] Bỏ qua (Thiếu Name hoặc SKU): https://hita.com.vn/bon-cau-toto-178.html
[2026-05-04T21:18:06.916Z]    [!] Bỏ qua (Thiếu Name hoặc SKU): https://hita.com.vn/bon-cau-inax-101.html
[2026-05-04T21:18:09.501Z]    [!] Bỏ qua (Thiếu Name hoặc SKU): https://hita.com.vn/bon-cau-american-standard.html
[2026-05-04T21:18:11.654Z]    [!] Bỏ qua (Thiếu Name hoặc SKU): https://hita.com.vn/bon-cau-atmor.html
[2026-05-04T21:18:14.321Z]    [!] Bỏ qua (Thiếu Name hoặc SKU): https://hita.com.vn/bon-cau-caesar-384.html
[2026-05-04T21:18:16.419Z]    [!] Bỏ qua (Thiếu Name hoặc SKU): https://hita.com.vn/bon-cau-viglacera.html
[2026-05-04T21:18:19.072Z]    [!] Bỏ qua (Thiếu Name hoặc SKU): https://hita.com.vn/bon-cau-nap-rua-co-368.html
[2026-05-04T21:18:21.285Z]    [!] Bỏ qua (Thiếu Name hoặc SKU): https://hita.com.vn/bon-cau-cotto.html
[2026-05-04T21:18:23.548Z]    [!] Bỏ qua (Thiếu Name hoặc SKU): https://hita.com.vn/bon-cau-grohe.html
[2026-05-04T21:18:25.719Z]    [!] Bỏ qua (Thiếu Name hoặc SKU): https://hita.com.vn/nap-rua-co-264.html
[2026-05-04T21:18:27.870Z]    [!] Bỏ qua (Thiếu Name hoặc SKU): https://hita.com.vn/nap-bon-cau-thuong-358.html
[2026-05-04T21:18:30.305Z]    [!] Bỏ qua (Thiếu Name hoặc SKU): https://hita.com.vn/nap-bon-cau-thong-minh-450.html
[2026-05-04T21:18:32.548Z]    [!] Bỏ qua (Thiếu Name hoặc SKU): https://hita.com.vn/nap-bon-cau-thong-minh-toto.html
[2026-05-04T21:18:34.486Z]    [!] Bỏ qua (Thiếu Name hoặc SKU): https://hita.com.vn/nap-rua-co-inax-309.html
[2026-05-04T21:18:36.642Z]    [!] Bỏ qua (Thiếu Name hoặc SKU): https://hita.com.vn/nap-bon-cau-thuong-toto-359.html
[2026-05-04T21:18:38.652Z]    [!] Bỏ qua (Thiếu Name hoặc SKU): https://hita.com.vn/nap-bon-cau-thong-minh-inax.html
[2026-05-04T21:18:40.568Z]    [!] Bỏ qua (Thiếu Name hoặc SKU): https://hita.com.vn/nap-rua-co-toto-203.html
[2026-05-04T21:18:43.090Z]    [!] Bỏ qua (Thiếu Name hoặc SKU): https://hita.com.vn/chau-rua-mat-lavabo-254.html
[2026-05-04T21:18:45.749Z]    [!] Bỏ qua (Thiếu Name hoặc SKU): https://hita.com.vn/voi-lavabo-284.html
[2026-05-04T21:18:48.318Z]    [!] Bỏ qua (Thiếu Name hoặc SKU): https://hita.com.vn/chau-rua-mat-lavabo-dat-ban-266.html
[2026-05-04T21:18:50.479Z]    [!] Bỏ qua (Thiếu Name hoặc SKU): https://hita.com.vn/chau-rua-mat-lavabo-treo-tuong-267.html
[2026-05-04T21:18:53.229Z]    [!] Bỏ qua (Thiếu Name hoặc SKU): https://hita.com.vn/chau-rua-mat-lavabo-am-ban-270.html
[2026-05-04T21:18:55.582Z]    [!] Bỏ qua (Thiếu Name hoặc SKU): https://hita.com.vn/chau-rua-mat-lavabo-duong-vanh-271.html
[2026-05-04T21:18:57.870Z]    [!] Bỏ qua (Thiếu Name hoặc SKU): https://hita.com.vn/chau-rua-mat-lavabo-ban-am-ban-272.html
[2026-05-04T21:19:00.376Z]    [!] Bỏ qua (Thiếu Name hoặc SKU): https://hita.com.vn/chau-rua-mat-lavabo-254.html?t=363
[2026-05-04T21:19:02.630Z]    [!] Bỏ qua (Thiếu Name hoặc SKU): https://hita.com.vn/chau-rua-mat-lavabo-254.html?t=411
[2026-05-04T21:19:05.213Z]    [!] Bỏ qua (Thiếu Name hoặc SKU): https://hita.com.vn/chau-rua-mat-lavabo-254.html?t=364
[2026-05-04T21:19:08.075Z]    [!] Bỏ qua (Thiếu Name hoặc SKU): https://hita.com.vn/chau-rua-mat-lavabo-inax-110.html
[2026-05-04T21:19:10.563Z]    [!] Bỏ qua (Thiếu Name hoặc SKU): https://hita.com.vn/chau-rua-mat-lavabo-toto-91.html
[2026-05-04T21:19:12.945Z]    [!] Bỏ qua (Thiếu Name hoặc SKU): https://hita.com.vn/chau-rua-mat-lavabo-caesar-391.html
[2026-05-04T21:19:15.140Z]    [!] Bỏ qua (Thiếu Name hoặc SKU): https://hita.com.vn/chau-rua-lavabo-cotto.html
[2026-05-04T21:19:17.412Z]    [!] Bỏ qua (Thiếu Name hoặc SKU): https://hita.com.vn/chau-rua-mat-viglacera.html
[2026-05-04T21:19:19.760Z]    [!] Bỏ qua (Thiếu Name hoặc SKU): https://hita.com.vn/chau-rua-lavabo-american-standard.html
[2026-05-04T21:19:21.824Z]    [!] Bỏ qua (Thiếu Name hoặc SKU): https://hita.com.vn/chau-rua-mat-dat-ban-kanly.html
[2026-05-04T21:19:24.073Z]    [!] Bỏ qua (Thiếu Name hoặc SKU): https://hita.com.vn/chau-rua-lavabo-grohe.html
[2026-05-04T21:19:26.148Z]    [!] Bỏ qua (Thiếu Name hoặc SKU): https://hita.com.vn/voi-ho-287.html
[2026-05-04T21:19:28.523Z]    [!] Bỏ qua (Thiếu Name hoặc SKU): https://hita.com.vn/voi-chau-toto-141.html
[2026-05-04T21:19:30.915Z]    [!] Bỏ qua (Thiếu Name hoặc SKU): https://hita.com.vn/voi-lavabo-inax-214.html
[2026-05-04T21:19:33.059Z]    [!] Bỏ qua (Thiếu Name hoặc SKU): https://hita.com.vn/voi-lavabo-luxta-206.html
[2026-05-04T21:19:35.516Z]    [!] Bỏ qua (Thiếu Name hoặc SKU): https://hita.com.vn/voi-lavabo-caesar-411.html
[2026-05-04T21:19:37.749Z]    [!] Bỏ qua (Thiếu Name hoặc SKU): https://hita.com.vn/phu-kien-voi-chau.html
[2026-05-04T21:19:40.330Z]    [!] Bỏ qua (Thiếu Name hoặc SKU): https://hita.com.vn/voi-lavabo-lanh.html
[2026-05-04T21:19:42.859Z]    [!] Bỏ qua (Thiếu Name hoặc SKU): https://hita.com.vn/voi-lavabo-nong-lanh.html
[2026-05-04T21:19:45.463Z]    [!] Bỏ qua (Thiếu Name hoặc SKU): https://hita.com.vn/voi-chau-cam-ung.html
[2026-05-04T21:19:47.603Z]    [!] Bỏ qua (Thiếu Name hoặc SKU): https://hita.com.vn/voi-lavabo-ban-tu-dong.html
[2026-05-04T21:19:49.704Z]    [!] Bỏ qua (Thiếu Name hoặc SKU): https://hita.com.vn/voi-lavabo-viglacera.html
[2026-05-04T21:19:52.109Z]    [!] Bỏ qua (Thiếu Name hoặc SKU): https://hita.com.vn/voi-lavabo-american-standard.html
[2026-05-04T21:19:54.818Z]    [!] Bỏ qua (Thiếu Name hoặc SKU): https://hita.com.vn/sen-tam-289.html
[2026-05-04T21:19:57.264Z]    [!] Bỏ qua (Thiếu Name hoặc SKU): https://hita.com.vn/bon-tam-256.html
[2026-05-04T21:19:59.692Z]    [!] Bỏ qua (Thiếu Name hoặc SKU): https://hita.com.vn/tay-sen-tam-286.html
[2026-05-04T21:20:02.178Z]    [!] Bỏ qua (Thiếu Name hoặc SKU): https://hita.com.vn/cu-sen-tam.html
[2026-05-04T21:20:04.638Z]    [!] Bỏ qua (Thiếu Name hoặc SKU): https://hita.com.vn/sen-cay-285.html
[2026-05-04T21:20:07.166Z]    [!] Bỏ qua (Thiếu Name hoặc SKU): https://hita.com.vn/sen-tam-am-tuong-288.html
[2026-05-04T21:20:09.311Z]    [!] Bỏ qua (Thiếu Name hoặc SKU): https://hita.com.vn/phu-kien-sen-voi-291.html
[2026-05-04T21:20:11.978Z]    [!] Bỏ qua (Thiếu Name hoặc SKU): https://hita.com.vn/sen-tam-nhiet-do.html
[2026-05-04T21:20:14.544Z]    [!] Bỏ qua (Thiếu Name hoặc SKU): https://hita.com.vn/sen-tam-nhat-toto-143.html
[2026-05-04T21:20:17.167Z]    [!] Bỏ qua (Thiếu Name hoặc SKU): https://hita.com.vn/sen-tam-inax-216.html
[2026-05-04T21:20:19.720Z]    [!] Bỏ qua (Thiếu Name hoặc SKU): https://hita.com.vn/voi-sen-tam-american-standard.html
[2026-05-04T21:20:21.863Z]    [!] Bỏ qua (Thiếu Name hoặc SKU): https://hita.com.vn/voi-sen-tam-luxta-211.html
[2026-05-04T21:20:24.388Z]    [!] Bỏ qua (Thiếu Name hoặc SKU): https://hita.com.vn/sen-tam-grohe.html
[2026-05-04T21:20:26.498Z]    [!] Bỏ qua (Thiếu Name hoặc SKU): https://hita.com.vn/voi-sen-tam-nong-lanh-cotto.html
[2026-05-04T21:20:28.795Z]    [!] Bỏ qua (Thiếu Name hoặc SKU): https://hita.com.vn/voi-bon-tam-322.html
[2026-05-04T21:20:31.023Z]    [!] Bỏ qua (Thiếu Name hoặc SKU): https://hita.com.vn/bon-tam-xay.html
[2026-05-04T21:20:33.274Z]    [!] Bỏ qua (Thiếu Name hoặc SKU): https://hita.com.vn/bon-tam-chan-yem.html
[2026-05-04T21:20:35.657Z]    [!] Bỏ qua (Thiếu Name hoặc SKU): https://hita.com.vn/bon-tam-massage.html
[2026-05-04T21:20:37.914Z]    [!] Bỏ qua (Thiếu Name hoặc SKU): https://hita.com.vn/bon-tam-goc.html
[2026-05-04T21:20:40.405Z]    [!] Bỏ qua (Thiếu Name hoặc SKU): https://hita.com.vn/bon-tam-toto-150.html
[2026-05-04T21:20:42.649Z]    [!] Bỏ qua (Thiếu Name hoặc SKU): https://hita.com.vn/bon-tam-inax-108.html
[2026-05-04T21:20:44.893Z]    [!] Bỏ qua (Thiếu Name hoặc SKU): https://hita.com.vn/bon-tam-caesar-401.html
[2026-05-04T21:20:47.251Z]    [!] Bỏ qua (Thiếu Name hoặc SKU): https://hita.com.vn/bon-tam-1m5.html
[2026-05-04T21:20:49.573Z]    [!] Bỏ qua (Thiếu Name hoặc SKU): https://hita.com.vn/bon-tam-1m7.html
[2026-05-04T21:20:51.784Z]    [!] Bỏ qua (Thiếu Name hoặc SKU): https://hita.com.vn/phu-kien-bon-tam.html
[2026-05-04T21:20:54.014Z]    [!] Bỏ qua (Thiếu Name hoặc SKU): https://hita.com.vn/bon-tam-dat-san.html
[2026-05-04T21:20:55.906Z]    [!] Bỏ qua (Thiếu Name hoặc SKU): https://hita.com.vn/phong-tam-massage-xong-hoi.html
[2026-05-04T21:20:57.818Z]    [!] Bỏ qua (Thiếu Name hoặc SKU): https://hita.com.vn/bon-tam-dung.html
[2026-05-04T21:20:59.774Z]    [!] Bỏ qua (Thiếu Name hoặc SKU): https://hita.com.vn/ghe-phong-tam.html
[2026-05-04T21:21:01.772Z]    [!] Bỏ qua (Thiếu Name hoặc SKU): https://hita.com.vn/de-va-xa-phong-tam.html
[2026-05-04T21:21:03.778Z]    [!] Bỏ qua (Thiếu Name hoặc SKU): https://hita.com.vn/bon-tam-1m2.html
[2026-05-04T21:21:05.901Z]    [!] Bỏ qua (Thiếu Name hoặc SKU): https://hita.com.vn/bon-tam-1m3.html
[2026-05-04T21:21:07.898Z]    [!] Bỏ qua (Thiếu Name hoặc SKU): https://hita.com.vn/bon-tam-1m4.html
[2026-05-04T21:21:10.281Z]    [!] Bỏ qua (Thiếu Name hoặc SKU): https://hita.com.vn/bon-tam-1m6.html
[2026-05-04T21:21:12.518Z]    [!] Bỏ qua (Thiếu Name hoặc SKU): https://hita.com.vn/bon-tieu-255.html
[2026-05-04T21:21:14.872Z]    [!] Bỏ qua (Thiếu Name hoặc SKU): https://hita.com.vn/khu-cong-cong-259.html
[2026-05-04T21:21:17.111Z]    [!] Bỏ qua (Thiếu Name hoặc SKU): https://hita.com.vn/bon-tieu-nam-274.html
[2026-05-04T21:21:19.361Z]    [!] Bỏ qua (Thiếu Name hoặc SKU): https://hita.com.vn/van-xa-tieu-276.html
[2026-05-04T21:21:21.403Z]    [!] Bỏ qua (Thiếu Name hoặc SKU): https://hita.com.vn/vach-ngan-tieu-nam-350.html
[2026-05-04T21:21:23.264Z]    [!] Bỏ qua (Thiếu Name hoặc SKU): https://hita.com.vn/bon-tieu-nu.html
[2026-05-04T21:21:25.397Z]    [!] Bỏ qua (Thiếu Name hoặc SKU): https://hita.com.vn/phu-kien-bon-tieu.html
[2026-05-04T21:21:27.705Z]    [!] Bỏ qua (Thiếu Name hoặc SKU): https://hita.com.vn/bon-tieu-nam-inax-118.html
[2026-05-04T21:21:29.964Z]    [!] Bỏ qua (Thiếu Name hoặc SKU): https://hita.com.vn/bon-tieu-nam-caesar-397.html
[2026-05-04T21:21:31.857Z]    [!] Bỏ qua (Thiếu Name hoặc SKU): https://hita.com.vn/bon-tieu-nam-atmor.html
[2026-05-04T21:21:33.932Z]    [!] Bỏ qua (Thiếu Name hoặc SKU): https://hita.com.vn/bon-tieu-nam-cotto.html
[2026-05-04T21:21:36.754Z]    [!] Bỏ qua (Thiếu Name hoặc SKU): https://hita.com.vn/bon-tieu-nam-toto-170.html
[2026-05-04T21:21:39.295Z]    [!] Bỏ qua (Thiếu Name hoặc SKU): https://hita.com.vn/hop-xit-xa-phong-305.html
[2026-05-04T21:21:41.098Z]    [!] Bỏ qua (Thiếu Name hoặc SKU): https://hita.com.vn/chau-dich-vu-306.html
[2026-05-04T21:21:43.254Z]    [!] Bỏ qua (Thiếu Name hoặc SKU): https://hita.com.vn/thanh-tay-vin.html
[2026-05-04T21:21:45.048Z]    [!] Bỏ qua (Thiếu Name hoặc SKU): https://hita.com.vn/may-xit-con.html
[2026-05-04T21:21:46.809Z]    [!] Bỏ qua (Thiếu Name hoặc SKU): https://hita.com.vn/may-xit-nuoc-hoa.html
[2026-05-04T21:21:49.472Z]    [!] Bỏ qua (Thiếu Name hoặc SKU): https://hita.com.vn/phu-kien-nha-tam-258.html
[2026-05-04T21:21:51.889Z]    [!] Bỏ qua (Thiếu Name hoặc SKU): https://hita.com.vn/tu-ke-nha-tam.html
[2026-05-04T21:21:54.225Z]    [!] Bỏ qua (Thiếu Name hoặc SKU): https://hita.com.vn/may-say-tay-294.html
[2026-05-04T21:21:56.594Z]    [!] Bỏ qua (Thiếu Name hoặc SKU): https://hita.com.vn/lo-hop-dung-giay-ve-sinh-296.html
[2026-05-04T21:21:59.034Z]    [!] Bỏ qua (Thiếu Name hoặc SKU): https://hita.com.vn/guong-soi-phong-tam-300.html
[2026-05-04T21:22:01.441Z]    [!] Bỏ qua (Thiếu Name hoặc SKU): https://hita.com.vn/ke-kinh-302.html
[2026-05-04T21:22:03.546Z]    [!] Bỏ qua (Thiếu Name hoặc SKU): https://hita.com.vn/voi-xit-ve-sinh-301.html
[2026-05-04T21:22:05.568Z]    [!] Bỏ qua (Thiếu Name hoặc SKU): https://hita.com.vn/co-cau.html
[2026-05-04T21:22:07.882Z]    [!] Bỏ qua (Thiếu Name hoặc SKU): https://hita.com.vn/thanh-treo-khan-292.html
[2026-05-04T21:22:10.028Z]    [!] Bỏ qua (Thiếu Name hoặc SKU): https://hita.com.vn/vong-treo-khan-295.html
[2026-05-04T21:22:12.147Z]    [!] Bỏ qua (Thiếu Name hoặc SKU): https://hita.com.vn/moc-ao-297.html
[2026-05-04T21:22:14.208Z]    [!] Bỏ qua (Thiếu Name hoặc SKU): https://hita.com.vn/pheu-thoat-san-293.html
[2026-05-04T21:22:16.447Z]    [!] Bỏ qua (Thiếu Name hoặc SKU): https://hita.com.vn/ke-dung-xa-phong-298.html
[2026-05-04T21:22:18.505Z]    [!] Bỏ qua (Thiếu Name hoặc SKU): https://hita.com.vn/lo-ban-chai-299.html
[2026-05-04T21:22:20.587Z]    [!] Bỏ qua (Thiếu Name hoặc SKU): https://hita.com.vn/nhung-phu-kien-khac-303.html
[2026-05-04T21:22:22.817Z]    [!] Bỏ qua (Thiếu Name hoặc SKU): https://hita.com.vn/bo-phu-kien.html
[2026-05-04T21:22:25.509Z]    [!] Bỏ qua (Thiếu Name hoặc SKU): https://hita.com.vn/tu-chau-cabinet-273.html
[2026-05-04T21:22:27.553Z]    [!] Bỏ qua (Thiếu Name hoặc SKU): https://hita.com.vn/bo-tu-chau-tu-guong.html
[2026-05-04T21:22:29.556Z]    [!] Bỏ qua (Thiếu Name hoặc SKU): https://hita.com.vn/ke-lavabo.html
[2026-05-04T21:22:31.757Z]    [!] Bỏ qua (Thiếu Name hoặc SKU): https://hita.com.vn/tu-guong.html
[2026-05-04T21:22:34.218Z]    [!] Bỏ qua (Thiếu Name hoặc SKU): https://hita.com.vn/thiet-bi-loc-nuoc-594.html
[2026-05-04T21:22:36.240Z]    [!] Bỏ qua (Thiếu Name hoặc SKU): https://hita.com.vn/bon-chua-nuoc.html
[2026-05-04T21:22:38.624Z]    [!] Bỏ qua (Thiếu Name hoặc SKU): https://hita.com.vn/thiet-bi-loc-nuoc-594.html?b=mitsubishi-cleansui
[2026-05-04T21:22:40.883Z]    [!] Bỏ qua (Thiếu Name hoặc SKU): https://hita.com.vn/thiet-bi-loc-nuoc-594.html?b=unilever-pureit
[2026-05-04T21:22:42.677Z]    [!] Bỏ qua (Thiếu Name hoặc SKU): https://hita.com.vn/may-loc-nuoc-philips.html
[2026-05-04T21:22:44.957Z]    [!] Bỏ qua (Thiếu Name hoặc SKU): https://hita.com.vn/thiet-bi-loc-nuoc-594.html?b=coway
[2026-05-04T21:22:47.448Z]    [!] Bỏ qua (Thiếu Name hoặc SKU): https://hita.com.vn/thiet-bi-loc-nuoc-594.html?b=karofi
[2026-05-04T21:22:49.553Z]    [!] Bỏ qua (Thiếu Name hoặc SKU): https://hita.com.vn/thiet-bi-loc-nuoc-594.html?t=139
[2026-05-04T21:22:51.384Z]    [!] Bỏ qua (Thiếu Name hoặc SKU): https://hita.com.vn/thiet-bi-loc-nuoc-594.html?t=140
[2026-05-04T21:22:53.084Z]    [!] Bỏ qua (Thiếu Name hoặc SKU): https://hita.com.vn/thiet-bi-loc-nuoc-594.html?t=141
[2026-05-04T21:22:55.112Z]    [!] Bỏ qua (Thiếu Name hoặc SKU): https://hita.com.vn/thiet-bi-loc-nuoc-594.html?t=142
[2026-05-04T21:22:57.149Z]    [!] Bỏ qua (Thiếu Name hoặc SKU): https://hita.com.vn/thiet-bi-loc-nuoc-594.html?t=152
[2026-05-04T21:22:58.919Z]    [!] Bỏ qua (Thiếu Name hoặc SKU): https://hita.com.vn/thiet-bi-loc-nuoc-594.html?t=139,144
[2026-05-04T21:23:00.766Z]    [!] Bỏ qua (Thiếu Name hoặc SKU): https://hita.com.vn/thiet-bi-loc-nuoc-594.html?t=149,139
[2026-05-04T21:23:02.784Z]    [!] Bỏ qua (Thiếu Name hoặc SKU): https://hita.com.vn/thiet-bi-loc-nuoc-594.html?t=150
[2026-05-04T21:23:04.829Z]    [!] Bỏ qua (Thiếu Name hoặc SKU): https://hita.com.vn/bon-nuoc-inox.html
[2026-05-04T21:23:06.731Z]    [!] Bỏ qua (Thiếu Name hoặc SKU): https://hita.com.vn/bon-nuoc-nhua.html
[2026-05-04T21:23:09.336Z]    [!] Bỏ qua (Thiếu Name hoặc SKU): https://hita.com.vn/thiet-bi-bep-581.html
[2026-05-04T21:23:11.559Z]    [!] Bỏ qua (Thiếu Name hoặc SKU): https://hita.com.vn/dien-gia-dung-590.html
[2026-05-04T21:23:14.020Z]    [!] Bỏ qua (Thiếu Name hoặc SKU): https://hita.com.vn/chau-rua-chen-348.html
[2026-05-04T21:23:16.509Z]    [!] Bỏ qua (Thiếu Name hoặc SKU): https://hita.com.vn/voi-rua-chen-bat-283.html
[2026-05-04T21:23:18.343Z]    [!] Bỏ qua (Thiếu Name hoặc SKU): https://hita.com.vn/ke-song-chen-633.html
[2026-05-04T21:23:20.293Z]    [!] Bỏ qua (Thiếu Name hoặc SKU): https://hita.com.vn/ke-gia-vi.html
[2026-05-04T21:23:22.068Z]    [!] Bỏ qua (Thiếu Name hoặc SKU): https://hita.com.vn/ong-dua.html
[2026-05-04T21:23:24.356Z]    [!] Bỏ qua (Thiếu Name hoặc SKU): https://hita.com.vn/bep-dien.html
[2026-05-04T21:23:26.140Z]    [!] Bỏ qua (Thiếu Name hoặc SKU): https://hita.com.vn/lo-hap.html
[2026-05-04T21:23:28.377Z]    [!] Bỏ qua (Thiếu Name hoặc SKU): https://hita.com.vn/lo-nuong.html
[2026-05-04T21:23:30.218Z]    [!] Bỏ qua (Thiếu Name hoặc SKU): https://hita.com.vn/lo-vi-song.html
[2026-05-04T21:23:32.291Z]    [!] Bỏ qua (Thiếu Name hoặc SKU): https://hita.com.vn/may-hut-mui.html
[2026-05-04T21:23:34.520Z]    [!] Bỏ qua (Thiếu Name hoặc SKU): https://hita.com.vn/may-rua-chen.html
[2026-05-04T21:23:36.370Z]    [!] Bỏ qua (Thiếu Name hoặc SKU): https://hita.com.vn/may-loc-khong-khi-589.html
[2026-05-04T21:23:38.521Z]    [!] Bỏ qua (Thiếu Name hoặc SKU): https://hita.com.vn/quat-tran.html
[2026-05-04T21:23:40.435Z]    [!] Bỏ qua (Thiếu Name hoặc SKU): https://hita.com.vn/quat-treo-tuong.html
[2026-05-04T21:23:42.326Z]    [!] Bỏ qua (Thiếu Name hoặc SKU): https://hita.com.vn/quat-dung.html
[2026-05-04T21:23:44.334Z]    [!] Bỏ qua (Thiếu Name hoặc SKU): https://hita.com.vn/may-bom-nuoc.html
[2026-05-04T21:23:46.152Z]    [!] Bỏ qua (Thiếu Name hoặc SKU): https://hita.com.vn/quat-sac.html
[2026-05-04T21:23:48.260Z]    [!] Bỏ qua (Thiếu Name hoặc SKU): https://hita.com.vn/may-nuoc-nong-truc-tiep.html
[2026-05-04T21:23:50.322Z]    [!] Bỏ qua (Thiếu Name hoặc SKU): https://hita.com.vn/may-nuoc-nong-gian-tiep.html
[2026-05-04T21:23:52.208Z]    [!] Bỏ qua (Thiếu Name hoặc SKU): https://hita.com.vn/may-nuoc-nong-nang-luong-mat-troi.html
[2026-05-04T21:23:54.392Z]    [!] Bỏ qua (Thiếu Name hoặc SKU): https://hita.com.vn/den-led.html
[2026-05-04T21:23:56.225Z]    [!] Bỏ qua (Thiếu Name hoặc SKU): https://hita.com.vn/den-led-trang-tri.html
[2026-05-04T21:23:58.330Z]    [!] Bỏ qua (Thiếu Name hoặc SKU): https://hita.com.vn/den-led-am-tran.html
[2026-05-04T21:24:00.352Z]    [!] Bỏ qua (Thiếu Name hoặc SKU): https://hita.com.vn/den-led-op-tran.html
[2026-05-04T21:24:02.135Z]    [!] Bỏ qua (Thiếu Name hoặc SKU): https://hita.com.vn/den-led-panel.html
[2026-05-04T21:24:04.221Z]    [!] Bỏ qua (Thiếu Name hoặc SKU): https://hita.com.vn/den-led-ban-nguyet.html
[2026-05-04T21:24:06.250Z]    [!] Bỏ qua (Thiếu Name hoặc SKU): https://hita.com.vn/den-led-tuyp.html
[2026-05-04T21:24:08.105Z]    [!] Bỏ qua (Thiếu Name hoặc SKU): https://hita.com.vn/bong-led-bulb.html
[2026-05-04T21:24:10.108Z]    [!] Bỏ qua (Thiếu Name hoặc SKU): https://hita.com.vn/den-pha-led.html
[2026-05-04T21:24:12.093Z]    [!] Bỏ qua (Thiếu Name hoặc SKU): https://hita.com.vn/den-led-de-ban.html
[2026-05-04T21:24:13.950Z]    [!] Bỏ qua (Thiếu Name hoặc SKU): https://hita.com.vn/bong-den-led.html
[2026-05-04T21:24:16.052Z]    [!] Bỏ qua (Thiếu Name hoặc SKU): https://hita.com.vn/den-led-panasonic.html
[2026-05-04T21:24:18.167Z]    [!] Bỏ qua (Thiếu Name hoặc SKU): https://hita.com.vn/den-led-philips.html
[2026-05-04T21:24:20.265Z]    [!] Bỏ qua (Thiếu Name hoặc SKU): https://hita.com.vn/den-led-nanoco.html
[2026-05-04T21:24:22.270Z]    [!] Bỏ qua (Thiếu Name hoặc SKU): https://hita.com.vn/den-led-chieu-diem.html
[2026-05-04T21:24:24.127Z]    [!] Bỏ qua (Thiếu Name hoặc SKU): https://hita.com.vn/den-tran.html
[2026-05-04T21:24:25.926Z]    [!] Bỏ qua (Thiếu Name hoặc SKU): https://hita.com.vn/den-tha.html
[2026-05-04T21:24:27.973Z]    [!] Bỏ qua (Thiếu Name hoặc SKU): https://hita.com.vn/den-gan-tuong.html
[2026-05-04T21:24:30.036Z]    [!] Bỏ qua (Thiếu Name hoặc SKU): https://hita.com.vn/den-led-day.html
[2026-05-04T21:24:32.079Z]    [!] Bỏ qua (Thiếu Name hoặc SKU): https://hita.com.vn/den-san-vuon-loi-di.html
[2026-05-04T21:24:34.120Z]    [!] Bỏ qua (Thiếu Name hoặc SKU): https://hita.com.vn/den-led-trang-tri-philips.html
[2026-05-04T21:24:36.177Z]    [!] Bỏ qua (Thiếu Name hoặc SKU): https://hita.com.vn/den-led-trang-tri-panasonic.html
[2026-05-04T21:24:38.254Z]    [!] Bỏ qua (Thiếu Name hoặc SKU): https://hita.com.vn/den-led-trang-tri-nanoco.html
[2026-05-04T21:24:40.311Z]    [!] Bỏ qua (Thiếu Name hoặc SKU): https://hita.com.vn/cong-tac-o-cam.html
[2026-05-04T21:24:42.334Z]    [!] Bỏ qua (Thiếu Name hoặc SKU): https://hita.com.vn/tu-dien.html
[2026-05-04T21:24:44.379Z]    [!] Bỏ qua (Thiếu Name hoặc SKU): https://hita.com.vn/o-cam-dien.html
[2026-05-04T21:24:46.419Z]    [!] Bỏ qua (Thiếu Name hoặc SKU): https://hita.com.vn/cong-tac-dien.html
[2026-05-04T21:24:48.420Z]    [!] Bỏ qua (Thiếu Name hoặc SKU): https://hita.com.vn/mat-che.html
[2026-05-04T21:24:50.442Z]    [!] Bỏ qua (Thiếu Name hoặc SKU): https://hita.com.vn/chuong-dien.html
[2026-05-04T21:24:52.432Z]    [!] Bỏ qua (Thiếu Name hoặc SKU): https://hita.com.vn/dimmer.html
[2026-05-04T21:24:54.415Z]    [!] Bỏ qua (Thiếu Name hoặc SKU): https://hita.com.vn/o-cam-co-day.html
[2026-05-04T21:24:56.416Z]    [!] Bỏ qua (Thiếu Name hoặc SKU): https://hita.com.vn/cong-tac-o-cam-phu-kien-khac.html
[2026-05-04T21:24:58.496Z]    [!] Bỏ qua (Thiếu Name hoặc SKU): https://hita.com.vn/cong-tac-o-cam.html?b=schneider
[2026-05-04T21:25:00.539Z]    [!] Bỏ qua (Thiếu Name hoặc SKU): https://hita.com.vn/cong-tac-o-cam-nanoco.html
[2026-05-04T21:25:02.665Z]    [!] Bỏ qua (Thiếu Name hoặc SKU): https://hita.com.vn/cong-tac-o-cam-panasonic.html
[2026-05-04T21:25:04.525Z]    [!] Bỏ qua (Thiếu Name hoặc SKU): https://hita.com.vn/tu-dien-panasonic.html
[2026-05-04T21:25:06.374Z]    [!] Bỏ qua (Thiếu Name hoặc SKU): https://hita.com.vn/tu-dien-nanoco.html
[2026-05-04T21:25:08.368Z]    [!] Bỏ qua (Thiếu Name hoặc SKU): https://hita.com.vn/tu-dien-schneider.html
[2026-05-04T21:25:10.404Z]    [!] Bỏ qua (Thiếu Name hoặc SKU): https://hita.com.vn/thiet-bi-dong-cat.html
[2026-05-04T21:25:12.236Z]    [!] Bỏ qua (Thiếu Name hoặc SKU): https://hita.com.vn/day-cap-dien.html
[2026-05-04T21:25:14.497Z]    [!] Bỏ qua (Thiếu Name hoặc SKU): https://hita.com.vn/thiet-bi-dong-cat.html?t=275
[2026-05-04T21:25:16.413Z]    [!] Bỏ qua (Thiếu Name hoặc SKU): https://hita.com.vn/thiet-bi-dong-cat.html?t=279
[2026-05-04T21:25:18.469Z]    [!] Bỏ qua (Thiếu Name hoặc SKU): https://hita.com.vn/thiet-bi-dong-cat.html?t=276
[2026-05-04T21:25:20.409Z]    [!] Bỏ qua (Thiếu Name hoặc SKU): https://hita.com.vn/thiet-bi-dong-cat.html?t=277
[2026-05-04T21:25:22.282Z]    [!] Bỏ qua (Thiếu Name hoặc SKU): https://hita.com.vn/thiet-bi-dong-cat.html?t=278
[2026-05-04T21:25:24.208Z]    [!] Bỏ qua (Thiếu Name hoặc SKU): https://hita.com.vn/thiet-bi-dong-cat.html?t=280
[2026-05-04T21:25:26.109Z]    [!] Bỏ qua (Thiếu Name hoặc SKU): https://hita.com.vn/thiet-bi-dong-cat.html?t=1406
[2026-05-04T21:25:28.152Z]    [!] Bỏ qua (Thiếu Name hoặc SKU): https://hita.com.vn/thiet-bi-dong-cat-schneider.html
[2026-05-04T21:25:30.213Z]    [!] Bỏ qua (Thiếu Name hoặc SKU): https://hita.com.vn/thiet-bi-dong-cat.html?b=panasonic
[2026-05-04T21:25:32.285Z]    [!] Bỏ qua (Thiếu Name hoặc SKU): https://hita.com.vn/day-dien-dan-dung.html
[2026-05-04T21:25:34.130Z]    [!] Bỏ qua (Thiếu Name hoặc SKU): https://hita.com.vn/cap-dieu-khien.html
[2026-05-04T21:25:36.078Z]    [!] Bỏ qua (Thiếu Name hoặc SKU): https://hita.com.vn/day-va-cap-dien-luc-ha-the.html
[2026-05-04T21:25:38.072Z]    [!] Bỏ qua (Thiếu Name hoặc SKU): https://hita.com.vn/gach.html
[2026-05-04T21:25:39.951Z]    [!] Bỏ qua (Thiếu Name hoặc SKU): https://hita.com.vn/cham-soc-nha-cua-585.html
[2026-05-04T21:25:41.767Z]    [!] Bỏ qua (Thiếu Name hoặc SKU): https://hita.com.vn/gach-ho-boi.html
[2026-05-04T21:25:43.629Z]    [!] Bỏ qua (Thiếu Name hoặc SKU): https://hita.com.vn/ecocarat.html
[2026-05-04T21:25:45.478Z]    [!] Bỏ qua (Thiếu Name hoặc SKU): https://hita.com.vn/gach-op-tuong.html
[2026-05-04T21:25:47.209Z]    [!] Bỏ qua (Thiếu Name hoặc SKU): https://hita.com.vn/tay-rua-nha-cua.html
[2026-05-04T21:25:48.982Z]    [!] Bỏ qua (Thiếu Name hoặc SKU): https://hita.com.vn/bo-lau-san.html
[2026-05-04T21:25:50.978Z]    [!] Bỏ qua (Thiếu Name hoặc SKU): https://hita.com.vn/phu-kien-sen-voi-toto-320.html
[2026-05-04T21:25:53.102Z]    [!] Bỏ qua (Thiếu Name hoặc SKU): https://hita.com.vn/phu-kien-bon-cau-toto.html
[2026-05-04T21:25:55.464Z]    [!] Bỏ qua (Thiếu Name hoặc SKU): https://hita.com.vn/phu-kien-voi-chau-toto.html
[2026-05-04T21:25:57.487Z]    [!] Bỏ qua (Thiếu Name hoặc SKU): https://hita.com.vn/dien-gia-dung-toto.html
[2026-05-04T21:25:59.572Z]    [!] Bỏ qua (Thiếu Name hoặc SKU): https://hita.com.vn/thiet-bi-bep-toto.html
[2026-05-04T21:26:01.679Z]    [!] Bỏ qua (Thiếu Name hoặc SKU): https://hita.com.vn/nap-bon-cau-toto-381.html
[2026-05-04T21:26:04.059Z]    [!] Bỏ qua (Thiếu Name hoặc SKU): https://hita.com.vn/voi-bon-tam-toto.html
[2026-05-04T21:26:06.602Z]    [!] Bỏ qua (Thiếu Name hoặc SKU): https://hita.com.vn/sen-tam-am-tuong-toto.html
[2026-05-04T21:26:08.577Z]    [!] Bỏ qua (Thiếu Name hoặc SKU): https://hita.com.vn/voi-ho-toto-252.html
[2026-05-04T21:26:10.996Z]    [!] Bỏ qua (Thiếu Name hoặc SKU): https://hita.com.vn/khu-cong-cong-toto-151.html
[2026-05-04T21:26:13.567Z]    [!] Bỏ qua (Thiếu Name hoặc SKU): https://hita.com.vn/phu-kien-nha-tam-toto-352.html
[2026-05-04T21:26:16.087Z]    [!] Bỏ qua (Thiếu Name hoặc SKU): https://hita.com.vn/bon-tieu-toto-194.html
[2026-05-04T21:26:18.106Z]    [!] Bỏ qua (Thiếu Name hoặc SKU): https://hita.com.vn/phu-kien-bon-tam-toto.html
[2026-05-04T21:26:21.391Z]    [X] Lỗi khi cào https://hita.com.vn/nap-bon-cau-thong-minh-washlet-c2-toto-tcf23710aaa-12911.html: 
Invalid `prisma.products.create()` invocation in
/Users/m-ac/Projects/dongphugia/crawl_tbvs_advanced.js:57:54

  54 // Lưu vào Database (Draft mode)
  55 const existing = await prisma.products.findFirst({ where: { sku } });
  56 if (!existing) {
→ 57     const newProduct = await prisma.products.create(
Error occurred during query execution:
ConnectorError(ConnectorError { user_facing_error: None, kind: QueryError(PostgresError { code: "22003", message: "numeric field overflow", severity: "ERROR", detail: Some("A field with precision 15, scale 2 must round to an absolute value less than 10^13."), column: None, hint: None }), transient: false })
[2026-05-04T21:26:23.340Z]    [X] Lỗi khi cào https://hita.com.vn/nap-bon-cau-thong-minh-washlet-c2-toto-tcf23710aaa-12911.html#rating-scroll: 
Invalid `prisma.products.create()` invocation in
/Users/m-ac/Projects/dongphugia/crawl_tbvs_advanced.js:57:54

  54 // Lưu vào Database (Draft mode)
  55 const existing = await prisma.products.findFirst({ where: { sku } });
  56 if (!existing) {
→ 57     const newProduct = await prisma.products.create(
Error occurred during query execution:
ConnectorError(ConnectorError { user_facing_error: None, kind: QueryError(PostgresError { code: "22003", message: "numeric field overflow", severity: "ERROR", detail: Some("A field with precision 15, scale 2 must round to an absolute value less than 10^13."), column: None, hint: None }), transient: false })
[2026-05-04T21:26:25.670Z]    [X] Lỗi khi cào https://hita.com.vn/chau-rua-dat-ban-toto-lw818jwf-476.html: 
Invalid `prisma.products.create()` invocation in
/Users/m-ac/Projects/dongphugia/crawl_tbvs_advanced.js:57:54

  54 // Lưu vào Database (Draft mode)
  55 const existing = await prisma.products.findFirst({ where: { sku } });
  56 if (!existing) {
→ 57     const newProduct = await prisma.products.create(
Error occurred during query execution:
ConnectorError(ConnectorError { user_facing_error: None, kind: QueryError(PostgresError { code: "22003", message: "numeric field overflow", severity: "ERROR", detail: Some("A field with precision 15, scale 2 must round to an absolute value less than 10^13."), column: None, hint: None }), transient: false })
[2026-05-04T21:26:28.448Z]    [X] Lỗi khi cào https://hita.com.vn/chau-rua-dat-ban-toto-lt367cr-lt367ct-477.html: 
Invalid `prisma.products.create()` invocation in
/Users/m-ac/Projects/dongphugia/crawl_tbvs_advanced.js:57:54

  54 // Lưu vào Database (Draft mode)
  55 const existing = await prisma.products.findFirst({ where: { sku } });
  56 if (!existing) {
→ 57     const newProduct = await prisma.products.create(
Error occurred during query execution:
ConnectorError(ConnectorError { user_facing_error: None, kind: QueryError(PostgresError { code: "22003", message: "numeric field overflow", severity: "ERROR", detail: Some("A field with precision 15, scale 2 must round to an absolute value less than 10^13."), column: None, hint: None }), transient: false })
[2026-05-04T21:26:30.400Z]    [X] Lỗi khi cào https://hita.com.vn/chau-rua-dat-ban-toto-lt367cr-lt367ct-477.html#rating-scroll: 
Invalid `prisma.products.create()` invocation in
/Users/m-ac/Projects/dongphugia/crawl_tbvs_advanced.js:57:54

  54 // Lưu vào Database (Draft mode)
  55 const existing = await prisma.products.findFirst({ where: { sku } });
  56 if (!existing) {
→ 57     const newProduct = await prisma.products.create(
Error occurred during query execution:
ConnectorError(ConnectorError { user_facing_error: None, kind: QueryError(PostgresError { code: "22003", message: "numeric field overflow", severity: "ERROR", detail: Some("A field with precision 15, scale 2 must round to an absolute value less than 10^13."), column: None, hint: None }), transient: false })
[2026-05-04T21:26:33.424Z]    [+] TẠO MỚI (Draft): [Mã sản phẩm: LT710CTR#XW] Chậu rửa lavabo đặt bàn TOTO LT710CTR - Giá: 9577460 - ID: 5495
[2026-05-04T21:26:35.390Z]    [-] Bỏ qua (Đã tồn tại): [Mã sản phẩm: LT710CTR#XW] Chậu rửa lavabo đặt bàn TOTO LT710CTR
[2026-05-04T21:26:38.263Z]    [X] Lỗi khi cào https://hita.com.vn/chau-rua-dat-ban-toto-lt700ctr-479.html: 
Invalid `prisma.products.create()` invocation in
/Users/m-ac/Projects/dongphugia/crawl_tbvs_advanced.js:57:54

  54 // Lưu vào Database (Draft mode)
  55 const existing = await prisma.products.findFirst({ where: { sku } });
  56 if (!existing) {
→ 57     const newProduct = await prisma.products.create(
Error occurred during query execution:
ConnectorError(ConnectorError { user_facing_error: None, kind: QueryError(PostgresError { code: "22003", message: "numeric field overflow", severity: "ERROR", detail: Some("A field with precision 15, scale 2 must round to an absolute value less than 10^13."), column: None, hint: None }), transient: false })
[2026-05-04T21:26:40.207Z]    [X] Lỗi khi cào https://hita.com.vn/chau-rua-dat-ban-toto-lt700ctr-479.html#rating-scroll: 
Invalid `prisma.products.create()` invocation in
/Users/m-ac/Projects/dongphugia/crawl_tbvs_advanced.js:57:54

  54 // Lưu vào Database (Draft mode)
  55 const existing = await prisma.products.findFirst({ where: { sku } });
  56 if (!existing) {
→ 57     const newProduct = await prisma.products.create(
Error occurred during query execution:
ConnectorError(ConnectorError { user_facing_error: None, kind: QueryError(PostgresError { code: "22003", message: "numeric field overflow", severity: "ERROR", detail: Some("A field with precision 15, scale 2 must round to an absolute value less than 10^13."), column: None, hint: None }), transient: false })
[2026-05-04T21:26:42.863Z]    [X] Lỗi khi cào https://hita.com.vn/chau-rua-dat-ban-toto-lw526nj-489.html: 
Invalid `prisma.products.create()` invocation in
/Users/m-ac/Projects/dongphugia/crawl_tbvs_advanced.js:57:54

  54 // Lưu vào Database (Draft mode)
  55 const existing = await prisma.products.findFirst({ where: { sku } });
  56 if (!existing) {
→ 57     const newProduct = await prisma.products.create(
Error occurred during query execution:
ConnectorError(ConnectorError { user_facing_error: None, kind: QueryError(PostgresError { code: "22003", message: "numeric field overflow", severity: "ERROR", detail: Some("A field with precision 15, scale 2 must round to an absolute value less than 10^13."), column: None, hint: None }), transient: false })
[2026-05-04T21:26:45.853Z]    [X] Lỗi khi cào https://hita.com.vn/chau-rua-lavabo-ban-am-ban-toto-lt533r-495.html: 
Invalid `prisma.products.create()` invocation in
/Users/m-ac/Projects/dongphugia/crawl_tbvs_advanced.js:57:54

  54 // Lưu vào Database (Draft mode)
  55 const existing = await prisma.products.findFirst({ where: { sku } });
  56 if (!existing) {
→ 57     const newProduct = await prisma.products.create(
Error occurred during query execution:
ConnectorError(ConnectorError { user_facing_error: None, kind: QueryError(PostgresError { code: "22003", message: "numeric field overflow", severity: "ERROR", detail: Some("A field with precision 15, scale 2 must round to an absolute value less than 10^13."), column: None, hint: None }), transient: false })
[2026-05-04T21:26:47.805Z]    [X] Lỗi khi cào https://hita.com.vn/chau-rua-lavabo-ban-am-ban-toto-lt533r-495.html#rating-scroll: 
Invalid `prisma.products.create()` invocation in
/Users/m-ac/Projects/dongphugia/crawl_tbvs_advanced.js:57:54

  54 // Lưu vào Database (Draft mode)
  55 const existing = await prisma.products.findFirst({ where: { sku } });
  56 if (!existing) {
→ 57     const newProduct = await prisma.products.create(
Error occurred during query execution:
ConnectorError(ConnectorError { user_facing_error: None, kind: QueryError(PostgresError { code: "22003", message: "numeric field overflow", severity: "ERROR", detail: Some("A field with precision 15, scale 2 must round to an absolute value less than 10^13."), column: None, hint: None }), transient: false })
[2026-05-04T21:26:50.473Z]    [X] Lỗi khi cào https://hita.com.vn/chau-rua-duong-vanh-toto-l946cr-499.html: 
Invalid `prisma.products.create()` invocation in
/Users/m-ac/Projects/dongphugia/crawl_tbvs_advanced.js:57:54

  54 // Lưu vào Database (Draft mode)
  55 const existing = await prisma.products.findFirst({ where: { sku } });
  56 if (!existing) {
→ 57     const newProduct = await prisma.products.create(
Error occurred during query execution:
ConnectorError(ConnectorError { user_facing_error: None, kind: QueryError(PostgresError { code: "22003", message: "numeric field overflow", severity: "ERROR", detail: Some("A field with precision 15, scale 2 must round to an absolute value less than 10^13."), column: None, hint: None }), transient: false })
[2026-05-04T21:26:53.188Z]    [X] Lỗi khi cào https://hita.com.vn/chau-rua-duong-vanh-toto-l763-lt763-500.html: 
Invalid `prisma.products.create()` invocation in
/Users/m-ac/Projects/dongphugia/crawl_tbvs_advanced.js:57:54

  54 // Lưu vào Database (Draft mode)
  55 const existing = await prisma.products.findFirst({ where: { sku } });
  56 if (!existing) {
→ 57     const newProduct = await prisma.products.create(
Error occurred during query execution:
ConnectorError(ConnectorError { user_facing_error: None, kind: QueryError(PostgresError { code: "22003", message: "numeric field overflow", severity: "ERROR", detail: Some("A field with precision 15, scale 2 must round to an absolute value less than 10^13."), column: None, hint: None }), transient: false })
[2026-05-04T21:26:55.915Z]    [X] Lỗi khi cào https://hita.com.vn/chau-rua-duong-vanh-toto-l762-lt762-501.html: 
Invalid `prisma.products.create()` invocation in
/Users/m-ac/Projects/dongphugia/crawl_tbvs_advanced.js:57:54

  54 // Lưu vào Database (Draft mode)
  55 const existing = await prisma.products.findFirst({ where: { sku } });
  56 if (!existing) {
→ 57     const newProduct = await prisma.products.create(
Error occurred during query execution:
ConnectorError(ConnectorError { user_facing_error: None, kind: QueryError(PostgresError { code: "22003", message: "numeric field overflow", severity: "ERROR", detail: Some("A field with precision 15, scale 2 must round to an absolute value less than 10^13."), column: None, hint: None }), transient: false })
[2026-05-04T21:26:58.685Z]    [X] Lỗi khi cào https://hita.com.vn/chau-rua-am-ban-toto-lt764-503.html: 
Invalid `prisma.products.create()` invocation in
/Users/m-ac/Projects/dongphugia/crawl_tbvs_advanced.js:57:54

  54 // Lưu vào Database (Draft mode)
  55 const existing = await prisma.products.findFirst({ where: { sku } });
  56 if (!existing) {
→ 57     const newProduct = await prisma.products.create(
Error occurred during query execution:
ConnectorError(ConnectorError { user_facing_error: None, kind: QueryError(PostgresError { code: "22003", message: "numeric field overflow", severity: "ERROR", detail: Some("A field with precision 15, scale 2 must round to an absolute value less than 10^13."), column: None, hint: None }), transient: false })
[2026-05-04T21:27:01.449Z]    [X] Lỗi khi cào https://hita.com.vn/chau-rua-am-ban-toto-lt765-504.html: 
Invalid `prisma.products.create()` invocation in
/Users/m-ac/Projects/dongphugia/crawl_tbvs_advanced.js:57:54

  54 // Lưu vào Database (Draft mode)
  55 const existing = await prisma.products.findFirst({ where: { sku } });
  56 if (!existing) {
→ 57     const newProduct = await prisma.products.create(
Error occurred during query execution:
ConnectorError(ConnectorError { user_facing_error: None, kind: QueryError(PostgresError { code: "22003", message: "numeric field overflow", severity: "ERROR", detail: Some("A field with precision 15, scale 2 must round to an absolute value less than 10^13."), column: None, hint: None }), transient: false })
[2026-05-04T21:27:03.434Z]    [X] Lỗi khi cào https://hita.com.vn/chau-rua-am-ban-toto-lt765-504.html#rating-scroll: 
Invalid `prisma.products.create()` invocation in
/Users/m-ac/Projects/dongphugia/crawl_tbvs_advanced.js:57:54

  54 // Lưu vào Database (Draft mode)
  55 const existing = await prisma.products.findFirst({ where: { sku } });
  56 if (!existing) {
→ 57     const newProduct = await prisma.products.create(
Error occurred during query execution:
ConnectorError(ConnectorError { user_facing_error: None, kind: QueryError(PostgresError { code: "22003", message: "numeric field overflow", severity: "ERROR", detail: Some("A field with precision 15, scale 2 must round to an absolute value less than 10^13."), column: None, hint: None }), transient: false })
[2026-05-04T21:27:06.021Z]    [X] Lỗi khi cào https://hita.com.vn/chau-rua-am-ban-toto-lt548-505.html: 
Invalid `prisma.products.create()` invocation in
/Users/m-ac/Projects/dongphugia/crawl_tbvs_advanced.js:57:54

  54 // Lưu vào Database (Draft mode)
  55 const existing = await prisma.products.findFirst({ where: { sku } });
  56 if (!existing) {
→ 57     const newProduct = await prisma.products.create(
Error occurred during query execution:
ConnectorError(ConnectorError { user_facing_error: None, kind: QueryError(PostgresError { code: "22003", message: "numeric field overflow", severity: "ERROR", detail: Some("A field with precision 15, scale 2 must round to an absolute value less than 10^13."), column: None, hint: None }), transient: false })
[2026-05-04T21:27:08.899Z]    [X] Lỗi khi cào https://hita.com.vn/chau-rua-am-ban-toto-lt546-506.html: 
Invalid `prisma.products.create()` invocation in
/Users/m-ac/Projects/dongphugia/crawl_tbvs_advanced.js:57:54

  54 // Lưu vào Database (Draft mode)
  55 const existing = await prisma.products.findFirst({ where: { sku } });
  56 if (!existing) {
→ 57     const newProduct = await prisma.products.create(
Error occurred during query execution:
ConnectorError(ConnectorError { user_facing_error: None, kind: QueryError(PostgresError { code: "22003", message: "numeric field overflow", severity: "ERROR", detail: Some("A field with precision 15, scale 2 must round to an absolute value less than 10^13."), column: None, hint: None }), transient: false })
[2026-05-04T21:27:10.836Z]    [X] Lỗi khi cào https://hita.com.vn/chau-rua-am-ban-toto-lt546-506.html#rating-scroll: 
Invalid `prisma.products.create()` invocation in
/Users/m-ac/Projects/dongphugia/crawl_tbvs_advanced.js:57:54

  54 // Lưu vào Database (Draft mode)
  55 const existing = await prisma.products.findFirst({ where: { sku } });
  56 if (!existing) {
→ 57     const newProduct = await prisma.products.create(
Error occurred during query execution:
ConnectorError(ConnectorError { user_facing_error: None, kind: QueryError(PostgresError { code: "22003", message: "numeric field overflow", severity: "ERROR", detail: Some("A field with precision 15, scale 2 must round to an absolute value less than 10^13."), column: None, hint: None }), transient: false })
[2026-05-04T21:27:13.673Z]    [X] Lỗi khi cào https://hita.com.vn/voi-chau-toto-tvlc101nsr-767.html: 
Invalid `prisma.products.create()` invocation in
/Users/m-ac/Projects/dongphugia/crawl_tbvs_advanced.js:57:54

  54 // Lưu vào Database (Draft mode)
  55 const existing = await prisma.products.findFirst({ where: { sku } });
  56 if (!existing) {
→ 57     const newProduct = await prisma.products.create(
Error occurred during query execution:
ConnectorError(ConnectorError { user_facing_error: None, kind: QueryError(PostgresError { code: "22003", message: "numeric field overflow", severity: "ERROR", detail: Some("A field with precision 15, scale 2 must round to an absolute value less than 10^13."), column: None, hint: None }), transient: false })
[2026-05-04T21:27:15.642Z]    [X] Lỗi khi cào https://hita.com.vn/voi-chau-toto-tvlc101nsr-767.html#rating-scroll: 
Invalid `prisma.products.create()` invocation in
/Users/m-ac/Projects/dongphugia/crawl_tbvs_advanced.js:57:54

  54 // Lưu vào Database (Draft mode)
  55 const existing = await prisma.products.findFirst({ where: { sku } });
  56 if (!existing) {
→ 57     const newProduct = await prisma.products.create(
Error occurred during query execution:
ConnectorError(ConnectorError { user_facing_error: None, kind: QueryError(PostgresError { code: "22003", message: "numeric field overflow", severity: "ERROR", detail: Some("A field with precision 15, scale 2 must round to an absolute value less than 10^13."), column: None, hint: None }), transient: false })
[2026-05-04T21:27:18.433Z]    [X] Lỗi khi cào https://hita.com.vn/chau-rua-treo-tuong-toto-lt300c-827.html: 
Invalid `prisma.products.create()` invocation in
/Users/m-ac/Projects/dongphugia/crawl_tbvs_advanced.js:57:54

  54 // Lưu vào Database (Draft mode)
  55 const existing = await prisma.products.findFirst({ where: { sku } });
  56 if (!existing) {
→ 57     const newProduct = await prisma.products.create(
Error occurred during query execution:
ConnectorError(ConnectorError { user_facing_error: None, kind: QueryError(PostgresError { code: "22003", message: "numeric field overflow", severity: "ERROR", detail: Some("A field with precision 15, scale 2 must round to an absolute value less than 10^13."), column: None, hint: None }), transient: false })
[2026-05-04T21:27:20.376Z]    [X] Lỗi khi cào https://hita.com.vn/chau-rua-treo-tuong-toto-lt300c-827.html#rating-scroll: 
Invalid `prisma.products.create()` invocation in
/Users/m-ac/Projects/dongphugia/crawl_tbvs_advanced.js:57:54

  54 // Lưu vào Database (Draft mode)
  55 const existing = await prisma.products.findFirst({ where: { sku } });
  56 if (!existing) {
→ 57     const newProduct = await prisma.products.create(
Error occurred during query execution:
ConnectorError(ConnectorError { user_facing_error: None, kind: QueryError(PostgresError { code: "22003", message: "numeric field overflow", severity: "ERROR", detail: Some("A field with precision 15, scale 2 must round to an absolute value less than 10^13."), column: None, hint: None }), transient: false })
[2026-05-04T21:27:23.322Z]    [X] Lỗi khi cào https://hita.com.vn/chau-rua-chan-lung-toto-lht300cr-839.html: 
Invalid `prisma.products.create()` invocation in
/Users/m-ac/Projects/dongphugia/crawl_tbvs_advanced.js:57:54

  54 // Lưu vào Database (Draft mode)
  55 const existing = await prisma.products.findFirst({ where: { sku } });
  56 if (!existing) {
→ 57     const newProduct = await prisma.products.create(
Error occurred during query execution:
ConnectorError(ConnectorError { user_facing_error: None, kind: QueryError(PostgresError { code: "22003", message: "numeric field overflow", severity: "ERROR", detail: Some("A field with precision 15, scale 2 must round to an absolute value less than 10^13."), column: None, hint: None }), transient: false })
[2026-05-04T21:27:25.324Z]    [X] Lỗi khi cào https://hita.com.vn/chau-rua-chan-lung-toto-lht300cr-839.html#rating-scroll: 
Invalid `prisma.products.create()` invocation in
/Users/m-ac/Projects/dongphugia/crawl_tbvs_advanced.js:57:54

  54 // Lưu vào Database (Draft mode)
  55 const existing = await prisma.products.findFirst({ where: { sku } });
  56 if (!existing) {
→ 57     const newProduct = await prisma.products.create(
Error occurred during query execution:
ConnectorError(ConnectorError { user_facing_error: None, kind: QueryError(PostgresError { code: "22003", message: "numeric field overflow", severity: "ERROR", detail: Some("A field with precision 15, scale 2 must round to an absolute value less than 10^13."), column: None, hint: None }), transient: false })
[2026-05-04T21:27:28.065Z]    [X] Lỗi khi cào https://hita.com.vn/voi-chau-toto-ttlr302fv-1-882.html: 
Invalid `prisma.products.create()` invocation in
/Users/m-ac/Projects/dongphugia/crawl_tbvs_advanced.js:57:54

  54 // Lưu vào Database (Draft mode)
  55 const existing = await prisma.products.findFirst({ where: { sku } });
  56 if (!existing) {
→ 57     const newProduct = await prisma.products.create(
Error occurred during query execution:
ConnectorError(ConnectorError { user_facing_error: None, kind: QueryError(PostgresError { code: "22003", message: "numeric field overflow", severity: "ERROR", detail: Some("A field with precision 15, scale 2 must round to an absolute value less than 10^13."), column: None, hint: None }), transient: false })
[2026-05-04T21:27:31.005Z]    [X] Lỗi khi cào https://hita.com.vn/bon-cau-1-khoi-toto-ms636dt2-886.html: 
Invalid `prisma.products.create()` invocation in
/Users/m-ac/Projects/dongphugia/crawl_tbvs_advanced.js:57:54

  54 // Lưu vào Database (Draft mode)
  55 const existing = await prisma.products.findFirst({ where: { sku } });
  56 if (!existing) {
→ 57     const newProduct = await prisma.products.create(
Error occurred during query execution:
ConnectorError(ConnectorError { user_facing_error: None, kind: QueryError(PostgresError { code: "22003", message: "numeric field overflow", severity: "ERROR", detail: Some("A field with precision 15, scale 2 must round to an absolute value less than 10^13."), column: None, hint: None }), transient: false })
[2026-05-04T21:27:32.957Z]    [X] Lỗi khi cào https://hita.com.vn/bon-cau-1-khoi-toto-ms636dt2-886.html#rating-scroll: 
Invalid `prisma.products.create()` invocation in
/Users/m-ac/Projects/dongphugia/crawl_tbvs_advanced.js:57:54

  54 // Lưu vào Database (Draft mode)
  55 const existing = await prisma.products.findFirst({ where: { sku } });
  56 if (!existing) {
→ 57     const newProduct = await prisma.products.create(
Error occurred during query execution:
ConnectorError(ConnectorError { user_facing_error: None, kind: QueryError(PostgresError { code: "22003", message: "numeric field overflow", severity: "ERROR", detail: Some("A field with precision 15, scale 2 must round to an absolute value less than 10^13."), column: None, hint: None }), transient: false })
[2026-05-04T21:27:35.788Z]    [+] TẠO MỚI (Draft): [Mã sản phẩm: CS945DNT3#XW] Bồn cầu 2 khối TOTO CS945DNT3 nắp đóng êm TC385VS - Giá: 9577460 - ID: 5496
[2026-05-04T21:27:37.734Z]    [-] Bỏ qua (Đã tồn tại): [Mã sản phẩm: CS945DNT3#XW] Bồn cầu 2 khối TOTO CS945DNT3 nắp đóng êm TC385VS
[2026-05-04T21:27:40.720Z]    [!] Bỏ qua (Thiếu Name hoặc SKU): https://hita.com.vn/thuong-hieu-thiet-bi-ve-sinh-toto.html#title-1
[2026-05-04T21:27:42.238Z]    [!] Bỏ qua (Thiếu Name hoặc SKU): https://hita.com.vn/thuong-hieu-thiet-bi-ve-sinh-toto.html#title-2
[2026-05-04T21:27:43.751Z]    [!] Bỏ qua (Thiếu Name hoặc SKU): https://hita.com.vn/thuong-hieu-thiet-bi-ve-sinh-toto.html#title-3
[2026-05-04T21:27:45.262Z]    [!] Bỏ qua (Thiếu Name hoặc SKU): https://hita.com.vn/thuong-hieu-thiet-bi-ve-sinh-toto.html#title-4
[2026-05-04T21:27:46.771Z]    [!] Bỏ qua (Thiếu Name hoặc SKU): https://hita.com.vn/thuong-hieu-thiet-bi-ve-sinh-toto.html#title-5
[2026-05-04T21:27:48.281Z]    [!] Bỏ qua (Thiếu Name hoặc SKU): https://hita.com.vn/thuong-hieu-thiet-bi-ve-sinh-toto.html#title-6
[2026-05-04T21:27:49.791Z]    [!] Bỏ qua (Thiếu Name hoặc SKU): https://hita.com.vn/thuong-hieu-thiet-bi-ve-sinh-toto.html#title-7
[2026-05-04T21:27:51.301Z]    [!] Bỏ qua (Thiếu Name hoặc SKU): https://hita.com.vn/thuong-hieu-thiet-bi-ve-sinh-toto.html#title-8
[2026-05-04T21:27:52.811Z]    [!] Bỏ qua (Thiếu Name hoặc SKU): https://hita.com.vn/thuong-hieu-thiet-bi-ve-sinh-toto.html#title-9
[2026-05-04T21:27:54.321Z]    [!] Bỏ qua (Thiếu Name hoặc SKU): https://hita.com.vn/thuong-hieu-thiet-bi-ve-sinh-toto.html#title-10
[2026-05-04T21:27:55.830Z]    [!] Bỏ qua (Thiếu Name hoặc SKU): https://hita.com.vn/thuong-hieu-thiet-bi-ve-sinh-toto.html#title-11
[2026-05-04T21:27:57.338Z]    [!] Bỏ qua (Thiếu Name hoặc SKU): https://hita.com.vn/thuong-hieu-thiet-bi-ve-sinh-toto.html#title-12
[2026-05-04T21:27:59.284Z]    [!] Bỏ qua (Thiếu Name hoặc SKU): https://hita.com.vn/chinh-sach-bao-hanh.html
[2026-05-04T21:28:01.222Z]    [!] Bỏ qua (Thiếu Name hoặc SKU): https://hita.com.vn/huong-dan-mua-hang.html
[2026-05-04T21:28:03.149Z]    [!] Bỏ qua (Thiếu Name hoặc SKU): https://hita.com.vn/dieu-khoan-dich-vu-chung.html
[2026-05-04T21:28:05.080Z]    [!] Bỏ qua (Thiếu Name hoặc SKU): https://hita.com.vn/huong-dan-thanh-toan.html
[2026-05-04T21:28:07.012Z]    [!] Bỏ qua (Thiếu Name hoặc SKU): https://hita.com.vn/chinh-sach-giao-hang.html
[2026-05-04T21:28:08.960Z]    [!] Bỏ qua (Thiếu Name hoặc SKU): https://hita.com.vn/chinh-sach-doi-tra-hang.html
[2026-05-04T21:28:10.908Z]    [!] Bỏ qua (Thiếu Name hoặc SKU): https://hita.com.vn/chinh-sach-bao-mat-thong-tin.html
[2026-05-04T21:28:12.666Z]    [!] Bỏ qua (Thiếu Name hoặc SKU): https://hita.com.vn/gioi-thieu.html
[2026-05-04T21:28:14.762Z]    [!] Bỏ qua (Thiếu Name hoặc SKU): https://hita.com.vn/kinh-nghiem-hay/gia-dinh-hita.html
[2026-05-04T21:28:16.833Z]    [!] Bỏ qua (Thiếu Name hoặc SKU): https://hita.com.vn/kinh-nghiem-hay/tim-cong-su.html
[2026-05-04T21:28:18.766Z]    [!] Bỏ qua (Thiếu Name hoặc SKU): https://hita.com.vn/lien-he.html
[2026-05-04T21:28:20.776Z]    [!] Bỏ qua (Thiếu Name hoặc SKU): https://hita.com.vn/kinh-nghiem-hay/khuyen-mai.html
[2026-05-04T21:28:22.824Z]    [!] Bỏ qua (Thiếu Name hoặc SKU): https://hita.com.vn/kinh-nghiem-hay/phong-thuy-nha-o.html
[2026-05-04T21:28:24.871Z]    [!] Bỏ qua (Thiếu Name hoặc SKU): https://hita.com.vn/kinh-nghiem-hay/meo-nha-ve-sinh.html
[2026-05-04T21:28:26.888Z]    [!] Bỏ qua (Thiếu Name hoặc SKU): https://hita.com.vn/kinh-nghiem-hay/suc-khoe.html
[2026-05-04T21:28:28.947Z]    [!] Bỏ qua (Thiếu Name hoặc SKU): https://hita.com.vn/kinh-nghiem-hay/trang-tri-nha.html
[2026-05-04T21:28:33.310Z]    [!] Bỏ qua (Thiếu Name hoặc SKU): https://www.dmca.com/Protection/Status.aspx?ID=bde73750-a4a0-4d9b-9021-381618e13e95&refurl=https://hita.com.vn/thuong-hieu-thiet-bi-ve-sinh-toto.html
[2026-05-04T21:28:35.317Z] 
--- ĐANG QUÉT TRANG 2 ---
[2026-05-04T21:28:38.842Z] Tìm thấy 353 sản phẩm trên trang 2. Bắt đầu bóc tách...
[2026-05-04T21:28:41.231Z]    [!] Bỏ qua (Thiếu Name hoặc SKU): https://hita.com.vn/dich-vu-lap-dat.html
[2026-05-04T21:28:44.169Z]    [!] Bỏ qua (Thiếu Name hoặc SKU): https://hita.com.vn/thuong-hieu-thiet-bi-ve-sinh-toto.html?p=2#
[2026-05-04T21:28:46.072Z]    [!] Bỏ qua (Thiếu Name hoặc SKU): https://hita.com.vn/checkout.html
[2026-05-04T21:28:48.082Z]    [!] Bỏ qua (Thiếu Name hoặc SKU): https://hita.com.vn/kinh-nghiem-hay.html
[2026-05-04T21:28:50.938Z]    [!] Bỏ qua (Thiếu Name hoặc SKU): https://hita.com.vn/thuong-hieu-thiet-bi-ve-sinh-toto.html
[2026-05-04T21:28:53.850Z]    [!] Bỏ qua (Thiếu Name hoặc SKU): https://hita.com.vn/thiet-bi-ve-sinh-inax-97.html
[2026-05-04T21:28:56.117Z]    [!] Bỏ qua (Thiếu Name hoặc SKU): https://hita.com.vn/luxta-204.html
[2026-05-04T21:28:58.334Z]    [!] Bỏ qua (Thiếu Name hoặc SKU): https://hita.com.vn/hita-229.html
[2026-05-04T21:29:00.394Z]    [!] Bỏ qua (Thiếu Name hoặc SKU): https://hita.com.vn/guong-tan-an-vinh-341.html
[2026-05-04T21:29:03.139Z]    [!] Bỏ qua (Thiếu Name hoặc SKU): https://hita.com.vn/thiet-bi-ve-sinh-caesar-383.html
[2026-05-04T21:29:05.311Z]    [!] Bỏ qua (Thiếu Name hoặc SKU): https://hita.com.vn/mitsubishi-cleansui-424.html
