--- STARTING PDF FIX CRAWLER ---
Found 843 products to fix.
[1/843] Fixing PDFs for SKU: MS636CDRW12#XW (ID: 5850)
  ✅ Updated 3 PDFs
[2/843] Fixing PDFs for SKU: LT765#XW (ID: 211)
  ✅ Updated 3 PDFs
[3/843] Fixing PDFs for SKU: L909C#XW (ID: 221)
  ✅ Updated 3 PDFs
[4/843] Fixing PDFs for SKU: LW815CJW/F#W (ID: 222)
[5/843] Fixing PDFs for SKU: LW645JNW/F#W (ID: 245)
[6/843] Fixing PDFs for SKU: PAY1715HVC#W/TVBF411 (ID: 636)
  ✅ Updated 1 PDFs
[7/843] Fixing PDFs for SKU: TKS05304J (ID: 328)
  ✅ Updated 3 PDFs
[8/843] Fixing PDFs for SKU: TBW01401AA (ID: 572)
  ✅ Updated 3 PDFs
[9/843] Fixing PDFs for SKU: DM907CS/TBS03302V/DGH104ZR (ID: 578)
  ✅ Updated 6 PDFs
[10/843] Fixing PDFs for SKU: TBW02002BA/TBG02302VA/TBW02017A (ID: 586)
  ✅ Updated 3 PDFs
[11/843] Fixing PDFs for SKU: TBW01002BA/TBG01302VA/TBW01010A (ID: 587)
  ✅ Updated 3 PDFs
[12/843] Fixing PDFs for SKU: TVLM109RU (ID: 594)
  ✅ Updated 3 PDFs
[13/843] Fixing PDFs for SKU: TLG02307V (ID: 604)
  ✅ Updated 3 PDFs
[14/843] Fixing PDFs for SKU: TBS01302V/TBW02006A (ID: 622)
  ✅ Updated 6 PDFs
[15/843] Fixing PDFs for SKU: TBS03302V/TBW02006A (ID: 623)
  ✅ Updated 6 PDFs
[16/843] Fixing PDFs for SKU: TBS04302V/TBW01010A (ID: 629)
  ✅ Updated 6 PDFs
[17/843] Fixing PDFs for SKU: PAY1525VC#W/TVBF411 (ID: 637)
  ✅ Updated 3 PDFs
[18/843] Fixing PDFs for SKU: PAY1725HVC#W/TVBF411 (ID: 638)
  ✅ Updated 1 PDFs
[19/843] Fixing PDFs for SKU: YM6090A (ID: 650)
  ✅ Updated 3 PDFs
[20/843] Fixing PDFs for SKU: UT445H#W (ID: 662)
  ✅ Updated 3 PDFs
[21/843] Fixing PDFs for SKU: CS767RE4#XW (ID: 692)
  ✅ Updated 3 PDFs
[22/843] Fixing PDFs for SKU: CW822RA#W/TCF47360GAA#NW1/WH172A/MB175M#SS (ID: 5803)
[23/843] Fixing PDFs for SKU: MS885DE2#XW (ID: 701)
  ✅ Updated 3 PDFs
[24/843] Fixing PDFs for SKU: CS986GE4#XW (ID: 714)
  ✅ Updated 3 PDFs
[25/843] Fixing PDFs for SKU: CW822REA#W/TCF4911EZ#NW1/WH172AAT/TCA464/MB176G#WH (ID: 743)
  ✅ Updated 3 PDFs
[26/843] Fixing PDFs for SKU: CW542HME5U#NW1/TCF795C2Z#NW1/WH172AAT/MB175M#SS (ID: 751)
  ✅ Updated 3 PDFs
[27/843] Fixing PDFs for SKU: LW1506V#XW/TL516GV (ID: 915)
  ✅ Updated 3 PDFs
[28/843] Fixing PDFs for SKU: TC512A (ID: 1223)
[29/843] Fixing PDFs for SKU: MS889DRW16#XW (ID: 5623)
  ✅ Updated 3 PDFs
[30/843] Fixing PDFs for SKU: TBW15CE0A (ID: 1239)
  ✅ Updated 3 PDFs
[31/843] Fixing PDFs for SKU: TBW09010V (ID: 1240)
  ✅ Updated 3 PDFs
[32/843] Fixing PDFs for SKU: TBW01008V (ID: 1241)
  ✅ Updated 3 PDFs
[33/843] Fixing PDFs for SKU: TBW02005V (ID: 1243)
  ✅ Updated 3 PDFs
[34/843] Fixing PDFs for SKU: MS889CDRW12#XW (ID: 1244)
  ✅ Updated 3 PDFs
[35/843] Fixing PDFs for SKU: CS838DE2#XW (ID: 1275)
  ✅ Updated 3 PDFs
[36/843] Fixing PDFs for SKU: CS948DE4#XW (ID: 1278)
  ✅ Updated 3 PDFs
[37/843] Fixing PDFs for SKU: CS911VT#NW1/TCF87220GAA#NW1/T53P100VR (ID: 5683)
  ✅ Updated 3 PDFs
[38/843] Fixing PDFs for SKU: CW812RA#W/TCF34461GAA#NW1/WH172A/MB175M#SS (ID: 5798)
[39/843] Fixing PDFs for SKU: TBW08002A1 (ID: 2518)
  ✅ Updated 3 PDFs
[40/843] Fixing PDFs for SKU: TBW07021A (ID: 4687)
  ✅ Updated 3 PDFs
[41/843] Fixing PDFs for SKU: TCF33320GAA#NW1 (ID: 1296)
  ✅ Updated 3 PDFs
[42/843] Fixing PDFs for SKU: PJYD2200PWE#GW (ID: 1595)
  ✅ Updated 3 PDFs
[43/843] Fixing PDFs for SKU: PPYD1720HPTE#P (ID: 1596)
  ✅ Updated 3 PDFs
[44/843] Fixing PDFs for SKU: PPYB1610LHPTE#S (ID: 1599)
  ✅ Updated 3 PDFs
[45/843] Fixing PDFs for SKU: PPYB1720HPTE#P (ID: 1601)
  ✅ Updated 3 PDFs
[46/843] Fixing PDFs for SKU: PPYK1760ZRPNE#P/TVBF412/DB505R-2B (ID: 1602)
  ✅ Updated 3 PDFs
[47/843] Fixing PDFs for SKU: PPYB1610RHPTE#P/TVBF412 (ID: 1610)
[48/843] Fixing PDFs for SKU: PPYB1720HPTE#P/TVBF412 (ID: 1611)
[49/843] Fixing PDFs for SKU: TBS03001B (ID: 1651)
  ✅ Updated 3 PDFs
[50/843] Fixing PDFs for SKU: TBW01012B (ID: 1661)
  ✅ Updated 3 PDFs
[51/843] Fixing PDFs for SKU: TBW08001A/TBV02403B/TBN01001B (ID: 2115)
[52/843] Fixing PDFs for SKU: TBW01010A/TBW01016B/TBW01014B/TBV01407B/TBN01001B (ID: 2119)
[53/843] Fixing PDFs for SKU: TBW07009A/TBW01016B/TBW01014B/TBG01303BA/TBN01001B (ID: 2126)
[54/843] Fixing PDFs for SKU: TBW08003A (ID: 2515)
  ✅ Updated 3 PDFs
[55/843] Fixing PDFs for SKU: TBW02003A/TBV02403B/TBN01001B (ID: 2665)
[56/843] Fixing PDFs for SKU: TBW02005A/TBW02013B/TBG02303BA/TBN01001B (ID: 2669)
[57/843] Fixing PDFs for SKU: TBW07012A/TBG01001B/TBW02013B/TBS04304B (ID: 2672)
[58/843] Fixing PDFs for SKU: TBW01003A/TBG01001B/TBS04304B (ID: 2673)
[59/843] Fixing PDFs for SKU: TBV03429V/TBW01008A (ID: 2755)
  ✅ Updated 4 PDFs
[60/843] Fixing PDFs for SKU: TBV03429V/TBW01010A (ID: 2757)
  ✅ Updated 4 PDFs
[61/843] Fixing PDFs for SKU: TBV03427V/TBW01008A (ID: 2759)
  ✅ Updated 4 PDFs
[62/843] Fixing PDFs for SKU: PJY1734PWEN#GW/TVBF412 (ID: 2990)
  ✅ Updated 3 PDFs
[63/843] Fixing PDFs for SKU: PPY1560HPE#P/TVBF412/DB505R-2B (ID: 3007)
  ✅ Updated 3 PDFs
[64/843] Fixing PDFs for SKU: TLE28002A/TLE01502A1/TLN01102A (ID: 3643)
  ✅ Updated 3 PDFs
[65/843] Fixing PDFs for SKU: TLE28002A/TLE03502A1/TLN01103A/TLE05701A (ID: 3645)
  ✅ Updated 3 PDFs
[66/843] Fixing PDFs for SKU: TLE27002A/TLE03502A1/TLN01103A/TLE05701A (ID: 3649)
  ✅ Updated 3 PDFs
[67/843] Fixing PDFs for SKU: TLE25006A (ID: 3657)
  ✅ Updated 3 PDFs
[68/843] Fixing PDFs for SKU: L242HF#W (ID: 4814)
[69/843] Fixing PDFs for SKU: CS735DT2#XW (ID: 5534)
  ✅ Updated 3 PDFs
[70/843] Fixing PDFs for SKU: TCF47360GAA#NW1 (ID: 1300)
  ✅ Updated 3 PDFs
[71/843] Fixing PDFs for SKU: CS769DRT2#XW (ID: 5538)
  ✅ Updated 3 PDFs
[72/843] Fixing PDFs for SKU: MS889DRT2#XW (ID: 5543)
  ✅ Updated 3 PDFs
[73/843] Fixing PDFs for SKU: MS889DRT3#XW (ID: 5544)
  ✅ Updated 3 PDFs
[74/843] Fixing PDFs for SKU: CS986GT9#XW (ID: 5558)
  ✅ Updated 3 PDFs
[75/843] Fixing PDFs for SKU: CS948DT3#XW (ID: 5561)
  ✅ Updated 3 PDFs
[76/843] Fixing PDFs for SKU: MS188VKT2#XW/T53P100VR (ID: 5562)
  ✅ Updated 3 PDFs
[77/843] Fixing PDFs for SKU: CS948DE2#XW (ID: 5567)
  ✅ Updated 3 PDFs
[78/843] Fixing PDFs for SKU: CS901KVT#NW1/T53P100VR (ID: 5588)
  ✅ Updated 3 PDFs
[79/843] Fixing PDFs for SKU: CW812RA#W/TC811SJ#W/WH172A/MB176G#WH (ID: 5610)
  ✅ Updated 3 PDFs
[80/843] Fixing PDFs for SKU: CW542HME5U#NW1/TCF802C2Z#NW1/WH172AAT/MB175M#SS (ID: 5614)
  ✅ Updated 3 PDFs
[81/843] Fixing PDFs for SKU: MS823DRT8#XW (ID: 5624)
  ✅ Updated 3 PDFs
[82/843] Fixing PDFs for SKU: CS769DRW16#XW (ID: 5629)
  ✅ Updated 3 PDFs
[83/843] Fixing PDFs for SKU: CS948DW16#XW (ID: 5632)
  ✅ Updated 3 PDFs
[84/843] Fixing PDFs for SKU: CS948CDW17#XW (ID: 5633)
  ✅ Updated 3 PDFs
[85/843] Fixing PDFs for SKU: CS989VT#NW1/TCF9788WZ#NW1/T53P100VR (ID: 693)
  ✅ Updated 3 PDFs
[86/843] Fixing PDFs for SKU: MS625DE4#XW (ID: 5644)
  ✅ Updated 3 PDFs
[87/843] Fixing PDFs for SKU: CS326DT10#XW (ID: 5653)
  ✅ Updated 3 PDFs
[88/843] Fixing PDFs for SKU: TCW09S#W (ID: 776)
  ✅ Updated 3 PDFs
[89/843] Fixing PDFs for SKU: CS302DW14#W (ID: 5663)
  ✅ Updated 3 PDFs
[90/843] Fixing PDFs for SKU: CW822RA#W/TCF23410AAA#NW1/WH172A/MB175M#SS (ID: 5679)
  ✅ Updated 1 PDFs
[91/843] Fixing PDFs for SKU: CW822RA#W/TC600VS#W/WH172A/MB170P#SS (ID: 5704)
  ✅ Updated 3 PDFs
[92/843] Fixing PDFs for SKU: CW812REA#W/TCF4911EZ#NW1/WH172AT/TCA465/MB174P#SS (ID: 5709)
  ✅ Updated 3 PDFs
[93/843] Fixing PDFs for SKU: CW553#XW/TCF34320GAA#NW1/WH172A/MB170P#SS (ID: 5713)
[94/843] Fixing PDFs for SKU: CW553C#XW/TCF33370GAA#NW1/WH172AT/TCA465/MB170P#SS (ID: 5714)
  ✅ Updated 3 PDFs
[95/843] Fixing PDFs for SKU: CW553#XW/TC384CVK#W/WH172A/MB170P#SS (ID: 5716)
  ✅ Updated 3 PDFs
[96/843] Fixing PDFs for SKU: MS889CDRW23#XW (ID: 5717)
[97/843] Fixing PDFs for SKU: MS885CDW23#XW (ID: 5724)
[98/843] Fixing PDFs for SKU: CS986GW18#XW (ID: 5730)
  ✅ Updated 3 PDFs
[99/843] Fixing PDFs for SKU: CS986GW16#XW (ID: 5628)
  ✅ Updated 3 PDFs
[100/843] Fixing PDFs for SKU: CS326DW16#XW (ID: 5664)
  ✅ Updated 3 PDFs
[101/843] Fixing PDFs for SKU: CS903KVT#NW1/T53P100VR (ID: 5731)
  ✅ Updated 3 PDFs
[102/843] Fixing PDFs for SKU: CW812REA#W/TCF47360GAA#NW1/WH172AAT/TCA546/MB175M#SS (ID: 5737)
  ✅ Updated 6 PDFs
[103/843] Fixing PDFs for SKU: CS945PDE2#XW (ID: 5741)
  ✅ Updated 3 PDFs
[104/843] Fixing PDFs for SKU: CS945PDW14#XW (ID: 5743)
  ✅ Updated 3 PDFs
[105/843] Fixing PDFs for SKU: MS885DW25#XW (ID: 5814)
  ✅ Updated 2 PDFs
[106/843] Fixing PDFs for SKU: MS885DW18#XW (ID: 5749)
  ✅ Updated 3 PDFs
[107/843] Fixing PDFs for SKU: MS857DT8#XW (ID: 5750)
  ✅ Updated 3 PDFs
[108/843] Fixing PDFs for SKU: MS625CDW25#XW (ID: 5768)
[109/843] Fixing PDFs for SKU: MS885CDW25#XW (ID: 5771)
[110/843] Fixing PDFs for SKU: CS767RW16#XW (ID: 5630)
  ✅ Updated 3 PDFs
[111/843] Fixing PDFs for SKU: MS823CDRW12#XW (ID: 5860)
  ✅ Updated 3 PDFs
[112/843] Fixing PDFs for SKU: MS889DRW24#XW (ID: 5796)
  ✅ Updated 3 PDFs
[113/843] Fixing PDFs for SKU: MS889CDRW24#XW (ID: 5775)
[114/843] Fixing PDFs for SKU: CS769CDRW25#XW (ID: 5784)
[115/843] Fixing PDFs for SKU: MS188VKW25#XW/T53P100VR (ID: 5779)
[116/843] Fixing PDFs for SKU: CW812REA#W/TCF34461GAA#NW1/WH172AT/TCA465/MB174P#SS (ID: 5818)
[117/843] Fixing PDFs for SKU: CW812RA#W/TCF47360GAA#NW1/WH172A/MB174P#SS (ID: 5745)
  ✅ Updated 3 PDFs
[118/843] Fixing PDFs for SKU: CS986CGW25#XW (ID: 5781)
[119/843] Fixing PDFs for SKU: LT328CTR#XW (ID: 5972)
  ✅ Updated 3 PDFs
[120/843] Fixing PDFs for SKU: TBS03302V/TBW01010A (ID: 628)
  ✅ Updated 6 PDFs
[121/843] Fixing PDFs for SKU: CS838CDW24#XW (ID: 5786)
[122/843] Fixing PDFs for SKU: CW822RA#W/TCF34461GAA#NW1/WH172A/MB175M#SS (ID: 5802)
[123/843] Fixing PDFs for SKU: CW822REA#W/TCF47360GAA#NW1/WH172AT/TCA465/MB175M#SS (ID: 5807)
[124/843] Fixing PDFs for SKU: LT1735#MGR (ID: 5976)
  ✅ Updated 3 PDFs
[125/843] Fixing PDFs for SKU: LT1735#MBL (ID: 5977)
  ✅ Updated 3 PDFs
[126/843] Fixing PDFs for SKU: CS767RW24#XW (ID: 5789)
  ✅ Updated 3 PDFs
[127/843] Fixing PDFs for SKU: MS887RW25#XW (ID: 5815)
  ✅ Updated 2 PDFs
[128/843] Fixing PDFs for SKU: MS889CDRW17#XW (ID: 5640)
  ✅ Updated 3 PDFs
[129/843] Fixing PDFs for SKU: CW822REA#W/TCF34461GAA#NW1/WH172AT/TCA465/MB170P#SS (ID: 5822)
[130/843] Fixing PDFs for SKU: FBY1720NHPE#W/TVBF412/DB505R-2B (ID: 648)
  ✅ Updated 3 PDFs
[131/843] Fixing PDFs for SKU: CW822RA#W/TCF34461GAA#NW1/WH172A/MB174P#SS (ID: 5827)
[132/843] Fixing PDFs for SKU: CW166RB#XW/TC384CVK#W/T53P100VR (ID: 5848)
  ✅ Updated 3 PDFs
[133/843] Fixing PDFs for SKU: CS948CDW12#XW (ID: 5853)
  ✅ Updated 3 PDFs
[134/843] Fixing PDFs for SKU: CW668J#W (ID: 5857)
[135/843] Fixing PDFs for SKU: LT700CTR#XW (ID: 5894)
  ✅ Updated 3 PDFs
[136/843] Fixing PDFs for SKU: LT4716G19#XW (ID: 5929)
  ✅ Updated 3 PDFs
[137/843] Fixing PDFs for SKU: LW630JW/F#W (ID: 5931)
  ✅ Updated 2 PDFs
[138/843] Fixing PDFs for SKU: MS855CDW23#XW (ID: 5720)
[139/843] Fixing PDFs for SKU: LT4704G19#XW (ID: 5934)
  ✅ Updated 3 PDFs
[140/843] Fixing PDFs for SKU: LT1705#XW (ID: 5936)
  ✅ Updated 3 PDFs
[141/843] Fixing PDFs for SKU: PJS05WE#GW (ID: 5939)
  ✅ Updated 3 PDFs
[142/843] Fixing PDFs for SKU: LT1706#XW (ID: 5949)
  ✅ Updated 3 PDFs
[143/843] Fixing PDFs for SKU: L1616C#W (ID: 5950)
  ✅ Updated 3 PDFs
[144/843] Fixing PDFs for SKU: LT4704G17#MBL (ID: 5978)
  ✅ Updated 3 PDFs
[145/843] Fixing PDFs for SKU: LT4706#MW (ID: 5980)
  ✅ Updated 3 PDFs
[146/843] Fixing PDFs for SKU: LT4716G17#MGR (ID: 5981)
  ✅ Updated 3 PDFs
[147/843] Fixing PDFs for SKU: LW896JW/F#FRG (ID: 5990)
  ✅ Updated 3 PDFs
[148/843] Fixing PDFs for SKU: LW896JW/F#SCR (ID: 5991)
  ✅ Updated 3 PDFs
[149/843] Fixing PDFs for SKU: LT1705#MBL (ID: 5995)
  ✅ Updated 3 PDFs
[150/843] Fixing PDFs for SKU: LT1705#MGR (ID: 5996)
  ✅ Updated 3 PDFs
[151/843] Fixing PDFs for SKU: LT1735#MW (ID: 5998)
  ✅ Updated 3 PDFs
[152/843] Fixing PDFs for SKU: LT4715G17#MBL (ID: 6009)
  ✅ Updated 3 PDFs
[153/843] Fixing PDFs for SKU: LT4715G19#MBE (ID: 6013)
  ✅ Updated 3 PDFs
[154/843] Fixing PDFs for SKU: LT4715G19#MW (ID: 6015)
  ✅ Updated 3 PDFs
[155/843] Fixing PDFs for SKU: LT4716G17#MBL (ID: 6017)
  ✅ Updated 3 PDFs
[156/843] Fixing PDFs for SKU: PJS07WE#GW (ID: 6025)
  ✅ Updated 3 PDFs
[157/843] Fixing PDFs for SKU: TBS04302V/TBW02017A (ID: 1644)
  ✅ Updated 6 PDFs
[158/843] Fixing PDFs for SKU: MS857DW24#XW (ID: 5793)
  ✅ Updated 3 PDFs
[159/843] Fixing PDFs for SKU: PPYB1610RHPTE#P (ID: 1597)
  ✅ Updated 3 PDFs
[160/843] Fixing PDFs for SKU: YM6060FG (ID: 654)
  ✅ Updated 3 PDFs
[161/843] Fixing PDFs for SKU: CS302DE4#W (ID: 5675)
  ✅ Updated 3 PDFs
[162/843] Fixing PDFs for SKU: CS948DW18#XW (ID: 5700)
  ✅ Updated 2 PDFs
[163/843] Fixing PDFs for SKU: CW553C#XW/TCF34570GAA#NW1/WH172AAT/TCA502/MB174P#SS (ID: 5733)
[164/843] Fixing PDFs for SKU: CS767RW14#XW (ID: 5586)
  ✅ Updated 3 PDFs
[165/843] Fixing PDFs for SKU: CS769CDRW17#XW (ID: 5636)
  ✅ Updated 3 PDFs
[166/843] Fixing PDFs for SKU: CS769CDRW24#XW (ID: 5788)
[167/843] Fixing PDFs for SKU: CW553#XW/TC384CVK#W/WH172A/MB175M#SS (ID: 5672)
  ✅ Updated 3 PDFs
[168/843] Fixing PDFs for SKU: MS857DW14#XW (ID: 5759)
  ✅ Updated 2 PDFs
[169/843] Fixing PDFs for SKU: TBW01016B (ID: 1649)
  ✅ Updated 3 PDFs
[170/843] Fixing PDFs for SKU: CW822REA#W/TCF33461GAA#NW1/WH172AT/TCA465/MB175M#SS (ID: 5804)
[171/843] Fixing PDFs for SKU: CW822REA#W/TCF34461GAA#NW1/WH172AT/TCA465/MB175M#SS (ID: 5805)
[172/843] Fixing PDFs for SKU: DK307AN (ID: 323)
  ✅ Updated 3 PDFs
[173/843] Fixing PDFs for SKU: LW630JDW/F#SCR (ID: 5986)
  ✅ Updated 3 PDFs
[174/843] Fixing PDFs for SKU: LT4715G17#MGR (ID: 6010)
  ✅ Updated 3 PDFs
[175/843] Fixing PDFs for SKU: LT1735#MBE (ID: 5997)
  ✅ Updated 3 PDFs
[176/843] Fixing PDFs for SKU: LT4704G19#MW (ID: 6006)
  ✅ Updated 3 PDFs
[177/843] Fixing PDFs for SKU: C971#XW/TCF9433A#NW1 (ID: 696)
  ✅ Updated 3 PDFs
[178/843] Fixing PDFs for SKU: CS735DW16#XW (ID: 5657)
  ✅ Updated 3 PDFs
[179/843] Fixing PDFs for SKU: CS986GW11#XW (ID: 712)
  ✅ Updated 3 PDFs
[180/843] Fixing PDFs for SKU: CW822RA#W/TC600VS#W/WH172A/MB175M#SS (ID: 753)
  ✅ Updated 3 PDFs
[181/843] Fixing PDFs for SKU: LT4716G17#MW (ID: 6018)
  ✅ Updated 3 PDFs
[182/843] Fixing PDFs for SKU: CW550#XW/TC393VS#W/HTS153S/TV150NSV6J (ID: 5855)
  ✅ Updated 1 PDFs
[183/843] Fixing PDFs for SKU: CW553#XW/TCF33320GAA#NW1/WH172A/MB170P#SS (ID: 5712)
  ✅ Updated 3 PDFs
[184/843] Fixing PDFs for SKU: TX608KNBR (ID: 324)
  ✅ Updated 3 PDFs
[185/843] Fixing PDFs for SKU: CW166RB#XW/TCF34320GAA#NW1/T53P100VR (ID: 5849)
  ✅ Updated 3 PDFs
[186/843] Fixing PDFs for SKU: CW822REA#W/TCF47360GAA#NW1/WH172AAT/TCA546/MB175M#SS (ID: 5806)
[187/843] Fixing PDFs for SKU: LT4706#MGR (ID: 6008)
  ✅ Updated 3 PDFs
[188/843] Fixing PDFs for SKU: TTKC301FV (ID: 326)
  ✅ Updated 3 PDFs
[189/843] Fixing PDFs for SKU: LW630JDW/F#FRG (ID: 5985)
  ✅ Updated 3 PDFs
[190/843] Fixing PDFs for SKU: LT4715G17#MW (ID: 6011)
  ✅ Updated 3 PDFs
[191/843] Fixing PDFs for SKU: CW553C#XW/TCF34570GAA#NW1/WH172AAT/TCA502/MB170P#SS (ID: 5715)
  ✅ Updated 3 PDFs
[192/843] Fixing PDFs for SKU: PJS01WE#GW (ID: 5943)
  ✅ Updated 3 PDFs
[193/843] Fixing PDFs for SKU: LT4704G17#MGR (ID: 6000)
  ✅ Updated 3 PDFs
[194/843] Fixing PDFs for SKU: CS945PDT3#XW (ID: 5739)
  ✅ Updated 3 PDFs
[195/843] Fixing PDFs for SKU: L1716#W (ID: 5953)
  ✅ Updated 3 PDFs
[196/843] Fixing PDFs for SKU: TC600VS#W (ID: 1205)
  ✅ Updated 3 PDFs
[197/843] Fixing PDFs for SKU: CS948DT10#XW (ID: 5649)
  ✅ Updated 3 PDFs
[198/843] Fixing PDFs for SKU: CS902VT#NW1/T53P100VR (ID: 5732)
  ✅ Updated 3 PDFs
[199/843] Fixing PDFs for SKU: LW896JW/F#MDR (ID: 5989)
  ✅ Updated 3 PDFs
[200/843] Fixing PDFs for SKU: CW812RA#W/TCF24410AAA#NW1/WH172A/MB176G#WH (ID: 5677)
  ✅ Updated 3 PDFs
[201/843] Fixing PDFs for SKU: CW822RFVA1#W/TC600VS#W/TREF35L2A/WH005A (ID: 5678)
  ✅ Updated 3 PDFs
[202/843] Fixing PDFs for SKU: DGH108ZR (ID: 610)
  ✅ Updated 3 PDFs
[203/843] Fixing PDFs for SKU: PJY1814HPWE#MW (ID: 2835)
  ✅ Updated 3 PDFs
[204/843] Fixing PDFs for SKU: LT4704G19#MBL (ID: 6003)
  ✅ Updated 3 PDFs
[205/843] Fixing PDFs for SKU: LT4716G19#MGR (ID: 6021)
  ✅ Updated 3 PDFs
[206/843] Fixing PDFs for SKU: MS855DW11#XW (ID: 704)
  ✅ Updated 3 PDFs
[207/843] Fixing PDFs for SKU: PAY1725HVC#W (ID: 3003)
  ✅ Updated 3 PDFs
[208/843] Fixing PDFs for SKU: CW553#XW/TC384CVK#W/WH172A/MB174P#SS (ID: 5826)
  ✅ Updated 3 PDFs
[209/843] Fixing PDFs for SKU: PJS01WE#MW (ID: 5988)
  ✅ Updated 3 PDFs
[210/843] Fixing PDFs for SKU: LT1705#MW (ID: 5975)
  ✅ Updated 3 PDFs
[211/843] Fixing PDFs for SKU: CS838CDW17#XW (ID: 5634)
  ✅ Updated 3 PDFs
[212/843] Fixing PDFs for SKU: LT4704G19#MGR (ID: 6004)
  ✅ Updated 3 PDFs
[213/843] Fixing PDFs for SKU: TBS04302V/DGH104ZR (ID: 621)
  ✅ Updated 4 PDFs
[214/843] Fixing PDFs for SKU: CS986GW24#XW (ID: 5817)
  ✅ Updated 2 PDFs
[215/843] Fixing PDFs for SKU: TLG03301V (ID: 605)
  ✅ Updated 3 PDFs
[216/843] Fixing PDFs for SKU: CS326DW14#XW (ID: 5662)
  ✅ Updated 3 PDFs
[217/843] Fixing PDFs for SKU: MS823CDRW23#XW (ID: 5721)
[218/843] Fixing PDFs for SKU: PAY1710V#W (ID: 3013)
  ✅ Updated 3 PDFs
[219/843] Fixing PDFs for SKU: CW553C#XW/TCF34570GAA#NW1/WH172AAT/TCA502/MB175M#SS (ID: 5668)
  ✅ Updated 3 PDFs
[220/843] Fixing PDFs for SKU: TLG02304V (ID: 603)
  ✅ Updated 3 PDFs
[221/843] Fixing PDFs for SKU: LW781CJ#W (ID: 924)
  ✅ Updated 3 PDFs
[222/843] Fixing PDFs for SKU: LW526NJU#W (ID: 206)
  ✅ Updated 3 PDFs
[223/843] Fixing PDFs for SKU: TBW08001A1 (ID: 2520)
  ✅ Updated 3 PDFs
[224/843] Fixing PDFs for SKU: LT505T#XW (ID: 912)
  ✅ Updated 3 PDFs
[225/843] Fixing PDFs for SKU: MS625CDW24#XW (ID: 5770)
[226/843] Fixing PDFs for SKU: PAY1730HV#W/TVBF411 (ID: 644)
  ✅ Updated 3 PDFs
[227/843] Fixing PDFs for SKU: LT4715G19#MBL (ID: 6012)
  ✅ Updated 3 PDFs
[228/843] Fixing PDFs for SKU: DGH104ZR (ID: 611)
  ✅ Updated 3 PDFs
[229/843] Fixing PDFs for SKU: CS838DT8#XW (ID: 5555)
  ✅ Updated 3 PDFs
[230/843] Fixing PDFs for SKU: CS901VT#NW1/T53P100VR (ID: 5589)
  ✅ Updated 3 PDFs
[231/843] Fixing PDFs for SKU: CW822RA#W/TCF33461GAA#NW1/WH172A/MB175M#SS (ID: 5801)
  ✅ Updated 2 PDFs
[232/843] Fixing PDFs for SKU: TBV03429V (ID: 2751)
  ✅ Updated 3 PDFs
[233/843] Fixing PDFs for SKU: LT5715#XW (ID: 242)
  ✅ Updated 3 PDFs
[234/843] Fixing PDFs for SKU: LW630JDW/F#ASB (ID: 5984)
  ✅ Updated 3 PDFs
[235/843] Fixing PDFs for SKU: MS887CRW24#XW (ID: 5778)
[236/843] Fixing PDFs for SKU: MS188VKW16#XW/T53P100VR (ID: 5621)
  ✅ Updated 3 PDFs
[237/843] Fixing PDFs for SKU: TBV03429V/TBW02006A (ID: 2756)
  ✅ Updated 4 PDFs
[238/843] Fixing PDFs for SKU: MS887RW16#XW (ID: 5625)
  ✅ Updated 3 PDFs
[239/843] Fixing PDFs for SKU: CS767RT3#XW (ID: 690)
  ✅ Updated 3 PDFs
[240/843] Fixing PDFs for SKU: CS767RE2#XW (ID: 691)
  ✅ Updated 3 PDFs
[241/843] Fixing PDFs for SKU: CS767CRW15#XW (ID: 5582)
  ✅ Updated 3 PDFs
[242/843] Fixing PDFs for SKU: CS986CGW12#XW (ID: 713)
  ✅ Updated 3 PDFs
[243/843] Fixing PDFs for SKU: LT1735#XW (ID: 5955)
  ✅ Updated 3 PDFs
[244/843] Fixing PDFs for SKU: LW1505V#XW (ID: 920)
[245/843] Fixing PDFs for SKU: CS735DW11#XW (ID: 5854)
  ✅ Updated 3 PDFs
[246/843] Fixing PDFs for SKU: TBW07001A/TBV01407B/TBN01001B (ID: 2666)
[247/843] Fixing PDFs for SKU: CS767CRW24#XW (ID: 5787)
[248/843] Fixing PDFs for SKU: PAY1720HV#W/TVBF411 (ID: 631)
  ✅ Updated 3 PDFs
[249/843] Fixing PDFs for SKU: CS945PDE4#XW (ID: 5740)
  ✅ Updated 3 PDFs
[250/843] Fixing PDFs for SKU: CW812RA#W/TC811SJ#W/WH172A/MB174P#SS (ID: 5687)
[251/843] Fixing PDFs for SKU: CS945PDW16#XW (ID: 5742)
  ✅ Updated 3 PDFs
[252/843] Fixing PDFs for SKU: CS945PDT2#XW (ID: 5747)
  ✅ Updated 3 PDFs
[253/843] Fixing PDFs for SKU: CS945PDT8#XW (ID: 5748)
  ✅ Updated 3 PDFs
[254/843] Fixing PDFs for SKU: LT4706#XW (ID: 5959)
  ✅ Updated 3 PDFs
[255/843] Fixing PDFs for SKU: MS855DW14#XW (ID: 5574)
  ✅ Updated 3 PDFs
[256/843] Fixing PDFs for SKU: MS188VKW14#XW/T53P100VR (ID: 5620)
  ✅ Updated 3 PDFs
[257/843] Fixing PDFs for SKU: PAY1730V#W (ID: 3014)
  ✅ Updated 3 PDFs
[258/843] Fixing PDFs for SKU: CS326DW18#XW (ID: 5692)
  ✅ Updated 3 PDFs
[259/843] Fixing PDFs for SKU: MS823DRE2#XW (ID: 5641)
  ✅ Updated 3 PDFs
[260/843] Fixing PDFs for SKU: CW812REA#W/TCF47360GAA#NW1/WH172AAT/TCA546/MB174P#SS (ID: 5744)
  ✅ Updated 6 PDFs
[261/843] Fixing PDFs for SKU: MS823DRT2#XW (ID: 5643)
  ✅ Updated 3 PDFs
[262/843] Fixing PDFs for SKU: MS857DW16#XW (ID: 5756)
  ✅ Updated 2 PDFs
[263/843] Fixing PDFs for SKU: MS885CDW24#XW (ID: 5772)
[264/843] Fixing PDFs for SKU: CS767RW11#XW (ID: 689)
  ✅ Updated 3 PDFs
[265/843] Fixing PDFs for SKU: MS625DW25#XW (ID: 5812)
  ✅ Updated 3 PDFs
[266/843] Fixing PDFs for SKU: MS885CDW12#XW (ID: 702)
  ✅ Updated 3 PDFs
[267/843] Fixing PDFs for SKU: MS823DRW11#XW (ID: 5859)
  ✅ Updated 3 PDFs
[268/843] Fixing PDFs for SKU: TX109LD (ID: 591)
  ✅ Updated 3 PDFs
[269/843] Fixing PDFs for SKU: TBW01001BA/TBS02302V/TBW01008A (ID: 589)
[270/843] Fixing PDFs for SKU: PAY1725VC#W/TVBF411 (ID: 639)
  ✅ Updated 3 PDFs
[271/843] Fixing PDFs for SKU: TLS02301V (ID: 609)
  ✅ Updated 3 PDFs
[272/843] Fixing PDFs for SKU: TBV03429V/TBW02017A (ID: 2760)
  ✅ Updated 4 PDFs
[273/843] Fixing PDFs for SKU: PPY1610HIPTE#S (ID: 2822)
  ✅ Updated 3 PDFs
[274/843] Fixing PDFs for SKU: PJS03WE#MW (ID: 6022)
  ✅ Updated 3 PDFs
[275/843] Fixing PDFs for SKU: TBS03302V/DGH104ZR (ID: 620)
  ✅ Updated 4 PDFs
[276/843] Fixing PDFs for SKU: LW1535V#XW/TL516GV (ID: 913)
  ✅ Updated 3 PDFs
[277/843] Fixing PDFs for SKU: CS948CDW23#XW (ID: 5725)
[278/843] Fixing PDFs for SKU: TLE27002A/TLE03502A1/TLN01102A (ID: 3652)
  ✅ Updated 3 PDFs
[279/843] Fixing PDFs for SKU: PPYB1610LHPTE#S/TVBF412 (ID: 1614)
[280/843] Fixing PDFs for SKU: TBW07001A (ID: 2524)
  ✅ Updated 3 PDFs
[281/843] Fixing PDFs for SKU: PJY1814HPWE#GW (ID: 2833)
  ✅ Updated 3 PDFs
[282/843] Fixing PDFs for SKU: TBV03429V/TBW03002B (ID: 2758)
  ✅ Updated 4 PDFs
[283/843] Fixing PDFs for SKU: TBS03302V/DGH108ZR (ID: 616)
  ✅ Updated 4 PDFs
[284/843] Fixing PDFs for SKU: USWN902ASV#XW (ID: 672)
  ✅ Updated 3 PDFs
[285/843] Fixing PDFs for SKU: MS887RT2#XW (ID: 5546)
  ✅ Updated 3 PDFs
[286/843] Fixing PDFs for SKU: CW812REA#W/TCF24460AAA#NW1/WH172AT/TCA465/MB174P#SS (ID: 5707)
  ✅ Updated 3 PDFs
[287/843] Fixing PDFs for SKU: MS887CRW12#XW (ID: 711)
  ✅ Updated 3 PDFs
[288/843] Fixing PDFs for SKU: MS887RW11#XW (ID: 1247)
  ✅ Updated 3 PDFs
[289/843] Fixing PDFs for SKU: LHT328CHR#XW (ID: 235)
  ✅ Updated 2 PDFs
[290/843] Fixing PDFs for SKU: CS921VT#NW1/TCF83410GAA#NW1/T53P100VR (ID: 5681)
  ✅ Updated 3 PDFs
[291/843] Fixing PDFs for SKU: DM907CS/TBS04302V/DGH104ZR (ID: 579)
  ✅ Updated 6 PDFs
[292/843] Fixing PDFs for SKU: MS887RE2#XW (ID: 1273)
  ✅ Updated 3 PDFs
[293/843] Fixing PDFs for SKU: MS887RT3#XW (ID: 5547)
[294/843] Fixing PDFs for SKU: MS887RW24#XW (ID: 5795)
  ✅ Updated 3 PDFs
[295/843] Fixing PDFs for SKU: CS945PDT10#XW (ID: 5656)
  ✅ Updated 1 PDFs
[296/843] Fixing PDFs for SKU: TBW02002BA/TBG04302VA/TBW02006A (ID: 575)
[297/843] Fixing PDFs for SKU: CW822REA#W/TCF33461GAA#NW1/WH172AT/TCA465/MB170P#SS (ID: 5823)
[298/843] Fixing PDFs for SKU: TBW01004A (ID: 1654)
  ✅ Updated 3 PDFs
[299/843] Fixing PDFs for SKU: MS885DW14#XW (ID: 5571)
  ✅ Updated 3 PDFs
[300/843] Fixing PDFs for SKU: MS889DRW14#XW (ID: 1251)
  ✅ Updated 3 PDFs
[301/843] Fixing PDFs for SKU: CS838CDW12#XW (ID: 1249)
  ✅ Updated 3 PDFs
[302/843] Fixing PDFs for SKU: CS838DT2#XW (ID: 5554)
  ✅ Updated 3 PDFs
[303/843] Fixing PDFs for SKU: CS838DW14#XW (ID: 5575)
  ✅ Updated 3 PDFs
[304/843] Fixing PDFs for SKU: CS838DW16#XW (ID: 5631)
  ✅ Updated 3 PDFs
[305/843] Fixing PDFs for SKU: CS838DW18#XW (ID: 5690)
  ✅ Updated 3 PDFs
[306/843] Fixing PDFs for SKU: CS838DW24#XW (ID: 5791)
  ✅ Updated 3 PDFs
[307/843] Fixing PDFs for SKU: CS986CGW24#XW (ID: 5785)
[308/843] Fixing PDFs for SKU: CS838DW25#XW (ID: 5810)
  ✅ Updated 3 PDFs
[309/843] Fixing PDFs for SKU: CW878BA#XW/TCF76311GAA#NW1/T53P100VR (ID: 5776)
  ✅ Updated 5 PDFs
[310/843] Fixing PDFs for SKU: TBS01302V/DGH108ZR (ID: 614)
  ✅ Updated 4 PDFs
[311/843] Fixing PDFs for SKU: TBW03002B (ID: 1231)
  ✅ Updated 3 PDFs
[312/843] Fixing PDFs for SKU: CS300DT3Y1#W (ID: 681)
  ✅ Updated 3 PDFs
[313/843] Fixing PDFs for SKU: TBW07012A/TBW01016B/TBW01014B/TBG01303BA/TBN01001B (ID: 2127)
[314/843] Fixing PDFs for SKU: LT681#W (ID: 5961)
[315/843] Fixing PDFs for SKU: UT904HR#XW (ID: 664)
  ✅ Updated 3 PDFs
[316/843] Fixing PDFs for SKU: CS911VT#NW1/TCF87120GAA#NW1/T53P100VR (ID: 5685)
  ✅ Updated 3 PDFs
[317/843] Fixing PDFs for SKU: LPT239CR#W (ID: 226)
  ✅ Updated 3 PDFs
[318/843] Fixing PDFs for SKU: CS767RT2#XW (ID: 687)
  ✅ Updated 3 PDFs
[319/843] Fixing PDFs for SKU: LW818JW/F#W (ID: 202)
[320/843] Fixing PDFs for SKU: TBS02001B (ID: 1650)
  ✅ Updated 3 PDFs
[321/843] Fixing PDFs for SKU: CS769DRE2#XW (ID: 1269)
  ✅ Updated 3 PDFs
[322/843] Fixing PDFs for SKU: TBW08001A (ID: 2516)
  ✅ Updated 3 PDFs
[323/843] Fixing PDFs for SKU: CS767RT10#XW (ID: 5651)
  ✅ Updated 3 PDFs
[324/843] Fixing PDFs for SKU: MS889DRW11#XW (ID: 1246)
  ✅ Updated 3 PDFs
[325/843] Fixing PDFs for SKU: CS988PVT#NW1/TCF9575Z#NW1 (ID: 5865)
  ✅ Updated 3 PDFs
[326/843] Fixing PDFs for SKU: CW822RA#W/TCF24410AAA#NW1/WH172A/MB170P#SS (ID: 5702)
  ✅ Updated 3 PDFs
[327/843] Fixing PDFs for SKU: CW542HME5U#NW1/TCF801CZ#NW1/WH172AT/MB175M#SS (ID: 745)
  ✅ Updated 3 PDFs
[328/843] Fixing PDFs for SKU: PJY1734PWEN#MW/TVBF412 (ID: 2989)
  ✅ Updated 3 PDFs
[329/843] Fixing PDFs for SKU: MS625DT2#XW (ID: 5645)
  ✅ Updated 3 PDFs
[330/843] Fixing PDFs for SKU: MS625DT8#XW (ID: 5654)
  ✅ Updated 3 PDFs
[331/843] Fixing PDFs for SKU: MS625CDW17#XW (ID: 5658)
  ✅ Updated 3 PDFs
[332/843] Fixing PDFs for SKU: MS625DW16#XW (ID: 5659)
  ✅ Updated 3 PDFs
[333/843] Fixing PDFs for SKU: CW822RA#W/TC385VS#W/WH172A/MB175M#SS (ID: 742)
  ✅ Updated 3 PDFs
[334/843] Fixing PDFs for SKU: MS625CDW15#XW (ID: 5660)
  ✅ Updated 3 PDFs
[335/843] Fixing PDFs for SKU: MS625DW14#XW (ID: 5661)
  ✅ Updated 3 PDFs
[336/843] Fixing PDFs for SKU: MS625DW11#XW (ID: 5862)
  ✅ Updated 3 PDFs
[337/843] Fixing PDFs for SKU: LT4704G17#XW (ID: 5944)
  ✅ Updated 3 PDFs
[338/843] Fixing PDFs for SKU: LT4704G17#MW (ID: 5999)
  ✅ Updated 3 PDFs
[339/843] Fixing PDFs for SKU: TBW01015B (ID: 2160)
  ✅ Updated 3 PDFs
[340/843] Fixing PDFs for SKU: LT4715G19#XW (ID: 5957)
  ✅ Updated 3 PDFs
[341/843] Fixing PDFs for SKU: LW893CJW/F#W (ID: 5937)
  ✅ Updated 3 PDFs
[342/843] Fixing PDFs for SKU: LT4715G19#MGR (ID: 6014)
  ✅ Updated 3 PDFs
[343/843] Fixing PDFs for SKU: PAY1300PE#W/TVBF412/DB505R-2B (ID: 1784)
  ✅ Updated 3 PDFs
[344/843] Fixing PDFs for SKU: LT5615C#XW (ID: 240)
  ✅ Updated 3 PDFs
[345/843] Fixing PDFs for SKU: MS188VKE4#XW/T53P100VR (ID: 1277)
  ✅ Updated 3 PDFs
[346/843] Fixing PDFs for SKU: LT4716G17#MBE (ID: 6016)
  ✅ Updated 3 PDFs
[347/843] Fixing PDFs for SKU: MS188VKT8#XW/T53P100VR (ID: 5564)
  ✅ Updated 3 PDFs
[348/843] Fixing PDFs for SKU: TCF23410AAA#NW1 (ID: 1299)
  ✅ Updated 3 PDFs
[349/843] Fixing PDFs for SKU: MS188VKW24#XW/T53P100VR (ID: 5780)
[350/843] Fixing PDFs for SKU: MS188VKW11#XW/T53P100VR (ID: 5858)
  ✅ Updated 3 PDFs
[351/843] Fixing PDFs for SKU: LT4716G19#MBL (ID: 5982)
  ✅ Updated 3 PDFs
[352/843] Fixing PDFs for SKU: TBS02302V/DGH104ZR (ID: 619)
  ✅ Updated 4 PDFs
[353/843] Fixing PDFs for SKU: TBS02302V/TBW02006A (ID: 626)
  ✅ Updated 4 PDFs
[354/843] Fixing PDFs for SKU: MS625CDW23#XW (ID: 5718)
  ✅ Updated 2 PDFs
[355/843] Fixing PDFs for SKU: LT4716G19#MW (ID: 6020)
  ✅ Updated 3 PDFs
[356/843] Fixing PDFs for SKU: TBW160V0A (ID: 2663)
  ❌ Failed: page.goto: net::ERR_ABORTED at https://hita.com.vn/thanh-truot-sen-tam-toto-tbw160v0a-21017.html
Call log:
  - navigating to "https://hita.com.vn/thanh-truot-sen-tam-toto-tbw160v0a-21017.html", waiting until "domcontentloaded"

[357/843] Fixing PDFs for SKU: PPY1750HPE#P/DB505R-3B/TVBF412 (ID: 3010)
  ❌ Failed: page.goto: Target page, context or browser has been closed
[358/843] Fixing PDFs for SKU: TBW02005A/TBW07019A/TBW02013B/TBG02303BA/TBN01001B (ID: 2123)
  ❌ Failed: page.goto: Target page, context or browser has been closed
[359/843] Fixing PDFs for SKU: CW522EA#NW1/TCF796CZ#NW1/WH172AT/MB171M#SS (ID: 750)
  ❌ Failed: page.goto: Target page, context or browser has been closed
[360/843] Fixing PDFs for SKU: MS889DRE4#XW (ID: 1270)
  ❌ Failed: page.goto: Target page, context or browser has been closed
[361/843] Fixing PDFs for SKU: PPY1353-3HPE#P/TVBF412/DB505R-2B (ID: 1783)
  ❌ Failed: page.goto: Target page, context or browser has been closed
[362/843] Fixing PDFs for SKU: CS326DE2#XW (ID: 5673)
  ❌ Failed: page.goto: Target page, context or browser has been closed
[363/843] Fixing PDFs for SKU: CS326DT3#XW (ID: 5646)
  ❌ Failed: page.goto: Target page, context or browser has been closed
[364/843] Fixing PDFs for SKU: CS326DW11#XW (ID: 5863)
  ❌ Failed: page.goto: Target page, context or browser has been closed
[365/843] Fixing PDFs for SKU: MS885DT2#XW (ID: 697)
  ❌ Failed: page.goto: Target page, context or browser has been closed
[366/843] Fixing PDFs for SKU: TBW07009A/TBG01001B/TBW01014B/TBS04304B (ID: 2671)
  ❌ Failed: page.goto: Target page, context or browser has been closed
[367/843] Fixing PDFs for SKU: MS885DT3#XW (ID: 699)
  ❌ Failed: page.goto: Target page, context or browser has been closed
[368/843] Fixing PDFs for SKU: MS885DW11#XW (ID: 703)
  ❌ Failed: page.goto: Target page, context or browser has been closed
[369/843] Fixing PDFs for SKU: CS945PDW18#XW (ID: 5689)
  ❌ Failed: page.goto: Target page, context or browser has been closed
[370/843] Fixing PDFs for SKU: MS188VKT3#XW/T53P100VR (ID: 5563)
  ❌ Failed: page.goto: Target page, context or browser has been closed
[371/843] Fixing PDFs for SKU: CW822REA#W/TCF24460AAA#NW1/WH172AT/TCA465/MB175M#SS (ID: 5604)
  ❌ Failed: page.goto: Target page, context or browser has been closed
[372/843] Fixing PDFs for SKU: CS767CRW17#XW (ID: 5635)
  ❌ Failed: page.goto: Target page, context or browser has been closed
[373/843] Fixing PDFs for SKU: MS885DW16#XW (ID: 5626)
  ❌ Failed: page.goto: Target page, context or browser has been closed
[374/843] Fixing PDFs for SKU: CS302DW16#W (ID: 5665)
  ❌ Failed: page.goto: Target page, context or browser has been closed
[375/843] Fixing PDFs for SKU: LW1535V#XW (ID: 917)
  ❌ Failed: page.goto: Target page, context or browser has been closed
[376/843] Fixing PDFs for SKU: MS823DRE4#XW (ID: 5642)
  ❌ Failed: page.goto: Target page, context or browser has been closed
[377/843] Fixing PDFs for SKU: PAY1730V#W/TVBF411 (ID: 633)
  ❌ Failed: page.goto: Target page, context or browser has been closed
[378/843] Fixing PDFs for SKU: L762#XW (ID: 209)
  ❌ Failed: page.goto: Target page, context or browser has been closed
[379/843] Fixing PDFs for SKU: CS769DRT10#XW (ID: 5650)
  ❌ Failed: page.goto: Target page, context or browser has been closed
[380/843] Fixing PDFs for SKU: CW812RA#W/TCF24410AAA#NW1/WH172A/MB174P#WH (ID: 5765)
  ❌ Failed: page.goto: Target page, context or browser has been closed
[381/843] Fixing PDFs for SKU: CS838CDW25#XW (ID: 5782)
  ❌ Failed: page.goto: Target page, context or browser has been closed
[382/843] Fixing PDFs for SKU: CS302DT10#W (ID: 5655)
  ❌ Failed: page.goto: Target page, context or browser has been closed
[383/843] Fixing PDFs for SKU: CS767RW25#XW (ID: 5808)
  ❌ Failed: page.goto: Target page, context or browser has been closed
[384/843] Fixing PDFs for SKU: TVLM108RU (ID: 593)
  ❌ Failed: page.goto: Target page, context or browser has been closed
[385/843] Fixing PDFs for SKU: CW812REA#W/TCF23460AAA#NW1/WH172AT/TCA465/MB176G#WH (ID: 5666)
  ❌ Failed: page.goto: Target page, context or browser has been closed
[386/843] Fixing PDFs for SKU: CS838DT10#XW (ID: 5648)
  ❌ Failed: page.goto: Target page, context or browser has been closed
[387/843] Fixing PDFs for SKU: CW553#XW/TCF33320GAA#NW1/WH172A/MB174P#SS (ID: 5736)
  ❌ Failed: page.goto: Target page, context or browser has been closed
[388/843] Fixing PDFs for SKU: CW812REA#W/TCF33461GAA#NW1/WH172AT/TCA465/MB175M#SS (ID: 5799)
  ❌ Failed: page.goto: Target page, context or browser has been closed
[389/843] Fixing PDFs for SKU: PPYB1610LHPTE#P/TVBF412 (ID: 1612)
  ❌ Failed: page.goto: Target page, context or browser has been closed
[390/843] Fixing PDFs for SKU: PAY1520HV#W/TVBF411 (ID: 632)
  ❌ Failed: page.goto: Target page, context or browser has been closed
[391/843] Fixing PDFs for SKU: CS769DRW11#XW (ID: 1248)
  ❌ Failed: page.goto: Target page, context or browser has been closed
[392/843] Fixing PDFs for SKU: CW993VA#NW1/TCF993WA#NW1/T53P100VR (ID: 5601)
  ❌ Failed: page.goto: Target page, context or browser has been closed
[393/843] Fixing PDFs for SKU: CW812RA#W/TCF34461GAA#NW1/WH172A/MB174P#SS (ID: 5820)
  ❌ Failed: page.goto: Target page, context or browser has been closed
[394/843] Fixing PDFs for SKU: CW822RA#W/TCF34461GAA#NW1/WH172A/MB170P#SS (ID: 5824)
  ❌ Failed: page.goto: Target page, context or browser has been closed
[395/843] Fixing PDFs for SKU: LHT236CS#W (ID: 229)
  ❌ Failed: page.goto: Target page, context or browser has been closed
[396/843] Fixing PDFs for SKU: CW762#XW (ID: 680)
  ❌ Failed: page.goto: Target page, context or browser has been closed
[397/843] Fixing PDFs for SKU: MS857DE4#XW (ID: 5753)
  ❌ Failed: page.goto: Target page, context or browser has been closed
[398/843] Fixing PDFs for SKU: PPY1610HPTE#S (ID: 2820)
  ❌ Failed: page.goto: Target page, context or browser has been closed
[399/843] Fixing PDFs for SKU: MS887CRW23#XW (ID: 5722)
  ❌ Failed: page.goto: Target page, context or browser has been closed
[400/843] Fixing PDFs for SKU: TBV03427V/TBW03002B (ID: 2754)
  ❌ Failed: page.goto: Target page, context or browser has been closed
[401/843] Fixing PDFs for SKU: TBV03431V/TBW01008A (ID: 2765)
  ❌ Failed: page.goto: Target page, context or browser has been closed
[402/843] Fixing PDFs for SKU: CS986GW25#XW (ID: 5811)
  ❌ Failed: page.goto: Target page, context or browser has been closed
[403/843] Fixing PDFs for SKU: TCF34320GAA#NW1 (ID: 1292)
  ❌ Failed: page.goto: Target page, context or browser has been closed
[404/843] Fixing PDFs for SKU: CS838CDW15#XW (ID: 5576)
  ❌ Failed: page.goto: Target page, context or browser has been closed
[405/843] Fixing PDFs for SKU: TBW02001BA (ID: 583)
  ❌ Failed: page.goto: Target page, context or browser has been closed
[406/843] Fixing PDFs for SKU: MS857CDW25#XW (ID: 5773)
  ❌ Failed: page.goto: Target page, context or browser has been closed
[407/843] Fixing PDFs for SKU: MS855CDW12#XW (ID: 705)
  ❌ Failed: page.goto: Target page, context or browser has been closed
[408/843] Fixing PDFs for SKU: CW705ENJ#W (ID: 1968)
  ❌ Failed: page.goto: Target page, context or browser has been closed
[409/843] Fixing PDFs for SKU: CW812REA#W/TCF4911EZ#NW1/WH172AAT/TCA464/MB174P#SS (ID: 5710)
  ❌ Failed: page.goto: Target page, context or browser has been closed
[410/843] Fixing PDFs for SKU: CW762#XW/TC384CVK#W/WH172A/MB170P#SS (ID: 5763)
  ❌ Failed: page.goto: Target page, context or browser has been closed
[411/843] Fixing PDFs for SKU: CS320DRT3#W (ID: 677)
  ❌ Failed: page.goto: Target page, context or browser has been closed
[412/843] Fixing PDFs for SKU: CS838DW11#XW (ID: 1250)
  ❌ Failed: page.goto: Target page, context or browser has been closed
[413/843] Fixing PDFs for SKU: CS325DRT3#W (ID: 678)
  ❌ Failed: page.goto: Target page, context or browser has been closed
[414/843] Fixing PDFs for SKU: CW162#XW/TC384CVK#W/WH172A/MB174P#WH (ID: 5711)
  ❌ Failed: page.goto: Target page, context or browser has been closed
[415/843] Fixing PDFs for SKU: MS636CDRW23#XW (ID: 5719)
  ❌ Failed: page.goto: Target page, context or browser has been closed
[416/843] Fixing PDFs for SKU: MS855DT2#XW (ID: 709)
  ❌ Failed: page.goto: Target page, context or browser has been closed
[417/843] Fixing PDFs for SKU: MS855DW18#XW (ID: 5688)
  ❌ Failed: page.goto: Target page, context or browser has been closed
[418/843] Fixing PDFs for SKU: CW822REA#W/TCF24460AAA#NW1/WH172AT/TCA465/MB170P#SS (ID: 5699)
  ❌ Failed: page.goto: Target page, context or browser has been closed
[419/843] Fixing PDFs for SKU: LHT239CR#W (ID: 227)
  ❌ Failed: page.goto: Target page, context or browser has been closed
[420/843] Fixing PDFs for SKU: PAY1715VC#W/TVBF411 (ID: 3006)
  ❌ Failed: page.goto: Target page, context or browser has been closed
[421/843] Fixing PDFs for SKU: U104W/F#W/DU601SRR (ID: 675)
  ❌ Failed: page.goto: Target page, context or browser has been closed
[422/843] Fixing PDFs for SKU: TLE28002A/TLE03502A1/TLN01102A (ID: 3647)
  ❌ Failed: page.goto: Target page, context or browser has been closed
[423/843] Fixing PDFs for SKU: PAY1515HVC#W/TVBF411 (ID: 640)
  ❌ Failed: page.goto: Target page, context or browser has been closed
[424/843] Fixing PDFs for SKU: CS986CGW15#XW (ID: 5584)
  ❌ Failed: page.goto: Target page, context or browser has been closed
[425/843] Fixing PDFs for SKU: TBW02003A/TBG02001B/TBG02304BA/TBN01001B (ID: 2670)
  ❌ Failed: page.goto: Target page, context or browser has been closed
[426/843] Fixing PDFs for SKU: MS625DW24#XW (ID: 5792)
  ❌ Failed: page.goto: Target page, context or browser has been closed
[427/843] Fixing PDFs for SKU: TBW01008A (ID: 1226)
  ❌ Failed: page.goto: Target page, context or browser has been closed
[428/843] Fixing PDFs for SKU: CW992VA#NW1/TCF992WA#NW1/T53P100VR (ID: 5599)
  ❌ Failed: page.goto: Target page, context or browser has been closed
[429/843] Fixing PDFs for SKU: CS767CRW25#XW (ID: 5783)
  ❌ Failed: page.goto: Target page, context or browser has been closed
[430/843] Fixing PDFs for SKU: TBW02006A/TBW07019A/TBW02013B/TBV02403B/TBN01001B (ID: 2116)
  ❌ Failed: page.goto: Target page, context or browser has been closed
[431/843] Fixing PDFs for SKU: LW1617C#W (ID: 5930)
  ❌ Failed: page.goto: Target page, context or browser has been closed
[432/843] Fixing PDFs for SKU: LT1717#XW (ID: 5954)
  ❌ Failed: page.goto: Target page, context or browser has been closed
[433/843] Fixing PDFs for SKU: LW1536V#XW (ID: 918)
  ❌ Failed: page.goto: Target page, context or browser has been closed
[434/843] Fixing PDFs for SKU: PAY1717CPTNE#W (ID: 2826)
  ❌ Failed: page.goto: Target page, context or browser has been closed
[435/843] Fixing PDFs for SKU: PAY1510HV#W/TVBF411 (ID: 634)
  ❌ Failed: page.goto: Target page, context or browser has been closed
[436/843] Fixing PDFs for SKU: TX606KES (ID: 319)
  ❌ Failed: page.goto: Target page, context or browser has been closed
[437/843] Fixing PDFs for SKU: CW553C#XW/TCF33370GAA#NW1/WH172AT/TCA465/MB174P#SS (ID: 5734)
  ❌ Failed: page.goto: Target page, context or browser has been closed
[438/843] Fixing PDFs for SKU: LT1615C#XW (ID: 5938)
  ❌ Failed: page.goto: Target page, context or browser has been closed
[439/843] Fixing PDFs for SKU: CW822RA#W/TCF4911Z#NW1/WH172A/MB175M#SS (ID: 5613)
  ❌ Failed: page.goto: Target page, context or browser has been closed
[440/843] Fixing PDFs for SKU: CW812REA#W/TCF4911EZ#NW1/WH172AAT/TCA464/MB176G#WH (ID: 744)
  ❌ Failed: page.goto: Target page, context or browser has been closed
[441/843] Fixing PDFs for SKU: CW822RA#W/TCF33461GAA#NW1/WH172A/MB174P#SS (ID: 5828)
  ❌ Failed: page.goto: Target page, context or browser has been closed
[442/843] Fixing PDFs for SKU: USWN900AE#XW/HHF90603 (ID: 669)
  ❌ Failed: page.goto: Target page, context or browser has been closed
[443/843] Fixing PDFs for SKU: MS855DT3#XW (ID: 708)
  ❌ Failed: page.goto: Target page, context or browser has been closed
[444/843] Fixing PDFs for SKU: PAY1525HVC#W (ID: 3002)
  ❌ Failed: page.goto: Target page, context or browser has been closed
[445/843] Fixing PDFs for SKU: LT1705#MBE (ID: 5974)
  ❌ Failed: page.goto: Target page, context or browser has been closed
[446/843] Fixing PDFs for SKU: PAY1735VC#W/TVBF411 (ID: 642)
  ❌ Failed: page.goto: Target page, context or browser has been closed
[447/843] Fixing PDFs for SKU: TBW07020A (ID: 4685)
  ❌ Failed: page.goto: Target page, context or browser has been closed
[448/843] Fixing PDFs for SKU: CS302DW11#W (ID: 5864)
  ❌ Failed: page.goto: Target page, context or browser has been closed
[449/843] Fixing PDFs for SKU: TCF23710AAA#NW1 (ID: 1196)
  ❌ Failed: page.goto: Target page, context or browser has been closed
[450/843] Fixing PDFs for SKU: PAY1510V#W/TVBF411 (ID: 645)
  ❌ Failed: page.goto: Target page, context or browser has been closed
[451/843] Fixing PDFs for SKU: CW522EA#NW1/TCF797C2Z#NW1/WH172AAT/MB171M#SS (ID: 758)
  ❌ Failed: page.goto: Target page, context or browser has been closed
[452/843] Fixing PDFs for SKU: CS838DT3#XW (ID: 5553)
  ❌ Failed: page.goto: Target page, context or browser has been closed
[453/843] Fixing PDFs for SKU: CS735DT3#XW (ID: 5533)
  ❌ Failed: page.goto: Target page, context or browser has been closed
[454/843] Fixing PDFs for SKU: CS735DT10#XW (ID: 5652)
  ❌ Failed: page.goto: Target page, context or browser has been closed
[455/843] Fixing PDFs for SKU: TBS04302V/DGH108ZR (ID: 617)
  ❌ Failed: page.goto: Target page, context or browser has been closed
[456/843] Fixing PDFs for SKU: CS838CDW23#XW (ID: 5726)
  ❌ Failed: page.goto: Target page, context or browser has been closed
[457/843] Fixing PDFs for SKU: LT1515#XW (ID: 911)
  ❌ Failed: page.goto: Target page, context or browser has been closed
[458/843] Fixing PDFs for SKU: CW812REA#W/TCF33461GAA#NW1/WH172AT/TCA465/MB174P#SS (ID: 5819)
  ❌ Failed: page.goto: Target page, context or browser has been closed
[459/843] Fixing PDFs for SKU: PAY1720V#W/TVBF411 (ID: 630)
  ❌ Failed: page.goto: Target page, context or browser has been closed
[460/843] Fixing PDFs for SKU: TCF34570GAA#NW1 (ID: 1293)
  ❌ Failed: page.goto: Target page, context or browser has been closed
[461/843] Fixing PDFs for SKU: LW1505V#XW/TL516GV (ID: 914)
  ❌ Failed: page.goto: Target page, context or browser has been closed
[462/843] Fixing PDFs for SKU: CW812RA#W/TCF4911Z#NW1/WH172A/MB176G#WH (ID: 5615)
  ❌ Failed: page.goto: Target page, context or browser has been closed
[463/843] Fixing PDFs for SKU: LPT236CS#W (ID: 228)
  ❌ Failed: page.goto: Target page, context or browser has been closed
[464/843] Fixing PDFs for SKU: CW812RA#W/TCF24410AAA#NW1/WH172A/MB174P#SS (ID: 5686)
  ❌ Failed: page.goto: Target page, context or browser has been closed
[465/843] Fixing PDFs for SKU: CW812REA#W/TCF24460AAA#NW1/WH172AT/TCA465/MB171M#SS (ID: 5766)
  ❌ Failed: page.goto: Target page, context or browser has been closed
[466/843] Fixing PDFs for SKU: CW812REA#W/TCF47360GAA#NW1/WH172AAT/TCA546/MB171M#SS (ID: 5767)
  ❌ Failed: page.goto: Target page, context or browser has been closed
[467/843] Fixing PDFs for SKU: CW812REA#W/TCF34461GAA#NW1/WH172AT/TCA465/MB175M#SS (ID: 5800)
  ❌ Failed: page.goto: Target page, context or browser has been closed
[468/843] Fixing PDFs for SKU: TLE29002A/TLE01502A1/TLN01102A (ID: 3655)
  ❌ Failed: page.goto: Target page, context or browser has been closed
[469/843] Fixing PDFs for SKU: LW896JW/F#W (ID: 247)
  ❌ Failed: page.goto: Target page, context or browser has been closed
[470/843] Fixing PDFs for SKU: CW822RA#W/TCF4911Z#NW1/WH172A/MB170P#SS (ID: 5705)
  ❌ Failed: page.goto: Target page, context or browser has been closed
[471/843] Fixing PDFs for SKU: LT4715G17#XW (ID: 5956)
  ❌ Failed: page.goto: Target page, context or browser has been closed
[472/843] Fixing PDFs for SKU: CS769DRE4#XW (ID: 1274)
  ❌ Failed: page.goto: Target page, context or browser has been closed
[473/843] Fixing PDFs for SKU: LW630JDW/F#MDR (ID: 5983)
  ❌ Failed: page.goto: Target page, context or browser has been closed
[474/843] Fixing PDFs for SKU: CS769DRT3#XW (ID: 5541)
  ❌ Failed: page.goto: Target page, context or browser has been closed
[475/843] Fixing PDFs for SKU: CW522EA#NW1/TCF804C2Z#NW1/WH172AAT/MB171M#SS (ID: 749)
  ❌ Failed: page.goto: Target page, context or browser has been closed
[476/843] Fixing PDFs for SKU: CS735DW14#XW (ID: 5585)
  ❌ Failed: page.goto: Target page, context or browser has been closed
[477/843] Fixing PDFs for SKU: CW812RA#W/TCF23410AAA#NW1/WH172A/MB174P#WH (ID: 5764)
  ❌ Failed: page.goto: Target page, context or browser has been closed
[478/843] Fixing PDFs for SKU: MS857CDW23#XW (ID: 5754)
  ❌ Failed: page.goto: Target page, context or browser has been closed
[479/843] Fixing PDFs for SKU: MS857DW18#XW (ID: 5757)
  ❌ Failed: page.goto: Target page, context or browser has been closed
[480/843] Fixing PDFs for SKU: CS948CDW15#XW (ID: 5577)
  ❌ Failed: page.goto: Target page, context or browser has been closed
[481/843] Fixing PDFs for SKU: PJY1724WHPWEN#MW/TVBF412 (ID: 2995)
  ❌ Failed: page.goto: Target page, context or browser has been closed
[482/843] Fixing PDFs for SKU: TCF33370GAA#NW1 (ID: 1297)
  ❌ Failed: page.goto: Target page, context or browser has been closed
[483/843] Fixing PDFs for SKU: TCF33461GAA#NW1 (ID: 1593)
  ❌ Failed: page.goto: Target page, context or browser has been closed
[484/843] Fixing PDFs for SKU: CW425J#W (ID: 1969)
  ❌ Failed: page.goto: Target page, context or browser has been closed
[485/843] Fixing PDFs for SKU: PJS02WE#GW (ID: 5942)
  ❌ Failed: page.goto: Target page, context or browser has been closed
[486/843] Fixing PDFs for SKU: MS887RT8#XW (ID: 5545)
  ❌ Failed: page.goto: Target page, context or browser has been closed
[487/843] Fixing PDFs for SKU: TBV03427V/TBW02017A (ID: 2753)
  ❌ Failed: page.goto: Target page, context or browser has been closed
[488/843] Fixing PDFs for SKU: TBV03427V/TBW01010A (ID: 2764)
  ❌ Failed: page.goto: Target page, context or browser has been closed
[489/843] Fixing PDFs for SKU: TBW07012A (ID: 1235)
  ❌ Failed: page.goto: Target page, context or browser has been closed
[490/843] Fixing PDFs for SKU: TLG04304V (ID: 598)
  ❌ Failed: page.goto: Target page, context or browser has been closed
[491/843] Fixing PDFs for SKU: LW103JT1#W/TL220D/T205QN (ID: 231)
  ❌ Failed: page.goto: Target page, context or browser has been closed
[492/843] Fixing PDFs for SKU: MS885CDW17#XW (ID: 5622)
  ❌ Failed: page.goto: Target page, context or browser has been closed
[493/843] Fixing PDFs for SKU: TCF24460AAA#NW1 (ID: 1294)
  ❌ Failed: page.goto: Target page, context or browser has been closed
[494/843] Fixing PDFs for SKU: CS921VT#NW1/TCF85510GAA#NW1/T53P100VR (ID: 5682)
  ❌ Failed: page.goto: Target page, context or browser has been closed
[495/843] Fixing PDFs for SKU: CS986CGW23#XW (ID: 5727)
  ❌ Failed: page.goto: Target page, context or browser has been closed
[496/843] Fixing PDFs for SKU: MS857DT2#XW (ID: 5751)
  ❌ Failed: page.goto: Target page, context or browser has been closed
[497/843] Fixing PDFs for SKU: MS857CDW17#XW (ID: 5755)
  ❌ Failed: page.goto: Target page, context or browser has been closed
[498/843] Fixing PDFs for SKU: TBW01008A/TBW01016B/TBW01014B/TBV01407B/TBN01001B (ID: 2120)
  ❌ Failed: page.goto: Target page, context or browser has been closed
[499/843] Fixing PDFs for SKU: PAY1515VC#W/TVBF411 (ID: 641)
  ❌ Failed: page.goto: Target page, context or browser has been closed
[500/843] Fixing PDFs for SKU: PAY1710HV#W/TVBF411 (ID: 635)
  ❌ Failed: page.goto: Target page, context or browser has been closed
[501/843] Fixing PDFs for SKU: PAY1735HVC#W/TVBF411 (ID: 643)
  ❌ Failed: page.goto: Target page, context or browser has been closed
[502/843] Fixing PDFs for SKU: PJS06WE#GW (ID: 5940)
  ❌ Failed: page.goto: Target page, context or browser has been closed
[503/843] Fixing PDFs for SKU: PJS05WE#MW (ID: 5992)
  ❌ Failed: page.goto: Target page, context or browser has been closed
[504/843] Fixing PDFs for SKU: PAY1735HVC#W (ID: 2999)
  ❌ Failed: page.goto: Target page, context or browser has been closed
[505/843] Fixing PDFs for SKU: PPYB1610LHPTE#P (ID: 1598)
  ❌ Failed: page.goto: Target page, context or browser has been closed
[506/843] Fixing PDFs for SKU: CW812RA#W/TCF4911Z#NW1/WH172A/MB170P#SS (ID: 5738)
  ❌ Failed: page.goto: Target page, context or browser has been closed
[507/843] Fixing PDFs for SKU: PPYK1760ZRHPNE#P/TVBF412/DB505R-2B (ID: 1603)
  ❌ Failed: page.goto: Target page, context or browser has been closed
[508/843] Fixing PDFs for SKU: PJY1886HPWMNE#GW (ID: 2834)
  ❌ Failed: page.goto: Target page, context or browser has been closed
[509/843] Fixing PDFs for SKU: MS887CRW17#XW (ID: 5639)
  ❌ Failed: page.goto: Target page, context or browser has been closed
[510/843] Fixing PDFs for SKU: PPY1610PTE#P (ID: 2818)
  ❌ Failed: page.goto: Target page, context or browser has been closed
[511/843] Fixing PDFs for SKU: CS945PDW11#XW (ID: 5866)
  ❌ Failed: page.goto: Target page, context or browser has been closed
[512/843] Fixing PDFs for SKU: WH172AT (ID: 4645)
  ❌ Failed: page.goto: Target page, context or browser has been closed
[513/843] Fixing PDFs for SKU: CW812REA#W/TCF4911EZ#NW1/WH172AT/TCA465/MB176G#WH (ID: 5612)
  ❌ Failed: page.goto: Target page, context or browser has been closed
[514/843] Fixing PDFs for SKU: CW822RA#W/TCF23410AAA#NW1/WH172A/MB170P#SS (ID: 5697)
  ❌ Failed: page.goto: Target page, context or browser has been closed
[515/843] Fixing PDFs for SKU: LT710CTR#XW (ID: 204)
  ❌ Failed: page.goto: Target page, context or browser has been closed
[516/843] Fixing PDFs for SKU: TCW1211A#NW1 (ID: 775)
  ❌ Failed: page.goto: Target page, context or browser has been closed
[517/843] Fixing PDFs for SKU: LT533R#XW (ID: 207)
  ❌ Failed: page.goto: Target page, context or browser has been closed
[518/843] Fixing PDFs for SKU: L1704#XW (ID: 5951)
  ❌ Failed: page.goto: Target page, context or browser has been closed
[519/843] Fixing PDFs for SKU: TBW02002BA (ID: 585)
  ❌ Failed: page.goto: Target page, context or browser has been closed
[520/843] Fixing PDFs for SKU: TLG01301V (ID: 595)
  ❌ Failed: page.goto: Target page, context or browser has been closed
[521/843] Fixing PDFs for SKU: TLG01307V (ID: 601)
  ❌ Failed: page.goto: Target page, context or browser has been closed
[522/843] Fixing PDFs for SKU: LW646JW/F#W (ID: 922)
  ❌ Failed: page.goto: Target page, context or browser has been closed
[523/843] Fixing PDFs for SKU: MS887CRW15#XW (ID: 5569)
  ❌ Failed: page.goto: Target page, context or browser has been closed
[524/843] Fixing PDFs for SKU: PJS03WE#GW (ID: 5941)
  ❌ Failed: page.goto: Target page, context or browser has been closed
[525/843] Fixing PDFs for SKU: TBS02302V/TBW03002B (ID: 1645)
  ❌ Failed: page.goto: Target page, context or browser has been closed
[526/843] Fixing PDFs for SKU: CW822REA#W/TCF23460AAA#NW1/WH172AT/TCA465/MB170P#SS (ID: 5698)
  ❌ Failed: page.goto: Target page, context or browser has been closed
[527/843] Fixing PDFs for SKU: TBV03431V/TBW02006A (ID: 2761)
  ❌ Failed: page.goto: Target page, context or browser has been closed
[528/843] Fixing PDFs for SKU: TBW07004A (ID: 2521)
  ❌ Failed: page.goto: Target page, context or browser has been closed
[529/843] Fixing PDFs for SKU: TBW07003A (ID: 2522)
  ❌ Failed: page.goto: Target page, context or browser has been closed
[530/843] Fixing PDFs for SKU: TBW01404AA (ID: 2378)
  ❌ Failed: page.goto: Target page, context or browser has been closed
[531/843] Fixing PDFs for SKU: TBW01301AB (ID: 571)
  ❌ Failed: page.goto: Target page, context or browser has been closed
[532/843] Fixing PDFs for SKU: TVSM104NSR/DM907CS (ID: 570)
  ❌ Failed: page.goto: Target page, context or browser has been closed
[533/843] Fixing PDFs for SKU: TX454SFV2BRN (ID: 574)
  ❌ Failed: page.goto: Target page, context or browser has been closed
[534/843] Fixing PDFs for SKU: USWN925AEV#XW (ID: 673)
  ❌ Failed: page.goto: Target page, context or browser has been closed
[535/843] Fixing PDFs for SKU: USWN902AEV#XW (ID: 674)
  ❌ Failed: page.goto: Target page, context or browser has been closed
[536/843] Fixing PDFs for SKU: DM907C1S (ID: 581)
  ❌ Failed: page.goto: Target page, context or browser has been closed
[537/843] Fixing PDFs for SKU: TBW01001BA (ID: 582)
  ❌ Failed: page.goto: Target page, context or browser has been closed
[538/843] Fixing PDFs for SKU: TCW07S#W (ID: 774)
  ❌ Failed: page.goto: Target page, context or browser has been closed
[539/843] Fixing PDFs for SKU: TVBA407 (ID: 1188)
  ❌ Failed: page.goto: Target page, context or browser has been closed
[540/843] Fixing PDFs for SKU: TVBA413 (ID: 1189)
  ❌ Failed: page.goto: Target page, context or browser has been closed
[541/843] Fixing PDFs for SKU: TBW01010A (ID: 1228)
  ❌ Failed: page.goto: Target page, context or browser has been closed
[542/843] Fixing PDFs for SKU: TX1DB (ID: 1190)
  ❌ Failed: page.goto: Target page, context or browser has been closed
[543/843] Fixing PDFs for SKU: TBW02017A (ID: 1230)
  ❌ Failed: page.goto: Target page, context or browser has been closed
[544/843] Fixing PDFs for SKU: TBW07009A (ID: 1234)
  ❌ Failed: page.goto: Target page, context or browser has been closed
[545/843] Fixing PDFs for SKU: TBW01014B (ID: 1648)
  ❌ Failed: page.goto: Target page, context or browser has been closed
[546/843] Fixing PDFs for SKU: TBV03427V (ID: 2750)
  ❌ Failed: page.goto: Target page, context or browser has been closed
[547/843] Fixing PDFs for SKU: PPY1806PWNE#P (ID: 2842)
  ❌ Failed: page.goto: Target page, context or browser has been closed
[548/843] Fixing PDFs for SKU: TLE27002A/TLE01502A1/TLN01102A (ID: 3646)
  ❌ Failed: page.goto: Target page, context or browser has been closed
[549/843] Fixing PDFs for SKU: UT560T#XW (ID: 657)
  ❌ Failed: page.goto: Target page, context or browser has been closed
[550/843] Fixing PDFs for SKU: TKS05303J (ID: 330)
  ❌ Failed: page.goto: Target page, context or browser has been closed
[551/843] Fixing PDFs for SKU: LT5616C#XW (ID: 237)
  ❌ Failed: page.goto: Target page, context or browser has been closed
[552/843] Fixing PDFs for SKU: PJY1744PWEN#GW/TVBF412 (ID: 2991)
  ❌ Failed: page.goto: Target page, context or browser has been closed
[553/843] Fixing PDFs for SKU: MS625CDW12#XW (ID: 5861)
  ❌ Failed: page.goto: Target page, context or browser has been closed
[554/843] Fixing PDFs for SKU: CW812REA#W/TCF24460AAA#NW1/WH172AT/TCA465/MB176G#WH (ID: 5606)
  ❌ Failed: page.goto: Target page, context or browser has been closed
[555/843] Fixing PDFs for SKU: LW643JW/F#W (ID: 246)
  ❌ Failed: page.goto: Target page, context or browser has been closed
[556/843] Fixing PDFs for SKU: CW822RA#W/TC385VS#W/WH172A/MB170P#SS (ID: 5703)
  ❌ Failed: page.goto: Target page, context or browser has been closed
[557/843] Fixing PDFs for SKU: CS769CDRW23#XW (ID: 5729)
  ❌ Failed: page.goto: Target page, context or browser has been closed
[558/843] Fixing PDFs for SKU: LT764#XW (ID: 210)
  ❌ Failed: page.goto: Target page, context or browser has been closed
[559/843] Fixing PDFs for SKU: CS767RT8#XW (ID: 686)
  ❌ Failed: page.goto: Target page, context or browser has been closed
[560/843] Fixing PDFs for SKU: CW822RA#W/TCF24410AAA#NW1/WH172A/MB175M#SS (ID: 746)
  ❌ Failed: page.goto: Target page, context or browser has been closed
[561/843] Fixing PDFs for SKU: CW542HME5U#NW1/TCF794CZ#NW1/WH172AT/MB175M#SS (ID: 757)
  ❌ Failed: page.goto: Target page, context or browser has been closed
[562/843] Fixing PDFs for SKU: CW162#XW (ID: 682)
  ❌ Failed: page.goto: Target page, context or browser has been closed
[563/843] Fixing PDFs for SKU: CS988VT#NW1/TCF9575Z#NW1/T53P100VR (ID: 694)
  ❌ Failed: page.goto: Target page, context or browser has been closed
[564/843] Fixing PDFs for SKU: MS857CDW15#XW (ID: 5758)
  ❌ Failed: page.goto: Target page, context or browser has been closed
[565/843] Fixing PDFs for SKU: MS887CRW25#XW (ID: 5777)
  ❌ Failed: page.goto: Target page, context or browser has been closed
[566/843] Fixing PDFs for SKU: UT904HN#XW (ID: 665)
  ❌ Failed: page.goto: Target page, context or browser has been closed
[567/843] Fixing PDFs for SKU: FBY1756PTNE#W (ID: 2994)
  ❌ Failed: page.goto: Target page, context or browser has been closed
[568/843] Fixing PDFs for SKU: YM4545FG (ID: 655)
  ❌ Failed: page.goto: Target page, context or browser has been closed
[569/843] Fixing PDFs for SKU: MS885DE4#XW (ID: 700)
  ❌ Failed: page.goto: Target page, context or browser has been closed
[570/843] Fixing PDFs for SKU: MS889CDRW15#XW (ID: 5572)
  ❌ Failed: page.goto: Target page, context or browser has been closed
[571/843] Fixing PDFs for SKU: TVLC101NSR (ID: 590)
  ❌ Failed: page.goto: Target page, context or browser has been closed
[572/843] Fixing PDFs for SKU: TVLM105CR (ID: 592)
  ❌ Failed: page.goto: Target page, context or browser has been closed
[573/843] Fixing PDFs for SKU: TKGG30EC (ID: 325)
  ❌ Failed: page.goto: Target page, context or browser has been closed
[574/843] Fixing PDFs for SKU: TLS01301V (ID: 606)
  ❌ Failed: page.goto: Target page, context or browser has been closed
[575/843] Fixing PDFs for SKU: TLS01307V (ID: 608)
  ❌ Failed: page.goto: Target page, context or browser has been closed
[576/843] Fixing PDFs for SKU: CS326DE4#XW (ID: 5674)
  ❌ Failed: page.goto: Target page, context or browser has been closed
[577/843] Fixing PDFs for SKU: TCF24410AAA#NW1 (ID: 1295)
  ❌ Failed: page.goto: Target page, context or browser has been closed
[578/843] Fixing PDFs for SKU: TCF34461GAA#NW1 (ID: 1594)
  ❌ Failed: page.goto: Target page, context or browser has been closed
[579/843] Fixing PDFs for SKU: TLG04301V (ID: 597)
  ❌ Failed: page.goto: Target page, context or browser has been closed
[580/843] Fixing PDFs for SKU: TKS05316J (ID: 329)
  ❌ Failed: page.goto: Target page, context or browser has been closed
[581/843] Fixing PDFs for SKU: LT328C#XW (ID: 232)
  ❌ Failed: page.goto: Target page, context or browser has been closed
[582/843] Fixing PDFs for SKU: TBS02302V/TBW01010A (ID: 627)
  ❌ Failed: page.goto: Target page, context or browser has been closed
[583/843] Fixing PDFs for SKU: TX604KDN (ID: 321)
  ❌ Failed: page.goto: Target page, context or browser has been closed
[584/843] Fixing PDFs for SKU: TC395VS#W (ID: 1218)
  ❌ Failed: page.goto: Target page, context or browser has been closed
[585/843] Fixing PDFs for SKU: LHT328C#XW (ID: 233)
  ❌ Failed: page.goto: Target page, context or browser has been closed
[586/843] Fixing PDFs for SKU: LT5615#XW (ID: 239)
  ❌ Failed: page.goto: Target page, context or browser has been closed
[587/843] Fixing PDFs for SKU: TX603KM (ID: 322)
  ❌ Failed: page.goto: Target page, context or browser has been closed
[588/843] Fixing PDFs for SKU: LT952#XW (ID: 219)
  ❌ Failed: page.goto: Target page, context or browser has been closed
[589/843] Fixing PDFs for SKU: MS855DE4#XW (ID: 707)
  ❌ Failed: page.goto: Target page, context or browser has been closed
[590/843] Fixing PDFs for SKU: LW1315CBVN#XW (ID: 923)
  ❌ Failed: page.goto: Target page, context or browser has been closed
[591/843] Fixing PDFs for SKU: CW812RA#W/TCF23410AAA#NW1/WH172A/MB174P#SS (ID: 5696)
  ❌ Failed: page.goto: Target page, context or browser has been closed
[592/843] Fixing PDFs for SKU: YM4560A (ID: 651)
  ❌ Failed: page.goto: Target page, context or browser has been closed
[593/843] Fixing PDFs for SKU: YM6075FA (ID: 652)
  ❌ Failed: page.goto: Target page, context or browser has been closed
[594/843] Fixing PDFs for SKU: TLP01701J#BN/TLP01702S (ID: 3644)
  ❌ Failed: page.goto: Target page, context or browser has been closed
[595/843] Fixing PDFs for SKU: PPY1780PE#P/DB505R-3B/TVBF412 (ID: 3011)
  ❌ Failed: page.goto: Target page, context or browser has been closed
[596/843] Fixing PDFs for SKU: CS945DNT3#XW (ID: 679)
  ❌ Failed: page.goto: Target page, context or browser has been closed
[597/843] Fixing PDFs for SKU: PJY1734HPWEN#GW/TVBF412 (ID: 2988)
  ❌ Failed: page.goto: Target page, context or browser has been closed
[598/843] Fixing PDFs for SKU: TBW08003A1 (ID: 2519)
  ❌ Failed: page.goto: Target page, context or browser has been closed
[599/843] Fixing PDFs for SKU: CW812RA#W/TCF4911Z#NW1/WH172A/MB174P#SS (ID: 5708)
  ❌ Failed: page.goto: Target page, context or browser has been closed
[600/843] Fixing PDFs for SKU: LHT240CS#W (ID: 224)
  ❌ Failed: page.goto: Target page, context or browser has been closed
[601/843] Fixing PDFs for SKU: TX605KESBR (ID: 320)
  ❌ Failed: page.goto: Target page, context or browser has been closed
[602/843] Fixing PDFs for SKU: PPY1610HIPTV14E#S (ID: 2823)
  ❌ Failed: page.goto: Target page, context or browser has been closed
[603/843] Fixing PDFs for SKU: TKS05305JA (ID: 327)
  ❌ Failed: page.goto: Target page, context or browser has been closed
[604/843] Fixing PDFs for SKU: PPY1806PWNE#S (ID: 2841)
  ❌ Failed: page.goto: Target page, context or browser has been closed
[605/843] Fixing PDFs for SKU: PPYK1760ZLHPNE#P/TVBF412/DB505R-2B (ID: 1605)
  ❌ Failed: page.goto: Target page, context or browser has been closed
[606/843] Fixing PDFs for SKU: MS885DT8#XW (ID: 698)
  ❌ Failed: page.goto: Target page, context or browser has been closed
[607/843] Fixing PDFs for SKU: LT367CR#XW (ID: 203)
  ❌ Failed: page.goto: Target page, context or browser has been closed
[608/843] Fixing PDFs for SKU: LT5616#XW (ID: 241)
  ❌ Failed: page.goto: Target page, context or browser has been closed
[609/843] Fixing PDFs for SKU: LT328CHR#XW (ID: 234)
  ❌ Failed: page.goto: Target page, context or browser has been closed
[610/843] Fixing PDFs for SKU: LT5716#XW (ID: 238)
  ❌ Failed: page.goto: Target page, context or browser has been closed
[611/843] Fixing PDFs for SKU: LT710CSR#XW (ID: 236)
  ❌ Failed: page.goto: Target page, context or browser has been closed
[612/843] Fixing PDFs for SKU: UT570T#XW (ID: 656)
  ❌ Failed: page.goto: Target page, context or browser has been closed
[613/843] Fixing PDFs for SKU: UT500T#XW (ID: 659)
  ❌ Failed: page.goto: Target page, context or browser has been closed
[614/843] Fixing PDFs for SKU: UT901H#XW (ID: 668)
  ❌ Failed: page.goto: Target page, context or browser has been closed
[615/843] Fixing PDFs for SKU: LPT766C#XW (ID: 214)
  ❌ Failed: page.goto: Target page, context or browser has been closed
[616/843] Fixing PDFs for SKU: LT951C#XW (ID: 218)
  ❌ Failed: page.goto: Target page, context or browser has been closed
[617/843] Fixing PDFs for SKU: LT950C#XW (ID: 217)
  ❌ Failed: page.goto: Target page, context or browser has been closed
[618/843] Fixing PDFs for SKU: LT4715G17#MBE (ID: 6007)
  ❌ Failed: page.goto: Target page, context or browser has been closed
[619/843] Fixing PDFs for SKU: LT4716G19#MBE (ID: 6019)
  ❌ Failed: page.goto: Target page, context or browser has been closed
[620/843] Fixing PDFs for SKU: TBW01004A/TBV01407B/TBN01001B (ID: 2664)
  ❌ Failed: page.goto: Target page, context or browser has been closed
[621/843] Fixing PDFs for SKU: CS911VT#NW1/TCF87320GAA#NW1/T53P100VR (ID: 5684)
  ❌ Failed: page.goto: Target page, context or browser has been closed
[622/843] Fixing PDFs for SKU: CW553#XW/TCF34320GAA#NW1/WH172A/MB175M#SS (ID: 5670)
  ❌ Failed: page.goto: Target page, context or browser has been closed
[623/843] Fixing PDFs for SKU: LT546#XW (ID: 213)
  ❌ Failed: page.goto: Target page, context or browser has been closed
[624/843] Fixing PDFs for SKU: LHT766CR#XW (ID: 223)
  ❌ Failed: page.goto: Target page, context or browser has been closed
[625/843] Fixing PDFs for SKU: LT548#XW (ID: 212)
  ❌ Failed: page.goto: Target page, context or browser has been closed
[626/843] Fixing PDFs for SKU: TLE25007V (ID: 3654)
  ❌ Failed: page.goto: Target page, context or browser has been closed
[627/843] Fixing PDFs for SKU: PAY1715HVC#W (ID: 3000)
  ❌ Failed: page.goto: Target page, context or browser has been closed
[628/843] Fixing PDFs for SKU: MS855DT8#XW (ID: 710)
  ❌ Failed: page.goto: Target page, context or browser has been closed
[629/843] Fixing PDFs for SKU: PJY1886HPWMGE#GW (ID: 2836)
  ❌ Failed: page.goto: Target page, context or browser has been closed
[630/843] Fixing PDFs for SKU: CW812REA#W/TCF23460AAA#NW1/WH172AT/TCA465/MB174P#SS (ID: 5694)
  ❌ Failed: page.goto: Target page, context or browser has been closed
[631/843] Fixing PDFs for SKU: CW812RA#W/TCF33461GAA#NW1/WH172A/MB174P#SS (ID: 5821)
  ❌ Failed: page.goto: Target page, context or browser has been closed
[632/843] Fixing PDFs for SKU: CW812RA#W/TCF23410AAA#NW1/WH172A/MB176G#WH (ID: 5667)
  ❌ Failed: page.goto: Target page, context or browser has been closed
[633/843] Fixing PDFs for SKU: CW822RA#W/TCF33461GAA#NW1/WH172A/MB170P#SS (ID: 5825)
  ❌ Failed: page.goto: Target page, context or browser has been closed
[634/843] Fixing PDFs for SKU: LT4706#MBE (ID: 5979)
  ❌ Failed: page.goto: Target page, context or browser has been closed
[635/843] Fixing PDFs for SKU: CW822REA#W/TCF4911EZ#NW1/WH172AT/TCA465/MB175M#SS (ID: 747)
  ❌ Failed: page.goto: Target page, context or browser has been closed
[636/843] Fixing PDFs for SKU: LT4704G19#MBE (ID: 6002)
  ❌ Failed: page.goto: Target page, context or browser has been closed
[637/843] Fixing PDFs for SKU: CS302DW18#W (ID: 5693)
  ❌ Failed: page.goto: Target page, context or browser has been closed
[638/843] Fixing PDFs for SKU: TBW01002BA (ID: 584)
  ❌ Failed: page.goto: Target page, context or browser has been closed
[639/843] Fixing PDFs for SKU: CW522EA#NW1/TCF803CZ#NW1/WH172AT/MB171M#SS (ID: 748)
  ❌ Failed: page.goto: Target page, context or browser has been closed
[640/843] Fixing PDFs for SKU: TBG10304VA (ID: 1660)
  ❌ Failed: page.goto: Target page, context or browser has been closed
[641/843] Fixing PDFs for SKU: TBW01010A/TBG01001B/TBW01014B/TBS04304B (ID: 2674)
  ❌ Failed: page.goto: Target page, context or browser has been closed
[642/843] Fixing PDFs for SKU: TBW01003A (ID: 1655)
  ❌ Failed: page.goto: Target page, context or browser has been closed
[643/843] Fixing PDFs for SKU: TBG11304VA (ID: 1659)
  ❌ Failed: page.goto: Target page, context or browser has been closed
[644/843] Fixing PDFs for SKU: TBW03001B (ID: 1665)
  ❌ Failed: page.goto: Target page, context or browser has been closed
[645/843] Fixing PDFs for SKU: TBW01010A/TBW01016B/TBW01014B/TBG01303BA/TBN01001B (ID: 2124)
  ❌ Failed: page.goto: Target page, context or browser has been closed
[646/843] Fixing PDFs for SKU: TBW02006A/TBW07019A/TBW02013B/TBG02303BA/TBN01001B (ID: 2125)
  ❌ Failed: page.goto: Target page, context or browser has been closed
[647/843] Fixing PDFs for SKU: TLE28002A/TLE01502A1/TLN01103A/TLE05701A (ID: 3650)
  ❌ Failed: page.goto: Target page, context or browser has been closed
[648/843] Fixing PDFs for SKU: LW573JW/F#W (ID: 243)
  ❌ Failed: page.goto: Target page, context or browser has been closed
[649/843] Fixing PDFs for SKU: CS767RW18#XW (ID: 5695)
  ❌ Failed: page.goto: Target page, context or browser has been closed
[650/843] Fixing PDFs for SKU: TC513A (ID: 1222)
  ❌ Failed: page.goto: Target page, context or browser has been closed
[651/843] Fixing PDFs for SKU: LW1536V#XW/TL516GV (ID: 916)
  ❌ Failed: page.goto: Target page, context or browser has been closed
[652/843] Fixing PDFs for SKU: MS885CDW15#XW (ID: 5579)
  ❌ Failed: page.goto: Target page, context or browser has been closed
[653/843] Fixing PDFs for SKU: DM907CS/TBS01302V/DGH104ZR (ID: 576)
  ❌ Failed: page.goto: Target page, context or browser has been closed
[654/843] Fixing PDFs for SKU: CW553C#XW/TCF33370GAA#NW1/WH172AT/TCA465/MB175M#SS (ID: 5671)
  ❌ Failed: page.goto: Target page, context or browser has been closed
[655/843] Fixing PDFs for SKU: CW553C#XW/TCF33370GAA#NW1/WH172AT/TCA465/MB171M#SS (ID: 5761)
  ❌ Failed: page.goto: Target page, context or browser has been closed
[656/843] Fixing PDFs for SKU: MS887RE4#XW (ID: 1272)
  ❌ Failed: page.goto: Target page, context or browser has been closed
[657/843] Fixing PDFs for SKU: CS986CGW17#XW (ID: 5637)
  ❌ Failed: page.goto: Target page, context or browser has been closed
[658/843] Fixing PDFs for SKU: TBW08002A (ID: 2517)
  ❌ Failed: page.goto: Target page, context or browser has been closed
[659/843] Fixing PDFs for SKU: PAY1725VC#W (ID: 3004)
  ❌ Failed: page.goto: Target page, context or browser has been closed
[660/843] Fixing PDFs for SKU: PJS02WE#MW (ID: 6024)
  ❌ Failed: page.goto: Target page, context or browser has been closed
[661/843] Fixing PDFs for SKU: TBW07019A (ID: 2163)
  ❌ Failed: page.goto: Target page, context or browser has been closed
[662/843] Fixing PDFs for SKU: FBY1756PTGE#W (ID: 2992)
  ❌ Failed: page.goto: Target page, context or browser has been closed
[663/843] Fixing PDFs for SKU: TLG03303V (ID: 596)
  ❌ Failed: page.goto: Target page, context or browser has been closed
[664/843] Fixing PDFs for SKU: L1715#W (ID: 5952)
  ❌ Failed: page.goto: Target page, context or browser has been closed
[665/843] Fixing PDFs for SKU: CS769CDRW15#XW (ID: 5581)
  ❌ Failed: page.goto: Target page, context or browser has been closed
[666/843] Fixing PDFs for SKU: CW812RA#W/TCF33461GAA#NW1/WH172A/MB175M#SS (ID: 5797)
  ❌ Failed: page.goto: Target page, context or browser has been closed
[667/843] Fixing PDFs for SKU: PPYK1760ZLPNE#P/TVBF412/DB505R-2B (ID: 1604)
  ❌ Failed: page.goto: Target page, context or browser has been closed
[668/843] Fixing PDFs for SKU: FBYN1716CPTE#W (ID: 2993)
  ❌ Failed: page.goto: Target page, context or browser has been closed
[669/843] Fixing PDFs for SKU: L763#XW (ID: 208)
  ❌ Failed: page.goto: Target page, context or browser has been closed
[670/843] Fixing PDFs for SKU: LT4704G17#MBE (ID: 6001)
  ❌ Failed: page.goto: Target page, context or browser has been closed
[671/843] Fixing PDFs for SKU: TBV01103B/TBN01102B (ID: 1656)
  ❌ Failed: page.goto: Target page, context or browser has been closed
[672/843] Fixing PDFs for SKU: WH171A (ID: 4643)
  ❌ Failed: page.goto: Target page, context or browser has been closed
[673/843] Fixing PDFs for SKU: WH172AAT (ID: 4644)
  ❌ Failed: page.goto: Target page, context or browser has been closed
[674/843] Fixing PDFs for SKU: TLG02301V (ID: 602)
  ❌ Failed: page.goto: Target page, context or browser has been closed
[675/843] Fixing PDFs for SKU: MS857DT10#XW (ID: 5752)
  ❌ Failed: page.goto: Target page, context or browser has been closed
[676/843] Fixing PDFs for SKU: DM907CS (ID: 573)
  ❌ Failed: page.goto: Target page, context or browser has been closed
[677/843] Fixing PDFs for SKU: WH172A (ID: 4642)
  ❌ Failed: page.goto: Target page, context or browser has been closed
[678/843] Fixing PDFs for SKU: TBW08010A (ID: 4686)
  ❌ Failed: page.goto: Target page, context or browser has been closed
[679/843] Fixing PDFs for SKU: THX20NBPIV (ID: 1148)
  ❌ Failed: page.goto: Target page, context or browser has been closed
[680/843] Fixing PDFs for SKU: TVCF201 (ID: 1147)
  ❌ Failed: page.goto: Target page, context or browser has been closed
[681/843] Fixing PDFs for SKU: YAK201GV (ID: 1156)
  ❌ Failed: page.goto: Target page, context or browser has been closed
[682/843] Fixing PDFs for SKU: TBW01035V (ID: 1237)
  ❌ Failed: page.goto: Target page, context or browser has been closed
[683/843] Fixing PDFs for SKU: PPYB1610RHPTE#S (ID: 1600)
  ❌ Failed: page.goto: Target page, context or browser has been closed
[684/843] Fixing PDFs for SKU: PPYK1760ZRHPNE#P (ID: 1606)
  ❌ Failed: page.goto: Target page, context or browser has been closed
[685/843] Fixing PDFs for SKU: PPYK1760ZRPNE#P (ID: 1607)
  ❌ Failed: page.goto: Target page, context or browser has been closed
[686/843] Fixing PDFs for SKU: LT240CS#W (ID: 225)
  ❌ Failed: page.goto: Target page, context or browser has been closed
[687/843] Fixing PDFs for SKU: TVSM103NSS (ID: 613)
  ❌ Failed: page.goto: Target page, context or browser has been closed
[688/843] Fixing PDFs for SKU: YM4560FA (ID: 653)
  ❌ Failed: page.goto: Target page, context or browser has been closed
[689/843] Fixing PDFs for SKU: UT557T#XW (ID: 658)
  ❌ Failed: page.goto: Target page, context or browser has been closed
[690/843] Fixing PDFs for SKU: UT508T#XW (ID: 660)
  ❌ Failed: page.goto: Target page, context or browser has been closed
[691/843] Fixing PDFs for SKU: TLG01304V (ID: 600)
  ❌ Failed: page.goto: Target page, context or browser has been closed
[692/843] Fixing PDFs for SKU: TLS01304V (ID: 607)
  ❌ Failed: page.goto: Target page, context or browser has been closed
[693/843] Fixing PDFs for SKU: MS855CDW15#XW (ID: 5570)
  ❌ Failed: page.goto: Target page, context or browser has been closed
[694/843] Fixing PDFs for SKU: TBW01003A/TBV01407B/TBN01001B (ID: 2668)
  ❌ Failed: page.goto: Target page, context or browser has been closed
[695/843] Fixing PDFs for SKU: TBW02006A/TBG02001B/TBW02013B/TBG02304BA/TBN01001B (ID: 2675)
  ❌ Failed: page.goto: Target page, context or browser has been closed
[696/843] Fixing PDFs for SKU: TLE24007A (ID: 3653)
  ❌ Failed: page.goto: Target page, context or browser has been closed
[697/843] Fixing PDFs for SKU: TLE24006A (ID: 3656)
  ❌ Failed: page.goto: Target page, context or browser has been closed
[698/843] Fixing PDFs for SKU: LW1506V#XW (ID: 919)
  ❌ Failed: page.goto: Target page, context or browser has been closed
[699/843] Fixing PDFs for SKU: L240HF#W (ID: 4816)
  ❌ Failed: page.goto: Target page, context or browser has been closed
[700/843] Fixing PDFs for SKU: CS838DE4#XW (ID: 1276)
  ❌ Failed: page.goto: Target page, context or browser has been closed
[701/843] Fixing PDFs for SKU: TBN01001B (ID: 1658)
  ❌ Failed: page.goto: Target page, context or browser has been closed
[702/843] Fixing PDFs for SKU: CW762#XW/TC384CVK#W/WH172A/MB176G#WH (ID: 695)
  ❌ Failed: page.goto: Target page, context or browser has been closed
[703/843] Fixing PDFs for SKU: MS636DT2#XW (ID: 676)
  ❌ Failed: page.goto: Target page, context or browser has been closed
[704/843] Fixing PDFs for SKU: MS188VKW23#XW/T53P100VR (ID: 5723)
  ❌ Failed: page.goto: Target page, context or browser has been closed
[705/843] Fixing PDFs for SKU: DM907CS/TBS02302V/DGH104ZR (ID: 577)
  ❌ Failed: page.goto: Target page, context or browser has been closed
[706/843] Fixing PDFs for SKU: PPY1780HPE#P/DB505R-3B/TVBF412 (ID: 3008)
  ❌ Failed: page.goto: Target page, context or browser has been closed
[707/843] Fixing PDFs for SKU: MS636DT8#XW (ID: 683)
  ❌ Failed: page.goto: Target page, context or browser has been closed
[708/843] Fixing PDFs for SKU: DM907C1S/TVSM110RUR/DGH104ZR (ID: 580)
  ❌ Failed: page.goto: Target page, context or browser has been closed
[709/843] Fixing PDFs for SKU: MS855DE2#XW (ID: 706)
  ❌ Failed: page.goto: Target page, context or browser has been closed
[710/843] Fixing PDFs for SKU: CW822REA#W/TCF4911EZ#NW1/WH172AT/TCA465/MB170P#SS (ID: 5706)
  ❌ Failed: page.goto: Target page, context or browser has been closed
[711/843] Fixing PDFs for SKU: MS889DRT8#XW (ID: 5542)
  ❌ Failed: page.goto: Target page, context or browser has been closed
[712/843] Fixing PDFs for SKU: MS889DRW25#XW (ID: 5816)
  ❌ Failed: page.goto: Target page, context or browser has been closed
[713/843] Fixing PDFs for SKU: PPY1543-4HPE#P (ID: 1788)
  ❌ Failed: page.goto: Target page, context or browser has been closed
[714/843] Fixing PDFs for SKU: CS986GW14#XW (ID: 5580)
  ❌ Failed: page.goto: Target page, context or browser has been closed
[715/843] Fixing PDFs for SKU: USWN900AS#XW/HHF90603 (ID: 671)
  ❌ Failed: page.goto: Target page, context or browser has been closed
[716/843] Fixing PDFs for SKU: TLE27002A/TLE01502A1/TLN01103A/TLE05701A (ID: 3648)
  ❌ Failed: page.goto: Target page, context or browser has been closed
[717/843] Fixing PDFs for SKU: MS885DW24#XW (ID: 5794)
  ❌ Failed: page.goto: Target page, context or browser has been closed
[718/843] Fixing PDFs for SKU: CS769CDRW12#XW (ID: 1245)
  ❌ Failed: page.goto: Target page, context or browser has been closed
[719/843] Fixing PDFs for SKU: CS767CRW23#XW (ID: 5728)
  ❌ Failed: page.goto: Target page, context or browser has been closed
[720/843] Fixing PDFs for SKU: CS767CRW12#XW (ID: 688)
  ❌ Failed: page.goto: Target page, context or browser has been closed
[721/843] Fixing PDFs for SKU: CS986GT8#XW (ID: 716)
  ❌ Failed: page.goto: Target page, context or browser has been closed
[722/843] Fixing PDFs for SKU: CW166RB#XW/TCF33320GAA#NW1/T53P100VR (ID: 5851)
  ❌ Failed: page.goto: Target page, context or browser has been closed
[723/843] Fixing PDFs for SKU: CS900KVT#NW1/T53P100VR (ID: 5587)
  ❌ Failed: page.goto: Target page, context or browser has been closed
[724/843] Fixing PDFs for SKU: CS989VT#NW1/TCF9768WZ#NW1/T53P100VR (ID: 5592)
  ❌ Failed: page.goto: Target page, context or browser has been closed
[725/843] Fixing PDFs for SKU: CW542ME5U#NW1/TC513A/WH172A/MB175M#SS (ID: 755)
  ❌ Failed: page.goto: Target page, context or browser has been closed
[726/843] Fixing PDFs for SKU: CS945DNT8#XW (ID: 684)
  ❌ Failed: page.goto: Target page, context or browser has been closed
[727/843] Fixing PDFs for SKU: MS889DRE2#XW (ID: 1271)
  ❌ Failed: page.goto: Target page, context or browser has been closed
[728/843] Fixing PDFs for SKU: DL102 (ID: 3685)
  ❌ Failed: page.goto: Target page, context or browser has been closed
[729/843] Fixing PDFs for SKU: TC393VS#W (ID: 1198)
  ❌ Failed: page.goto: Target page, context or browser has been closed
[730/843] Fixing PDFs for SKU: PJY1724WPWEN#GW/TVBF412 (ID: 2996)
  ❌ Failed: page.goto: Target page, context or browser has been closed
[731/843] Fixing PDFs for SKU: TBW01002BA/TBG03302VA/TBW01010A (ID: 588)
  ❌ Failed: page.goto: Target page, context or browser has been closed
[732/843] Fixing PDFs for SKU: PAY1520V#W/TVBF411 (ID: 646)
  ❌ Failed: page.goto: Target page, context or browser has been closed
[733/843] Fixing PDFs for SKU: MS855CDW17#XW (ID: 5638)
  ❌ Failed: page.goto: Target page, context or browser has been closed
[734/843] Fixing PDFs for SKU: TX491SN (ID: 612)
  ❌ Failed: page.goto: Target page, context or browser has been closed
[735/843] Fixing PDFs for SKU: TTSR106EMFU (ID: 1232)
  ❌ Failed: page.goto: Target page, context or browser has been closed
[736/843] Fixing PDFs for SKU: CS986GT2#XW (ID: 717)
  ❌ Failed: page.goto: Target page, context or browser has been closed
[737/843] Fixing PDFs for SKU: CS986GT3#XW (ID: 718)
  ❌ Failed: page.goto: Target page, context or browser has been closed
[738/843] Fixing PDFs for SKU: L239FR#W (ID: 4815)
  ❌ Failed: page.goto: Target page, context or browser has been closed
[739/843] Fixing PDFs for SKU: TBW02005A (ID: 1227)
  ❌ Failed: page.goto: Target page, context or browser has been closed
[740/843] Fixing PDFs for SKU: TBW07002A (ID: 2523)
  ❌ Failed: page.goto: Target page, context or browser has been closed
[741/843] Fixing PDFs for SKU: USWN900A#XW/HHF90603 (ID: 670)
  ❌ Failed: page.goto: Target page, context or browser has been closed
[742/843] Fixing PDFs for SKU: LHT300CR#W (ID: 216)
  ❌ Failed: page.goto: Target page, context or browser has been closed
[743/843] Fixing PDFs for SKU: TBW02005A/TBW07019A/TBW02013B/TBV02403B/TBN01001B (ID: 2118)
  ❌ Failed: page.goto: Target page, context or browser has been closed
[744/843] Fixing PDFs for SKU: TBW02004A/TBV02403B/TBN01001B (ID: 2667)
  ❌ Failed: page.goto: Target page, context or browser has been closed
[745/843] Fixing PDFs for SKU: PJS07WE#MW (ID: 5960)
  ❌ Failed: page.goto: Target page, context or browser has been closed
[746/843] Fixing PDFs for SKU: LW574JW/F#W (ID: 244)
  ❌ Failed: page.goto: Target page, context or browser has been closed
[747/843] Fixing PDFs for SKU: L300HF#W (ID: 4813)
  ❌ Failed: page.goto: Target page, context or browser has been closed
[748/843] Fixing PDFs for SKU: UT57S#W (ID: 666)
  ❌ Failed: page.goto: Target page, context or browser has been closed
[749/843] Fixing PDFs for SKU: TBW07009A/TBW01016B/TBW01014B/TBV01407B/TBN01001B (ID: 2121)
  ❌ Failed: page.goto: Target page, context or browser has been closed
[750/843] Fixing PDFs for SKU: LW780J#W/LW780FJ#W/TX801LN/TL510ERR (ID: 230)
  ❌ Failed: page.goto: Target page, context or browser has been closed
[751/843] Fixing PDFs for SKU: MS889CDRW25#XW (ID: 5769)
  ❌ Failed: page.goto: Target page, context or browser has been closed
[752/843] Fixing PDFs for SKU: TBW02013B (ID: 1647)
  ❌ Failed: page.goto: Target page, context or browser has been closed
[753/843] Fixing PDFs for SKU: LT523S#XW (ID: 5927)
  ❌ Failed: page.goto: Target page, context or browser has been closed
[754/843] Fixing PDFs for SKU: CW895JW/F#W (ID: 5856)
  ❌ Failed: page.goto: Target page, context or browser has been closed
[755/843] Fixing PDFs for SKU: TBW02003B1A (ID: 1663)
  ❌ Failed: page.goto: Target page, context or browser has been closed
[756/843] Fixing PDFs for SKU: LW895JW/F#W (ID: 5935)
  ❌ Failed: page.goto: Target page, context or browser has been closed
[757/843] Fixing PDFs for SKU: CW822REA#W/TCF23460AAA#NW1/WH172AT/TCA465/MB175M#SS (ID: 5680)
  ❌ Failed: page.goto: Target page, context or browser has been closed
[758/843] Fixing PDFs for SKU: FBYN1710CPE#W/TVBF412/DB505R-3B (ID: 647)
  ❌ Failed: page.goto: Target page, context or browser has been closed
[759/843] Fixing PDFs for SKU: TBW07008A (ID: 1233)
  ❌ Failed: page.goto: Target page, context or browser has been closed
[760/843] Fixing PDFs for SKU: TBW09000V (ID: 1238)
  ❌ Failed: page.goto: Target page, context or browser has been closed
[761/843] Fixing PDFs for SKU: TBW02004A (ID: 1662)
  ❌ Failed: page.goto: Target page, context or browser has been closed
[762/843] Fixing PDFs for SKU: CW553#XW/TCF33320GAA#NW1/WH172A/MB175M#SS (ID: 5669)
  ❌ Failed: page.goto: Target page, context or browser has been closed
[763/843] Fixing PDFs for SKU: PJY1734HPWEN#MW/TVBF412 (ID: 649)
  ❌ Failed: page.goto: Target page, context or browser has been closed
[764/843] Fixing PDFs for SKU: LT300C#W (ID: 215)
  ❌ Failed: page.goto: Target page, context or browser has been closed
[765/843] Fixing PDFs for SKU: PPY1560PE#P/TVBF412/DB505R-2B (ID: 3009)
  ❌ Failed: page.goto: Target page, context or browser has been closed
[766/843] Fixing PDFs for SKU: CS302DT3#W (ID: 5647)
  ❌ Failed: page.goto: Target page, context or browser has been closed
[767/843] Fixing PDFs for SKU: CS302DE2#W (ID: 5676)
  ❌ Failed: page.goto: Target page, context or browser has been closed
[768/843] Fixing PDFs for SKU: LT647CS#XW (ID: 921)
  ❌ Failed: page.goto: Target page, context or browser has been closed
[769/843] Fixing PDFs for SKU: CS945DNT2#XW (ID: 685)
  ❌ Failed: page.goto: Target page, context or browser has been closed
[770/843] Fixing PDFs for SKU: CW822REA#W/TCF4911EZ#NW1/WH172AAT/TCA464/MB170P#SS (ID: 5701)
  ❌ Failed: page.goto: Target page, context or browser has been closed
[771/843] Fixing PDFs for SKU: TLG04307V (ID: 599)
  ❌ Failed: page.goto: Target page, context or browser has been closed
[772/843] Fixing PDFs for SKU: TCF23460AAA#NW1 (ID: 1298)
  ❌ Failed: page.goto: Target page, context or browser has been closed
[773/843] Fixing PDFs for SKU: MS855DW16#XW (ID: 5627)
  ❌ Failed: page.goto: Target page, context or browser has been closed
[774/843] Fixing PDFs for SKU: PPYB1610RHPTE#S/TVBF412 (ID: 1613)
  ❌ Failed: page.goto: Target page, context or browser has been closed
[775/843] Fixing PDFs for SKU: CS986GE2#XW (ID: 715)
  ❌ Failed: page.goto: Target page, context or browser has been closed
[776/843] Fixing PDFs for SKU: CW522A#NW1/TC512A/WH172A/MB171M#SS (ID: 752)
  ❌ Failed: page.goto: Target page, context or browser has been closed
[777/843] Fixing PDFs for SKU: CW162#XW/TC384CVK#W/WH172A/MB176G#WH (ID: 5611)
  ❌ Failed: page.goto: Target page, context or browser has been closed
[778/843] Fixing PDFs for SKU: TBN01102B (ID: 1657)
  ❌ Failed: page.goto: Target page, context or browser has been closed
[779/843] Fixing PDFs for SKU: CS735DE2#XW (ID: 1267)
  ❌ Failed: page.goto: Target page, context or browser has been closed
[780/843] Fixing PDFs for SKU: CS735DE4#XW (ID: 1268)
  ❌ Failed: page.goto: Target page, context or browser has been closed
[781/843] Fixing PDFs for SKU: TBW160N0A (ID: 4688)
  ❌ Failed: page.goto: Target page, context or browser has been closed
[782/843] Fixing PDFs for SKU: TBS04302V/TBW02006A (ID: 624)
  ❌ Failed: page.goto: Target page, context or browser has been closed
[783/843] Fixing PDFs for SKU: CS735DT8#XW (ID: 5535)
  ❌ Failed: page.goto: Target page, context or browser has been closed
[784/843] Fixing PDFs for SKU: MS887RW14#XW (ID: 5573)
  ❌ Failed: page.goto: Target page, context or browser has been closed
[785/843] Fixing PDFs for SKU: CS948DT8#XW (ID: 5559)
  ❌ Failed: page.goto: Target page, context or browser has been closed
[786/843] Fixing PDFs for SKU: CS948DW14#XW (ID: 5578)
  ❌ Failed: page.goto: Target page, context or browser has been closed
[787/843] Fixing PDFs for SKU: CS948DW11#XW (ID: 5852)
  ❌ Failed: page.goto: Target page, context or browser has been closed
[788/843] Fixing PDFs for SKU: PAY1525VC#W (ID: 3005)
  ❌ Failed: page.goto: Target page, context or browser has been closed
[789/843] Fixing PDFs for SKU: CW553#XW/TCF34320GAA#NW1/WH172A/MB174P#SS (ID: 5735)
  ❌ Failed: page.goto: Target page, context or browser has been closed
[790/843] Fixing PDFs for SKU: CW553C#XW/TCF34570GAA#NW1/WH172AAT/TCA502/MB171M#SS (ID: 5762)
  ❌ Failed: page.goto: Target page, context or browser has been closed
[791/843] Fixing PDFs for SKU: TCF4911EZ#NW1 (ID: 1291)
  ❌ Failed: page.goto: Target page, context or browser has been closed
[792/843] Fixing PDFs for SKU: CS948DT2#XW (ID: 5560)
  ❌ Failed: page.goto: Target page, context or browser has been closed
[793/843] Fixing PDFs for SKU: TX721AN (ID: 2161)
  ❌ Failed: page.goto: Target page, context or browser has been closed
[794/843] Fixing PDFs for SKU: CW812REA#W/TCF47360GAA#NW1/WH172AT/TCA465/MB174P#SS (ID: 5746)
  ❌ Failed: page.goto: Target page, context or browser has been closed
[795/843] Fixing PDFs for SKU: PAY1715VC#W (ID: 2997)
  ❌ Failed: page.goto: Target page, context or browser has been closed
[796/843] Fixing PDFs for SKU: PAY1515HVC#W (ID: 3001)
  ❌ Failed: page.goto: Target page, context or browser has been closed
[797/843] Fixing PDFs for SKU: TLE29002A/TLE04502A1/TLN01102A (ID: 3651)
  ❌ Failed: page.goto: Target page, context or browser has been closed
[798/843] Fixing PDFs for SKU: PAY1510V#W (ID: 3012)
  ❌ Failed: page.goto: Target page, context or browser has been closed
[799/843] Fixing PDFs for SKU: LW896JW/F#ASB (ID: 5987)
  ❌ Failed: page.goto: Target page, context or browser has been closed
[800/843] Fixing PDFs for SKU: TBW07018A (ID: 2162)
  ❌ Failed: page.goto: Target page, context or browser has been closed
[801/843] Fixing PDFs for SKU: CS769DRT8#XW (ID: 5540)
  ❌ Failed: page.goto: Target page, context or browser has been closed
[802/843] Fixing PDFs for SKU: CS769DRW14#XW (ID: 5583)
  ❌ Failed: page.goto: Target page, context or browser has been closed
[803/843] Fixing PDFs for SKU: LT4706#MBL (ID: 6005)
  ❌ Failed: page.goto: Target page, context or browser has been closed
[804/843] Fixing PDFs for SKU: CS769DRW18#XW (ID: 5691)
  ❌ Failed: page.goto: Target page, context or browser has been closed
[805/843] Fixing PDFs for SKU: CS769DRW24#XW (ID: 5790)
  ❌ Failed: page.goto: Target page, context or browser has been closed
[806/843] Fixing PDFs for SKU: CS769DRW25#XW (ID: 5809)
  ❌ Failed: page.goto: Target page, context or browser has been closed
[807/843] Fixing PDFs for SKU: PPY1543-4HPE#P/TVBF412/DB505R-2B (ID: 1785)
  ❌ Failed: page.goto: Target page, context or browser has been closed
[808/843] Fixing PDFs for SKU: MS857DT3#XW (ID: 5760)
  ❌ Failed: page.goto: Target page, context or browser has been closed
[809/843] Fixing PDFs for SKU: MS857CDW24#XW (ID: 5774)
  ❌ Failed: page.goto: Target page, context or browser has been closed
[810/843] Fixing PDFs for SKU: MS857DW25#XW (ID: 5813)
  ❌ Failed: page.goto: Target page, context or browser has been closed
[811/843] Fixing PDFs for SKU: L501C#W (ID: 220)
  ❌ Failed: page.goto: Target page, context or browser has been closed
[812/843] Fixing PDFs for SKU: PJS06WE#MW (ID: 6023)
  ❌ Failed: page.goto: Target page, context or browser has been closed
[813/843] Fixing PDFs for SKU: TX488SZ (ID: 1664)
  ❌ Failed: page.goto: Target page, context or browser has been closed
[814/843] Fixing PDFs for SKU: TBW01008A/TBW01016B/TBW01014B/TBG01303BA/TBN01001B (ID: 2122)
  ❌ Failed: page.goto: Target page, context or browser has been closed
[815/843] Fixing PDFs for SKU: CS900VT#NW1/T53P100VR (ID: 5607)
  ❌ Failed: page.goto: Target page, context or browser has been closed
[816/843] Fixing PDFs for SKU: UT447HR#W (ID: 661)
  ❌ Failed: page.goto: Target page, context or browser has been closed
[817/843] Fixing PDFs for SKU: TC385VS#W (ID: 1199)
  ❌ Failed: page.goto: Target page, context or browser has been closed
[818/843] Fixing PDFs for SKU: PPY1610HPTE#P (ID: 2819)
  ❌ Failed: page.goto: Target page, context or browser has been closed
[819/843] Fixing PDFs for SKU: LT4716G17#XW (ID: 5958)
  ❌ Failed: page.goto: Target page, context or browser has been closed
[820/843] Fixing PDFs for SKU: TBS02302V/DGH108ZR (ID: 615)
  ❌ Failed: page.goto: Target page, context or browser has been closed
[821/843] Fixing PDFs for SKU: TCF4911Z#NW1 (ID: 1204)
  ❌ Failed: page.goto: Target page, context or browser has been closed
[822/843] Fixing PDFs for SKU: TBW02006A (ID: 1229)
  ❌ Failed: page.goto: Target page, context or browser has been closed
[823/843] Fixing PDFs for SKU: TBS01302V/DGH104ZR (ID: 618)
  ❌ Failed: page.goto: Target page, context or browser has been closed
[824/843] Fixing PDFs for SKU: TBS01302V/TBW01010A (ID: 625)
  ❌ Failed: page.goto: Target page, context or browser has been closed
[825/843] Fixing PDFs for SKU: TBV03431V/TBW02017A (ID: 2763)
  ❌ Failed: page.goto: Target page, context or browser has been closed
[826/843] Fixing PDFs for SKU: TBS02302V/TBW01008A (ID: 1646)
  ❌ Failed: page.goto: Target page, context or browser has been closed
[827/843] Fixing PDFs for SKU: TBS04304B (ID: 1652)
  ❌ Failed: page.goto: Target page, context or browser has been closed
[828/843] Fixing PDFs for SKU: TBW02003A#PFG (ID: 1653)
  ❌ Failed: page.goto: Target page, context or browser has been closed
[829/843] Fixing PDFs for SKU: TBW07012A/TBW01016B/TBW01014B/TBV01407B/TBN01001B (ID: 2117)
  ❌ Failed: page.goto: Target page, context or browser has been closed
[830/843] Fixing PDFs for SKU: PAY1735VC#W (ID: 2998)
  ❌ Failed: page.goto: Target page, context or browser has been closed
[831/843] Fixing PDFs for SKU: TBW07011A (ID: 1236)
  ❌ Failed: page.goto: Target page, context or browser has been closed
[832/843] Fixing PDFs for SKU: TBW01010V (ID: 1242)
  ❌ Failed: page.goto: Target page, context or browser has been closed
[833/843] Fixing PDFs for SKU: TBW08009A (ID: 4684)
  ❌ Failed: page.goto: Target page, context or browser has been closed
[834/843] Fixing PDFs for SKU: PPYK1760ZLHPNE#P (ID: 1609)
  ❌ Failed: page.goto: Target page, context or browser has been closed
[835/843] Fixing PDFs for SKU: PPYK1760ZLPNE#P (ID: 1608)
  ❌ Failed: page.goto: Target page, context or browser has been closed
[836/843] Fixing PDFs for SKU: TBW01402AA (ID: 2379)
  ❌ Failed: page.goto: Target page, context or browser has been closed
[837/843] Fixing PDFs for SKU: TBV03427V/TBW02006A (ID: 2752)
  ❌ Failed: page.goto: Target page, context or browser has been closed
[838/843] Fixing PDFs for SKU: TBV03431V/TBW01010A (ID: 2762)
  ❌ Failed: page.goto: Target page, context or browser has been closed
[839/843] Fixing PDFs for SKU: PPY1610PTE#S (ID: 2821)
  ❌ Failed: page.goto: Target page, context or browser has been closed
[840/843] Fixing PDFs for SKU: PAY1300PE#W (ID: 1787)
  ❌ Failed: page.goto: Target page, context or browser has been closed
[841/843] Fixing PDFs for SKU: PPY1353-3HPE#P (ID: 1789)
  ❌ Failed: page.goto: Target page, context or browser has been closed
[842/843] Fixing PDFs for SKU: TBG11303V/TBN01001B/TBW01016B/TBW01014B/TBW01010V (ID: 2112)
  ❌ Failed: page.goto: Target page, context or browser has been closed
[843/843] Fixing PDFs for SKU: TBW08004A (ID: 2514)
  ❌ Failed: page.goto: Target page, context or browser has been closed

--- PDF FIX COMPLETE ---
